<?xml version="1.0"?>
<testsuites>
  <testsuite name="PhantomJS 1.9.8 (Windows 7)" package="" timestamp="2015-07-08T20:19:53" id="0" hostname="RenanCesar-PC" tests="1095" errors="0" failures="2" time="61.27">
    <properties>
      <property name="browser.fullName" value="Mozilla/5.0 (Windows NT 6.1; WOW64) AppleWebKit/534.34 (KHTML, like Gecko) PhantomJS/1.9.8 Safari/534.34"/>
    </properties>
    <testcase name="does not change final date when initial date is set to an earlier date" time="0.021" classname="PhantomJS 1.9.8 (Windows 7).date-range"/>
    <testcase name="does not change initial date when final date is set to a later date" time="0" classname="PhantomJS 1.9.8 (Windows 7).date-range"/>
    <testcase name="changes final date to same value as initial date when a later initial date is selected" time="0" classname="PhantomJS 1.9.8 (Windows 7).date-range"/>
    <testcase name="changes initial date to same value as final date when an earlier final date is selected" time="0" classname="PhantomJS 1.9.8 (Windows 7).date-range"/>
    <testcase name="limits value by the &quot;min&quot; attribute" time="0.001" classname="PhantomJS 1.9.8 (Windows 7).date-range"/>
    <testcase name="limits value by the &quot;max&quot; attribute" time="0" classname="PhantomJS 1.9.8 (Windows 7).date-range"/>
    <testcase name="sets the values in the object passed to the &quot;ng-model&quot; attribute" time="0" classname="PhantomJS 1.9.8 (Windows 7).date-range"/>
    <testcase name="initializes with values in the object passed to the &quot;ng-model&quot;" time="0" classname="PhantomJS 1.9.8 (Windows 7).date-range"/>
    <testcase name="renders two date input fields" time="0" classname="PhantomJS 1.9.8 (Windows 7).date-range"/>
    <testcase name="disables initial date field when its value is set to &quot;-1&quot;" time="0" classname="PhantomJS 1.9.8 (Windows 7).date-range"/>
    <testcase name="disables final date field when its value is set to &quot;-1&quot;" time="0" classname="PhantomJS 1.9.8 (Windows 7).date-range"/>
    <testcase name="changeToDeposit should call the changeState for the selected checks" time="0.224" classname="PhantomJS 1.9.8 (Windows 7).Controller: receivable-check"/>
    <testcase name="changeToDeposit should call the changeState for the selected checks, but fail" time="0.132" classname="PhantomJS 1.9.8 (Windows 7).Controller: receivable-check"/>
    <testcase name="expect watcher to set the proper values for selected = toDeposit" time="0.079" classname="PhantomJS 1.9.8 (Windows 7).Controller: receivable-check-watchers"/>
    <testcase name="expect watcher to set the proper values for selected = deposited" time="0.1" classname="PhantomJS 1.9.8 (Windows 7).Controller: receivable-check-watchers"/>
    <testcase name="expect watcher to set the proper values for selected = moneyReceived" time="0.1" classname="PhantomJS 1.9.8 (Windows 7).Controller: receivable-check-watchers"/>
    <testcase name="expect watcher to set the proper values for selected = returned" time="0.061" classname="PhantomJS 1.9.8 (Windows 7).Controller: receivable-check-watchers"/>
    <testcase name="expect watcher to set the proper values for selected = all" time="0.079" classname="PhantomJS 1.9.8 (Windows 7).Controller: receivable-check-watchers"/>
    <testcase name="expect watcher to set the proper values for allChecks = true" time="0.078" classname="PhantomJS 1.9.8 (Windows 7).Controller: receivable-check-watchers"/>
    <testcase name="expect watcher to call the filters" time="0.088" classname="PhantomJS 1.9.8 (Windows 7).Controller: receivable-check-watchers"/>
    <testcase name="expect watcher to call the filters" time="0.113" classname="PhantomJS 1.9.8 (Windows 7).Controller: receivable-check-watchers"/>
    <testcase name="should load the emails" time="0.006" classname="PhantomJS 1.9.8 (Windows 7).Controller: AddCustomerEmailsDialogCtrl"/>
    <testcase name="should add email" time="0.006" classname="PhantomJS 1.9.8 (Windows 7).Controller: AddCustomerEmailsDialogCtrl"/>
    <testcase name="shouldn&apos;t add email" time="0.004" classname="PhantomJS 1.9.8 (Windows 7).Controller: AddCustomerEmailsDialogCtrl"/>
    <testcase name="shouldn&apos;t add email" time="0.003" classname="PhantomJS 1.9.8 (Windows 7).Controller: AddCustomerEmailsDialogCtrl"/>
    <testcase name="should move email address up" time="0.002" classname="PhantomJS 1.9.8 (Windows 7).Controller: AddCustomerEmailsDialogCtrl"/>
    <testcase name="should move email address down down" time="0.003" classname="PhantomJS 1.9.8 (Windows 7).Controller: AddCustomerEmailsDialogCtrl"/>
    <testcase name="should remove email" time="0.003" classname="PhantomJS 1.9.8 (Windows 7).Controller: AddCustomerEmailsDialogCtrl"/>
    <testcase name="should cancel add emails" time="0.002" classname="PhantomJS 1.9.8 (Windows 7).Controller: AddCustomerEmailsDialogCtrl"/>
    <testcase name="should confirm add emails" time="0.004" classname="PhantomJS 1.9.8 (Windows 7).Controller: AddCustomerEmailsDialogCtrl"/>
    <testcase name="should enable the *salvar* button" time="0.009" classname="PhantomJS 1.9.8 (Windows 7).Controller: AddCustomerEmailsDialogCtrl"/>
    <testcase name="should enable the *salvar* button" time="0.003" classname="PhantomJS 1.9.8 (Windows 7).Controller: AddCustomerEmailsDialogCtrl"/>
    <testcase name="shouldn&apos;t enable the *salvar* button" time="0.004" classname="PhantomJS 1.9.8 (Windows 7).Controller: AddCustomerEmailsDialogCtrl"/>
    <testcase name="shouldn&apos;t enable the *salvar* button" time="0.003" classname="PhantomJS 1.9.8 (Windows 7).Controller: AddCustomerEmailsDialogCtrl"/>
    <testcase name="should load the phoneTypes" time="0.004" classname="PhantomJS 1.9.8 (Windows 7).Controller: AddCustomerPhonesDialogCtrl"/>
    <testcase name="should load the phones" time="0.019" classname="PhantomJS 1.9.8 (Windows 7).Controller: AddCustomerPhonesDialogCtrl"/>
    <testcase name="should add phone" time="0.003" classname="PhantomJS 1.9.8 (Windows 7).Controller: AddCustomerPhonesDialogCtrl"/>
    <testcase name="shouldn&apos;t add phone" time="0.004" classname="PhantomJS 1.9.8 (Windows 7).Controller: AddCustomerPhonesDialogCtrl"/>
    <testcase name="shouldn&apos;t add phone" time="0.016" classname="PhantomJS 1.9.8 (Windows 7).Controller: AddCustomerPhonesDialogCtrl"/>
    <testcase name="should move phone number up" time="0.003" classname="PhantomJS 1.9.8 (Windows 7).Controller: AddCustomerPhonesDialogCtrl"/>
    <testcase name="should move phone down down" time="0.002" classname="PhantomJS 1.9.8 (Windows 7).Controller: AddCustomerPhonesDialogCtrl"/>
    <testcase name="should remove phone" time="0.003" classname="PhantomJS 1.9.8 (Windows 7).Controller: AddCustomerPhonesDialogCtrl"/>
    <testcase name="should cancel add phones" time="0.002" classname="PhantomJS 1.9.8 (Windows 7).Controller: AddCustomerPhonesDialogCtrl"/>
    <testcase name="should confirm add phones" time="0.003" classname="PhantomJS 1.9.8 (Windows 7).Controller: AddCustomerPhonesDialogCtrl"/>
    <testcase name="should enable the *salvar* button, 10 characters number, empty list" time="0.002" classname="PhantomJS 1.9.8 (Windows 7).Controller: AddCustomerPhonesDialogCtrl"/>
    <testcase name="should enable the *salvar* button, 10 characters number, already populated list" time="0.004" classname="PhantomJS 1.9.8 (Windows 7).Controller: AddCustomerPhonesDialogCtrl"/>
    <testcase name="should enable the *salvar* button, 11 characters number" time="0.002" classname="PhantomJS 1.9.8 (Windows 7).Controller: AddCustomerPhonesDialogCtrl"/>
    <testcase name="should enable the *salvar* button, empty input, list with at least one phone " time="0.003" classname="PhantomJS 1.9.8 (Windows 7).Controller: AddCustomerPhonesDialogCtrl"/>
    <testcase name="shouldn&apos;t enable the *salvar* button, phones list &gt; 0, input with invalid number" time="0.002" classname="PhantomJS 1.9.8 (Windows 7).Controller: AddCustomerPhonesDialogCtrl"/>
    <testcase name="should have days and months filled" time="0.016" classname="PhantomJS 1.9.8 (Windows 7).Controller: AddCustomerCtrl"/>
    <testcase name="should have states filled" time="0.003" classname="PhantomJS 1.9.8 (Windows 7).Controller: AddCustomerCtrl"/>
    <testcase name="should add a customer" time="0.016" classname="PhantomJS 1.9.8 (Windows 7).Controller: AddCustomerCtrl"/>
    <testcase name="shouldn&apos;t add a customer" time="0.005" classname="PhantomJS 1.9.8 (Windows 7).Controller: AddCustomerCtrl"/>
    <testcase name="should cancel add a customer" time="0.005" classname="PhantomJS 1.9.8 (Windows 7).Controller: AddCustomerCtrl"/>
    <testcase name="should validate the cpf" time="0.003" classname="PhantomJS 1.9.8 (Windows 7).Controller: AddCustomerCtrl"/>
    <testcase name="shouldn&apos;t try to validate the cpf" time="0.004" classname="PhantomJS 1.9.8 (Windows 7).Controller: AddCustomerCtrl"/>
    <testcase name="shouldn&apos;t validate the cpf" time="0.006" classname="PhantomJS 1.9.8 (Windows 7).Controller: AddCustomerCtrl"/>
    <testcase name="should get the CEP" time="0.015" classname="PhantomJS 1.9.8 (Windows 7).Controller: AddCustomerCtrl"/>
    <testcase name="should have days filled" time="0.079" classname="PhantomJS 1.9.8 (Windows 7).Controller: CardConfigCtrl"/>
    <testcase name="should validate ccDaysToExpire" time="0.075" classname="PhantomJS 1.9.8 (Windows 7).Controller: CardConfigCtrl"/>
    <testcase name="should validate ccOpRate1Installment" time="0.143" classname="PhantomJS 1.9.8 (Windows 7).Controller: CardConfigCtrl"/>
    <testcase name="should validate ccOpRate26Installment" time="0.081" classname="PhantomJS 1.9.8 (Windows 7).Controller: CardConfigCtrl"/>
    <testcase name="should validate ccOpRate712Installment" time="0.139" classname="PhantomJS 1.9.8 (Windows 7).Controller: CardConfigCtrl"/>
    <testcase name="should validate dcDaysToExpire" time="0.147" classname="PhantomJS 1.9.8 (Windows 7).Controller: CardConfigCtrl"/>
    <testcase name="should validate dcOpRate" time="0.218" classname="PhantomJS 1.9.8 (Windows 7).Controller: CardConfigCtrl"/>
    <testcase name="should validate ccClosingDate" time="0.209" classname="PhantomJS 1.9.8 (Windows 7).Controller: CardConfigCtrl"/>
    <testcase name="should validate ccExpirationDate" time="0.171" classname="PhantomJS 1.9.8 (Windows 7).Controller: CardConfigCtrl"/>
    <testcase name="should validate cardConfig" time="0.228" classname="PhantomJS 1.9.8 (Windows 7).Controller: CardConfigCtrl"/>
    <testcase name="should not add card config" time="0.181" classname="PhantomJS 1.9.8 (Windows 7).Controller: CardConfigCtrl"/>
    <testcase name="should add card config" time="0.1" classname="PhantomJS 1.9.8 (Windows 7).Controller: CardConfigCtrl"/>
    <testcase name="should not update card config" time="0.14" classname="PhantomJS 1.9.8 (Windows 7).Controller: CardConfigCtrl"/>
    <testcase name="should add update config" time="0.143" classname="PhantomJS 1.9.8 (Windows 7).Controller: CardConfigCtrl"/>
    <testcase name="is accessible" time="0.003" classname="PhantomJS 1.9.8 (Windows 7).ChangePassDialogCtrl $scope_changePassword()"/>
    <testcase name="is a function" time="0.001" classname="PhantomJS 1.9.8 (Windows 7).ChangePassDialogCtrl $scope_changePassword()"/>
    <testcase name="does NOT change the password if the form is not valid" time="0.001" classname="PhantomJS 1.9.8 (Windows 7).ChangePassDialogCtrl $scope_changePassword()"/>
    <testcase name="shows a message if the form is not valid" time="0.002" classname="PhantomJS 1.9.8 (Windows 7).ChangePassDialogCtrl $scope_changePassword()"/>
    <testcase name="tries to change the password if the form is valid" time="0.002" classname="PhantomJS 1.9.8 (Windows 7).ChangePassDialogCtrl $scope_changePassword()"/>
    <testcase name="passes the right data to the change password function" time="0.002" classname="PhantomJS 1.9.8 (Windows 7).ChangePassDialogCtrl $scope_changePassword()"/>
    <testcase name="shows a message if the password was successfully changed" time="0.012" classname="PhantomJS 1.9.8 (Windows 7).ChangePassDialogCtrl $scope_changePassword()"/>
    <testcase name="shows PROPER proper message if the wrong password is passed" time="0.013" classname="PhantomJS 1.9.8 (Windows 7).ChangePassDialogCtrl $scope_changePassword() error message handling"/>
    <testcase name="shows PROPER proper message if not connected to Firebase" time="0.013" classname="PhantomJS 1.9.8 (Windows 7).ChangePassDialogCtrl $scope_changePassword() error message handling"/>
    <testcase name="shows PROPER proper message if password is not safe enough" time="0.013" classname="PhantomJS 1.9.8 (Windows 7).ChangePassDialogCtrl $scope_changePassword() error message handling"/>
    <testcase name="shouldn&apos;t have a customer selected" time="0.146" classname="PhantomJS 1.9.8 (Windows 7).Controller: ChooseCustomerDialogCtrl"/>
    <testcase name="should close the dialog without select a customer" time="0.158" classname="PhantomJS 1.9.8 (Windows 7).Controller: ChooseCustomerDialogCtrl"/>
    <testcase name="should pass the customer id to dialog.close()" time="0.2" classname="PhantomJS 1.9.8 (Windows 7).Controller: ChooseCustomerDialogCtrl"/>
    <testcase name="should close the dialog and redirect to new customer" time="0.166" classname="PhantomJS 1.9.8 (Windows 7).Controller: ChooseCustomerDialogCtrl"/>
    <testcase name="should redirect to payment" time="0.129" classname="PhantomJS 1.9.8 (Windows 7).Controller: HeaderCtrl"/>
    <testcase name="should open choose customer dialog" time="0.134" classname="PhantomJS 1.9.8 (Windows 7).Controller: HeaderCtrl"/>
    <testcase name="sets the customerID from choose customer dialog" time="0.14" classname="PhantomJS 1.9.8 (Windows 7).Controller: HeaderCtrl"/>
    <testcase name="should warn about no product" time="0.251" classname="PhantomJS 1.9.8 (Windows 7).Controller: HeaderCtrl"/>
    <testcase name="controller is accessible." time="0.176" classname="PhantomJS 1.9.8 (Windows 7).Controller:HeaderCtrl When create controller_"/>
    <testcase name="should redirect to login page when UserService logout properly." time="0.183" classname="PhantomJS 1.9.8 (Windows 7).Controller:HeaderCtrl When logout is trigger"/>
    <testcase name="should redirect to login page when UserServcice can&apos;t logout" time="0.134" classname="PhantomJS 1.9.8 (Windows 7).Controller:HeaderCtrl When logout is trigger"/>
    <testcase name="controller is accessible" time="0.198" classname="PhantomJS 1.9.8 (Windows 7).Controller : LoginCtrl When create controller"/>
    <testcase name="should redirect to mainPage when UserServcice accept credentials" time="0.155" classname="PhantomJS 1.9.8 (Windows 7).Controller : LoginCtrl When login is triggered"/>
    <testcase name="should show messageDialog when UserServcice denied credentials" time="0.121" classname="PhantomJS 1.9.8 (Windows 7).Controller : LoginCtrl When login is triggered"/>
    <testcase name="should consolidate orders by clients." time="0.196" classname="PhantomJS 1.9.8 (Windows 7).Controller: order-list-clients"/>
    <testcase name="should consolidate orders by clients." time="0.192" classname="PhantomJS 1.9.8 (Windows 7).Controller: order-list-products"/>
    <testcase name="should verify if user is logged in" time="0.138" classname="PhantomJS 1.9.8 (Windows 7).Controller: order-list When instantiate controller"/>
    <testcase name="should instantiate dateFilter properly" time="0.159" classname="PhantomJS 1.9.8 (Windows 7).Controller: order-list When instantiate controller"/>
    <testcase name="should have 4 orders in the list" time="0.159" classname="PhantomJS 1.9.8 (Windows 7).Controller: order-list When instantiate controller"/>
    <testcase name="should reset recevaibles total by type" time="0.106" classname="PhantomJS 1.9.8 (Windows 7).Controller: order-list When resetPaymentsTotal and resetOrdersTotal is triggered"/>
    <testcase name="should reset order totals" time="0.072" classname="PhantomJS 1.9.8 (Windows 7).Controller: order-list When resetPaymentsTotal and resetOrdersTotal is triggered"/>
    <testcase name="should updateReceivablesTotal calculate properly the receivables by type" time="0.078" classname="PhantomJS 1.9.8 (Windows 7).Controller: order-list When resetPaymentsTotal and resetOrdersTotal is triggered"/>
    <testcase name="should updateReceivablesTotal calculate properly the receivable by type" time="0.088" classname="PhantomJS 1.9.8 (Windows 7).Controller: order-list When resetPaymentsTotal and resetOrdersTotal is triggered"/>
    <testcase name="should calculate properly the orders totals" time="0.219" classname="PhantomJS 1.9.8 (Windows 7).Controller: order-list When resetPaymentsTotal and resetOrdersTotal is triggered"/>
    <testcase name="should argument properly order with itemsQty, avgPrice, amountTotal, avgOrder" time="0.066" classname="PhantomJS 1.9.8 (Windows 7).Controller: order-list When resetPaymentsTotal and resetOrdersTotal is triggered"/>
    <testcase name="should filter orders by date" time="0.291" classname="PhantomJS 1.9.8 (Windows 7).Controller: order-list When resetPaymentsTotal and resetOrdersTotal is triggered When date filter change"/>
    <testcase name="should add a check payment" time="0.065" classname="PhantomJS 1.9.8 (Windows 7).Controller: PaymentCheckCtrlAdd"/>
    <testcase name="should add a check payment with installments" time="0.064" classname="PhantomJS 1.9.8 (Windows 7).Controller: PaymentCheckCtrlAdd"/>
    <testcase name="shouldn&apos;t add a check payment with invalid form" time="0.068" classname="PhantomJS 1.9.8 (Windows 7).Controller: PaymentCheckCtrlAdd"/>
    <testcase name="shouldn&apos;t add a repeated check payment" time="0.198" classname="PhantomJS 1.9.8 (Windows 7).Controller: PaymentCheckCtrlAdd"/>
    <testcase name="shouldn&apos;t add a check with amount 0" time="0.143" classname="PhantomJS 1.9.8 (Windows 7).Controller: PaymentCheckCtrlAdd"/>
    <testcase name="should confirm the payments" time="0.005" classname="PhantomJS 1.9.8 (Windows 7).Controller: PaymentCheckCtrlConfirmChecks"/>
    <testcase name="should remove a check payment" time="0.186" classname="PhantomJS 1.9.8 (Windows 7).Controller: PaymentCheckCtrlRemove"/>
    <testcase name="Should calculate totals - qty=5 " time="0.102" classname="PhantomJS 1.9.8 (Windows 7).Controller: PaymentCouponCtrl"/>
    <testcase name="Should calculate totals - qty=23. " time="0.074" classname="PhantomJS 1.9.8 (Windows 7).Controller: PaymentCouponCtrl"/>
    <testcase name="should load coupons quantities from PaymentService.persistedCoupons" time="0.119" classname="PhantomJS 1.9.8 (Windows 7).Controller: PaymentCouponCtrl"/>
    <testcase name="persists coupons in PaymentService" time="0.202" classname="PhantomJS 1.9.8 (Windows 7).Controller: PaymentCouponCtrl confirmCoupons()"/>
    <testcase name="should not create any coupon " time="0.123" classname="PhantomJS 1.9.8 (Windows 7).Controller: PaymentCouponCtrl"/>
    <testcase name="should not populate the item list of the order service with a voucher if the list does contains a voucher" time="0.098" classname="PhantomJS 1.9.8 (Windows 7).Controller: PaymentCouponCtrl"/>
    <testcase name="should  populate the item list of the order service with a voucher if the list does not contains a voucher" time="0.11" classname="PhantomJS 1.9.8 (Windows 7).Controller: PaymentCouponCtrl"/>
    <testcase name="should populate the item list of the order service with a giftcard" time="0.121" classname="PhantomJS 1.9.8 (Windows 7).Controller: PaymentCouponCtrl"/>
    <testcase name="should not allow to confirm if the voucher value is zero" time="0.148" classname="PhantomJS 1.9.8 (Windows 7).Controller: PaymentCouponCtrl"/>
    <testcase name="allows to remove an existing voucher by setting the value to 0" time="0.174" classname="PhantomJS 1.9.8 (Windows 7).Controller: PaymentCouponCtrl"/>
    <testcase name="should allow to confirm if the voucher value is different than zero" time="0.11" classname="PhantomJS 1.9.8 (Windows 7).Controller: PaymentCouponCtrl"/>
    <testcase name="should allow to confirm if the voucher value is almost zero" time="0.111" classname="PhantomJS 1.9.8 (Windows 7).Controller: PaymentCouponCtrl"/>
    <testcase name="should allow to confirm if the gift value is different than zero and customer is defined" time="0.131" classname="PhantomJS 1.9.8 (Windows 7).Controller: PaymentCouponCtrl"/>
    <testcase name="should not allow to confirm if the gift value is zero" time="0.149" classname="PhantomJS 1.9.8 (Windows 7).Controller: PaymentCouponCtrl"/>
    <testcase name="should not allow to confirm if the gift customer name is not defined" time="0.878" classname="PhantomJS 1.9.8 (Windows 7).Controller: PaymentCouponCtrl"/>
    <testcase name="allows to confirm if total value of coupons is 0 and there are persisted coupons" time="0.151" classname="PhantomJS 1.9.8 (Windows 7).Controller: PaymentCouponCtrl"/>
    <testcase name="should not allow to confirm if the total value of coupons is equals or less than zero" time="0.168" classname="PhantomJS 1.9.8 (Windows 7).Controller: PaymentCouponCtrl"/>
    <testcase name="should allow to confirm if the total value of coupons is greater than zero" time="0.123" classname="PhantomJS 1.9.8 (Windows 7).Controller: PaymentCouponCtrl"/>
    <testcase name="should populate the item list of the order service with a voucher" time="0.153" classname="PhantomJS 1.9.8 (Windows 7).Controller: PaymentCouponCtrl"/>
    <testcase name="should add a credit card payment" time="0.12" classname="PhantomJS 1.9.8 (Windows 7).Controller: PaymentCreditCardCtrl"/>
    <testcase name="shouldn&apos;t add a credit card payment with invalid form" time="0.168" classname="PhantomJS 1.9.8 (Windows 7).Controller: PaymentCreditCardCtrl"/>
    <testcase name="is 0 if change is positive" time="0.068" classname="PhantomJS 1.9.8 (Windows 7).Controller: PaymentCreditCardCtrl initial amount value"/>
    <testcase name="is the absolute value of change if change is negative" time="0.13" classname="PhantomJS 1.9.8 (Windows 7).Controller: PaymentCreditCardCtrl initial amount value"/>
    <testcase name="is 0 if change is falsy" time="0.091" classname="PhantomJS 1.9.8 (Windows 7).Controller: PaymentCreditCardCtrl initial amount value"/>
    <testcase name="should add exchanges to payment exchanges" time="0.101" classname="PhantomJS 1.9.8 (Windows 7).Controller: PaymentExchangeCtrlConfirm"/>
    <testcase name="should clear old exchanges before add confirmed exchanges" time="0.075" classname="PhantomJS 1.9.8 (Windows 7).Controller: PaymentExchangeCtrlConfirm"/>
    <testcase name="should add an exchange to the list" time="0.278" classname="PhantomJS 1.9.8 (Windows 7).Controller: PaymentExchangeCtrl"/>
    <testcase name="should increment the index when add a value to the exchanges list" time="0.103" classname="PhantomJS 1.9.8 (Windows 7).Controller: PaymentExchangeCtrl"/>
    <testcase name="should add a correct value to the exchanges list" time="0.075" classname="PhantomJS 1.9.8 (Windows 7).Controller: PaymentExchangeCtrl"/>
    <testcase name="should call OnCuffPaymentService.buildInstallments" time="0.005" classname="PhantomJS 1.9.8 (Windows 7).Controller: PaymentOnCuffCtrlBuildInstallmentsSpec
 Given a controller execution context
 and a valid onCuffRef object 
 When buildInstallments is called
 Then"/>
    <testcase name="should call OnCuffPaymentService.buildInstallments" time="0.005" classname="PhantomJS 1.9.8 (Windows 7).Controller: PaymentOnCuffCtrlConfirmSpec
 Given a controller execution context
 and a valid newVal different to the oldVal 
 When duedateWatcherCallback is called
 Then"/>
    <testcase name="should update onCuff.installments" time="0.003" classname="PhantomJS 1.9.8 (Windows 7).Controller: PaymentOnCuffCtrlConfirmSpec
 Given a controller execution context
 and a valid newVal different to the oldVal 
 When duedateWatcherCallback is called
 Then"/>
    <testcase name="should call OnCuffPaymentService.buildInstallments" time="0.004" classname="PhantomJS 1.9.8 (Windows 7).Controller: PaymentOnCuffCtrlDuedateWatcherCallBackSpec
 Given a controller execution context
 and a valid newVal different to the oldVal 
 When duedateWatcherCallback is called
 Then"/>
    <testcase name="should update onCuff.installments" time="0.004" classname="PhantomJS 1.9.8 (Windows 7).Controller: PaymentOnCuffCtrlDuedateWatcherCallBackSpec
 Given a controller execution context
 and a valid newVal different to the oldVal 
 When duedateWatcherCallback is called
 Then"/>
    <testcase name="shouldn&apos;t call PaymentOnCuffCtrl.buildInstallments" time="0.004" classname="PhantomJS 1.9.8 (Windows 7).Controller: PaymentOnCuffCtrlDuedateWatcherCallBackSpec
 Given a controller execution context
 and a valid newVal equal to the oldVal 
 When duedateWatcherCallback is called
 Then"/>
    <testcase name="should left onCuff.installments untouched" time="0.006" classname="PhantomJS 1.9.8 (Windows 7).Controller: PaymentOnCuffCtrlDuedateWatcherCallBackSpec
 Given a controller execution context
 and a valid newVal equal to the oldVal 
 When duedateWatcherCallback is called
 Then"/>
    <testcase name="shouldn&apos;t call PaymentOnCuffCtrl.buildInstallments" time="0.005" classname="PhantomJS 1.9.8 (Windows 7).Controller: PaymentOnCuffCtrlDuedateWatcherCallBackSpec
 Given a controller execution context
 and a invalid newVal 
 When duedateWatcherCallback is called
 Then"/>
    <testcase name="should left onCuff.installments untouched" time="0.004" classname="PhantomJS 1.9.8 (Windows 7).Controller: PaymentOnCuffCtrlDuedateWatcherCallBackSpec
 Given a controller execution context
 and a invalid newVal 
 When duedateWatcherCallback is called
 Then"/>
    <testcase name="should call OnCuffPaymentService.buildInstallments" time="0.005" classname="PhantomJS 1.9.8 (Windows 7).Controller: PaymentOnCuffCtrlNumberOfInstallmentsWatcherCallBackSpec
 Given a controller execution context
 and a valid newVal different to the oldVal 
 When numberOfInstallmentsWatcherCallback is called
 Then"/>
    <testcase name="should update onCuff.installments" time="0.025" classname="PhantomJS 1.9.8 (Windows 7).Controller: PaymentOnCuffCtrlNumberOfInstallmentsWatcherCallBackSpec
 Given a controller execution context
 and a valid newVal different to the oldVal 
 When numberOfInstallmentsWatcherCallback is called
 Then"/>
    <testcase name="shouldn&apos;t call PaymentOnCuffCtrl.buildInstallments" time="0.007" classname="PhantomJS 1.9.8 (Windows 7).Controller: PaymentOnCuffCtrlNumberOfInstallmentsWatcherCallBackSpec
 Given a controller execution context
 and a valid newVal equal to the oldVal 
 When numberOfInstallmentsWatcherCallback is called
 Then"/>
    <testcase name="should left onCuff.installments untouched" time="0.006" classname="PhantomJS 1.9.8 (Windows 7).Controller: PaymentOnCuffCtrlNumberOfInstallmentsWatcherCallBackSpec
 Given a controller execution context
 and a valid newVal equal to the oldVal 
 When numberOfInstallmentsWatcherCallback is called
 Then"/>
    <testcase name="should call OnCuffPaymentService.buildInstallments" time="0.006" classname="PhantomJS 1.9.8 (Windows 7).Controller: PaymentOnCuffCtrlRecalcSpec
 Given a controller execution context
 and a valid newVal different to the oldVal 
 When duedateWatcherCallback is called
 Then"/>
    <testcase name="should allow entrance" time="0.008" classname="PhantomJS 1.9.8 (Windows 7).Controller: PaymentOnCuffCtrlShoudOpenSpec
 Given a controller execution context
 and a scope inherited negative total_change 
 When the controller is instantiated 
 Then"/>
    <testcase name="should allow entrance" time="0.005" classname="PhantomJS 1.9.8 (Windows 7).Controller: PaymentOnCuffCtrlShoudOpenSpec
 Given a controller execution context
 and a scope inherited zero total_change 
 When the controller is instantiated 
 Then"/>
    <testcase name="shouldn&apos;t allow entrance" time="0.017" classname="PhantomJS 1.9.8 (Windows 7).Controller: PaymentOnCuffCtrlShoudOpenSpec
 Given a controller execution context
 and a scope inherited positive total_change 
 When the controller is instantiated 
 Then"/>
    <testcase name="should have shouldOpen function" time="0.006" classname="PhantomJS 1.9.8 (Windows 7).Controller: PaymentOnCuffCtrl
 Given a controller execution context
 When the controller is instantiated 
 Then"/>
    <testcase name="should have shouldOpen function" time="0.005" classname="PhantomJS 1.9.8 (Windows 7).Controller: PaymentOnCuffCtrl
 Given a controller execution context
 When the controller is instantiated 
 Then"/>
    <testcase name="should have numberOfInstallmentsWatcherCallback function" time="0.005" classname="PhantomJS 1.9.8 (Windows 7).Controller: PaymentOnCuffCtrl
 Given a controller execution context
 When the controller is instantiated 
 Then"/>
    <testcase name="should have duedateWatcherCallback function" time="0.005" classname="PhantomJS 1.9.8 (Windows 7).Controller: PaymentOnCuffCtrl
 Given a controller execution context
 When the controller is instantiated 
 Then"/>
    <testcase name="should have recalcInstallments function in scope" time="0.005" classname="PhantomJS 1.9.8 (Windows 7).Controller: PaymentOnCuffCtrl
 Given a controller execution context
 When the controller is instantiated 
 Then"/>
    <testcase name="should have confirmOnCuffPayment function in scope" time="0.004" classname="PhantomJS 1.9.8 (Windows 7).Controller: PaymentOnCuffCtrl
 Given a controller execution context
 When the controller is instantiated 
 Then"/>
    <testcase name="should have onCuff variable in scope" time="0.005" classname="PhantomJS 1.9.8 (Windows 7).Controller: PaymentOnCuffCtrl
 Given a controller execution context
 When the controller is instantiated 
 Then"/>
    <testcase name="should have TODAY variable in scope" time="0.005" classname="PhantomJS 1.9.8 (Windows 7).Controller: PaymentOnCuffCtrl
 Given a controller execution context
 When the controller is instantiated 
 Then"/>
    <testcase name="should have a watcher on onCuff.duedate" time="0.005" classname="PhantomJS 1.9.8 (Windows 7).Controller: PaymentOnCuffCtrl
 Given a controller execution context
 When the controller is instantiated 
 Then"/>
    <testcase name="should have a watcher on onCuff.duedate" time="0.003" classname="PhantomJS 1.9.8 (Windows 7).Controller: PaymentOnCuffCtrl
 Given a controller execution context
 When the controller is instantiated 
 Then"/>
    <testcase name="should initialize the receivable" time="0.107" classname="PhantomJS 1.9.8 (Windows 7).Controller: ReceivableCtrlAdd"/>
    <testcase name="should register a receivable" time="0.244" classname="PhantomJS 1.9.8 (Windows 7).Controller: ReceivableCtrlAdd"/>
    <testcase name="should generate installments" time="0.078" classname="PhantomJS 1.9.8 (Windows 7).Controller: ReceivableCtrlAdd"/>
    <testcase name="is a function" time="0.089" classname="PhantomJS 1.9.8 (Windows 7).Controller: ReceivableListCtrl ReceivableListCtrl_receivableDateFilter"/>
    <testcase name="returns true if receivable duedate is equal initial datetime" time="0.066" classname="PhantomJS 1.9.8 (Windows 7).Controller: ReceivableListCtrl ReceivableListCtrl_receivableDateFilter"/>
    <testcase name="returns true if receivable duedate is equal final datetime" time="0.086" classname="PhantomJS 1.9.8 (Windows 7).Controller: ReceivableListCtrl ReceivableListCtrl_receivableDateFilter"/>
    <testcase name="returns true if receivable duedate is greater than initial datetime and lower than final datetime" time="0.078" classname="PhantomJS 1.9.8 (Windows 7).Controller: ReceivableListCtrl ReceivableListCtrl_receivableDateFilter"/>
    <testcase name="returns false if receivable duedate is lower than initial datetime" time="0.112" classname="PhantomJS 1.9.8 (Windows 7).Controller: ReceivableListCtrl ReceivableListCtrl_receivableDateFilter"/>
    <testcase name="is set to current date on initialization" time="0.097" classname="PhantomJS 1.9.8 (Windows 7).Controller: ReceivableListCtrl filtering initial date"/>
    <testcase name="is always the latest" time="0.069" classname="PhantomJS 1.9.8 (Windows 7).Controller: ReceivableListCtrl filtering final date"/>
    <testcase name="is set to current date on initialization" time="0.077" classname="PhantomJS 1.9.8 (Windows 7).Controller: ReceivableListCtrl filtering final date"/>
    <testcase name="should isValid return true" time="0.076" classname="PhantomJS 1.9.8 (Windows 7).Controller: ReceivableReceiveCtrl"/>
    <testcase name="should isValid return false" time="0.201" classname="PhantomJS 1.9.8 (Windows 7).Controller: ReceivableReceiveCtrl"/>
    <testcase name="should valid if user is loggedIn" time="0.111" classname="PhantomJS 1.9.8 (Windows 7).Controller: ReceivableCtrl"/>
    <testcase name="should filter by entity" time="0.004" classname="PhantomJS 1.9.8 (Windows 7).Controller: voucher-active"/>
    <testcase name="should filter by type" time="0.023" classname="PhantomJS 1.9.8 (Windows 7).Controller: voucher-active"/>
    <testcase name="should filter by amount" time="0.003" classname="PhantomJS 1.9.8 (Windows 7).Controller: voucher-active"/>
    <testcase name="should filter by date" time="0.007" classname="PhantomJS 1.9.8 (Windows 7).Controller: voucher-active"/>
    <testcase name="should filter by entity" time="0.004" classname="PhantomJS 1.9.8 (Windows 7).Controller: voucher-historic"/>
    <testcase name="should filter by type" time="0.003" classname="PhantomJS 1.9.8 (Windows 7).Controller: voucher-historic"/>
    <testcase name="should filter by type" time="0.005" classname="PhantomJS 1.9.8 (Windows 7).Controller: voucher-historic"/>
    <testcase name="should filter by initial date" time="0.004" classname="PhantomJS 1.9.8 (Windows 7).Controller: voucher-historic"/>
    <testcase name="should filter by final date" time="0.004" classname="PhantomJS 1.9.8 (Windows 7).Controller: voucher-historic"/>
    <testcase name="should make a customer name compliant" time="0.016" classname="PhantomJS 1.9.8 (Windows 7).Directive: upperCase"/>
    <testcase name="should make a customer name compliant, even with numbers" time="0.003" classname="PhantomJS 1.9.8 (Windows 7).Directive: upperCase"/>
    <testcase name="should make lowerCase text" time="0.006" classname="PhantomJS 1.9.8 (Windows 7).Directive: lowerCase"/>
    <testcase name="Then should call the promise function" time="0.027" classname="PhantomJS 1.9.8 (Windows 7).Directive: promiseClick
 Given a button with promiseClick directive 
 and function that returns a promise is passed
 and has no ng-click
 When the button is clicked
"/>
    <testcase name="shouldn&apos;t log any warning" time="0.014" classname="PhantomJS 1.9.8 (Windows 7).Directive: promiseClick
 Given a button with promiseClick directive 
 and function that returns a promise is passed
 and has no ng-click
 When the button is clicked
"/>
    <testcase name="shouldn&apos;t log any error" time="0.024" classname="PhantomJS 1.9.8 (Windows 7).Directive: promiseClick
 Given a button with promiseClick directive 
 and function that returns a promise is passed
 and has no ng-click
 When the button is clicked
"/>
    <testcase name="Then should call the promise function" time="0.014" classname="PhantomJS 1.9.8 (Windows 7).Directive: promiseClick
 Given a button with promiseClick directive 
 and function that returns a promise is passed
 and has ng-click
 When the button is clicked
"/>
    <testcase name="should log warning" time="0.015" classname="PhantomJS 1.9.8 (Windows 7).Directive: promiseClick
 Given a button with promiseClick directive 
 and function that returns a promise is passed
 and has ng-click
 When the button is clicked
"/>
    <testcase name="shouldn&apos;t log any error" time="0.013" classname="PhantomJS 1.9.8 (Windows 7).Directive: promiseClick
 Given a button with promiseClick directive 
 and function that returns a promise is passed
 and has ng-click
 When the button is clicked
"/>
    <testcase name="Then should call the promise function" time="0.015" classname="PhantomJS 1.9.8 (Windows 7).Directive: promiseClick
 Given a button with promiseClick directive 
 and function that returns a promise is not passed
 and has ng-click
 When the button is clicked
"/>
    <testcase name="shouldn&apos;t log any warning" time="0.013" classname="PhantomJS 1.9.8 (Windows 7).Directive: promiseClick
 Given a button with promiseClick directive 
 and function that returns a promise is not passed
 and has ng-click
 When the button is clicked
"/>
    <testcase name="shouldn&apos;t log any error" time="0.022" classname="PhantomJS 1.9.8 (Windows 7).Directive: promiseClick
 Given a button with promiseClick directive 
 and function that returns a promise is not passed
 and has ng-click
 When the button is clicked
"/>
    <testcase name="Then should call the promise function" time="0.022" classname="PhantomJS 1.9.8 (Windows 7).Directive: promiseClick
 Given a button with promiseClick directive 
 and function that returns a promise is not passed
 and has no ng-click
 When the button is clicked
"/>
    <testcase name="shouldn&apos;t log any warning" time="0.015" classname="PhantomJS 1.9.8 (Windows 7).Directive: promiseClick
 Given a button with promiseClick directive 
 and function that returns a promise is not passed
 and has no ng-click
 When the button is clicked
"/>
    <testcase name="shouldn&apos;t log any error" time="0.014" classname="PhantomJS 1.9.8 (Windows 7).Directive: promiseClick
 Given a button with promiseClick directive 
 and function that returns a promise is not passed
 and has no ng-click
 When the button is clicked
"/>
    <testcase name="teste" time="0.007" classname="PhantomJS 1.9.8 (Windows 7).Directive: tntInput"/>
    <testcase name="should make upperCase text" time="0.005" classname="PhantomJS 1.9.8 (Windows 7).Directive: upperCase"/>
    <testcase name="should make an object with standard uuid into an human friendly code" time="0.002" classname="PhantomJS 1.9.8 (Windows 7).Filter: uuidCode"/>
    <testcase name="should make an object with standard uuid into an human friendly code" time="0.002" classname="PhantomJS 1.9.8 (Windows 7).Filter: uuidCode"/>
    <testcase name="should make an object with standard uuid into an human friendly code" time="0.003" classname="PhantomJS 1.9.8 (Windows 7).Filter: uuidCode"/>
    <testcase name="should do something" time="0.119" classname="PhantomJS 1.9.8 (Windows 7).Service: AppointmentKeeper"/>
    <testcase name="should create" time="0.377" classname="PhantomJS 1.9.8 (Windows 7).Service: AppointmentKeeperAddScenario"/>
    <testcase name="should not add" time="0.179" classname="PhantomJS 1.9.8 (Windows 7).Service: AppointmentKeeperAddScenario"/>
    <testcase name="should handle an add appointment appointment" time="0.003" classname="PhantomJS 1.9.8 (Windows 7).Service: AppointmentKeeper"/>
    <testcase name="should add an appoitment" time="0.003" classname="PhantomJS 1.9.8 (Windows 7).Service: AppointmentKeeper"/>
    <testcase name="return the correct appointment" time="0.11" classname="PhantomJS 1.9.8 (Windows 7).Service: AppointmentKeeperReadSpec"/>
    <testcase name="return null" time="0.103" classname="PhantomJS 1.9.8 (Windows 7).Service: AppointmentKeeperReadSpec"/>
    <testcase name="should update" time="0.74" classname="PhantomJS 1.9.8 (Windows 7).Service: AppointmentKeeperUpdateScenario"/>
    <testcase name="should not update" time="0.635" classname="PhantomJS 1.9.8 (Windows 7).Service: AppointmentKeeperUpdateScenario"/>
    <testcase name="should handle an update an appointment appointment" time="0.004" classname="PhantomJS 1.9.8 (Windows 7).Service: AppointmentKeeper"/>
    <testcase name="should update" time="0.003" classname="PhantomJS 1.9.8 (Windows 7).Service: AppointmentKeeper"/>
    <testcase name="should throw error" time="0.003" classname="PhantomJS 1.9.8 (Windows 7).Service: AppointmentKeeper"/>
    <testcase name="should create two new book" time="0.004" classname="PhantomJS 1.9.8 (Windows 7).Service: BookKeeperAddSpec"/>
    <testcase name="should nuke book entries" time="0.003" classname="PhantomJS 1.9.8 (Windows 7).Service: BookKeeperNukeSpec"/>
    <testcase name="should create replace the current books with the snapshot" time="0.003" classname="PhantomJS 1.9.8 (Windows 7).Service: BookKeeperNukeSpec"/>
    <testcase name="should create" time="0.248" classname="PhantomJS 1.9.8 (Windows 7).Service: CardConfigKeeperAddScenario"/>
    <testcase name="should not add" time="0.205" classname="PhantomJS 1.9.8 (Windows 7).Service: CardConfigKeeperAddScenario"/>
    <testcase name="should handle a card config" time="0.004" classname="PhantomJS 1.9.8 (Windows 7).Service: CardConfigKeeper"/>
    <testcase name="should add a card config" time="0.003" classname="PhantomJS 1.9.8 (Windows 7).Service: CardConfigKeeper"/>
    <testcase name="should update" time="0.169" classname="PhantomJS 1.9.8 (Windows 7).Service: CardConfigKeeperUpdateScenario"/>
    <testcase name="should not update" time="0.555" classname="PhantomJS 1.9.8 (Windows 7).Service: CardConfigKeeperUpdateScenario"/>
    <testcase name="should handle an update a card config" time="0.031" classname="PhantomJS 1.9.8 (Windows 7).Service: CardConfigKeeper"/>
    <testcase name="should update" time="0.004" classname="PhantomJS 1.9.8 (Windows 7).Service: CardConfigKeeper"/>
    <testcase name="should throw error" time="0.003" classname="PhantomJS 1.9.8 (Windows 7).Service: CardConfigKeeper"/>
    <testcase name="should create a new Check instance" time="0.002" classname="PhantomJS 1.9.8 (Windows 7).Service: CheckEntity"/>
    <testcase name="should create a new Check instance" time="0.002" classname="PhantomJS 1.9.8 (Windows 7).Service: CheckEntity"/>
    <testcase name="shouldn&apos;t create a new Check" time="0.002" classname="PhantomJS 1.9.8 (Windows 7).Service: CheckEntity"/>
    <testcase name="should add a check" time="0.003" classname="PhantomJS 1.9.8 (Windows 7).Service: CheckKeeperAddSpec"/>
    <testcase name="shouldn&apos;t add a check, unexpected property" time="0.003" classname="PhantomJS 1.9.8 (Windows 7).Service: CheckKeeperAddSpec"/>
    <testcase name="should handle an add check event" time="0.003" classname="PhantomJS 1.9.8 (Windows 7).Service: CheckKeeperAddSpec"/>
    <testcase name="should handle an add check event" time="0.003" classname="PhantomJS 1.9.8 (Windows 7).Service: CheckKeeperAddSpec"/>
    <testcase name="should change the state of a check" time="0.003" classname="PhantomJS 1.9.8 (Windows 7).Service: CheckKeeperChangeStateSpec"/>
    <testcase name="should handle an changeState check event" time="0.002" classname="PhantomJS 1.9.8 (Windows 7).Service: CheckKeeperChangeStateSpec"/>
    <testcase name="should return the same entity" time="0.003" classname="PhantomJS 1.9.8 (Windows 7).Service: CoinKeeperAddExpense"/>
    <testcase name="should add a expense" time="0.003" classname="PhantomJS 1.9.8 (Windows 7).Service: CoinKeeperAddExpense"/>
    <testcase name="shouldn&apos;t add a expense" time="0.002" classname="PhantomJS 1.9.8 (Windows 7).Service: CoinKeeperAddExpense"/>
    <testcase name="should handle an add expense event" time="0.002" classname="PhantomJS 1.9.8 (Windows 7).Service: CoinKeeperAddExpense"/>
    <testcase name="should receive a payment to a expense" time="0.005" classname="PhantomJS 1.9.8 (Windows 7).Service: CoinKeeperReceiveExpensesSpec"/>
    <testcase name="shouldn&apos;t receive a payment to a expense" time="0.003" classname="PhantomJS 1.9.8 (Windows 7).Service: CoinKeeperReceiveExpensesSpec"/>
    <testcase name="should handle a receive payment event" time="0.003" classname="PhantomJS 1.9.8 (Windows 7).Service: CoinKeeperReceiveExpensesSpec"/>
    <testcase name="shouldn&apos;t handle a receive payment event" time="0.003" classname="PhantomJS 1.9.8 (Windows 7).Service: CoinKeeperReceiveExpensesSpec"/>
    <testcase name="should update a check" time="0.004" classname="PhantomJS 1.9.8 (Windows 7).Service: CoinKeeperUpdateCheck"/>
    <testcase name="should do something" time="0.124" classname="PhantomJS 1.9.8 (Windows 7).ConsultantKeeper"/>
    <testcase name="should create" time="0.308" classname="PhantomJS 1.9.8 (Windows 7).Service: ConsultantKeeperAddScenario"/>
    <testcase name="should not add" time="0.226" classname="PhantomJS 1.9.8 (Windows 7).Service: ConsultantKeeperAddScenario"/>
    <testcase name="should handle an add consultant event" time="0.002" classname="PhantomJS 1.9.8 (Windows 7).Service: ConsultantKeeper"/>
    <testcase name="should add" time="0.003" classname="PhantomJS 1.9.8 (Windows 7).Service: ConsultantKeeper"/>
    <testcase name="return the correct consultant" time="0.151" classname="PhantomJS 1.9.8 (Windows 7).Service: ConsultantKeeperReadSpec"/>
    <testcase name="return null" time="0.1" classname="PhantomJS 1.9.8 (Windows 7).Service: ConsultantKeeperReadSpec"/>
    <testcase name="should update" time="0.318" classname="PhantomJS 1.9.8 (Windows 7).Service: ConsultantKeeperUpdateScenario"/>
    <testcase name="should throw exception" time="0.605" classname="PhantomJS 1.9.8 (Windows 7).Service: ConsultantKeeperUpdateScenario"/>
    <testcase name="should not update" time="0.314" classname="PhantomJS 1.9.8 (Windows 7).Service: ConsultantKeeperUpdateScenario"/>
    <testcase name="should handle an update consultant event" time="0.003" classname="PhantomJS 1.9.8 (Windows 7).Service: ConsultantKeeper"/>
    <testcase name="should update" time="0.003" classname="PhantomJS 1.9.8 (Windows 7).Service: ConsultantKeeper"/>
    <testcase name="should throw error" time="0.003" classname="PhantomJS 1.9.8 (Windows 7).Service: ConsultantKeeper"/>
    <testcase name="should do something" time="0.092" classname="PhantomJS 1.9.8 (Windows 7).Service: EntityKeeper"/>
    <testcase name="should create" time="0.386" classname="PhantomJS 1.9.8 (Windows 7).Service: EntityKeeperAddScenario"/>
    <testcase name="should not add" time="0.218" classname="PhantomJS 1.9.8 (Windows 7).Service: EntityKeeperAddScenario"/>
    <testcase name="should handle an add entity event" time="0.003" classname="PhantomJS 1.9.8 (Windows 7).Service: EntityKeeper"/>
    <testcase name="should add" time="0.002" classname="PhantomJS 1.9.8 (Windows 7).Service: EntityKeeper"/>
    <testcase name="return the correct entity" time="0.137" classname="PhantomJS 1.9.8 (Windows 7).Service: EntityKeeperReadSpec"/>
    <testcase name="return null" time="0.108" classname="PhantomJS 1.9.8 (Windows 7).Service: EntityKeeperReadSpec"/>
    <testcase name="should update" time="0.402" classname="PhantomJS 1.9.8 (Windows 7).Service: EntityKeeperUpdateScenario"/>
    <testcase name="should throw exception" time="0.418" classname="PhantomJS 1.9.8 (Windows 7).Service: EntityKeeperUpdateScenario"/>
    <testcase name="should not update" time="0.362" classname="PhantomJS 1.9.8 (Windows 7).Service: EntityKeeperUpdateScenario"/>
    <testcase name="should handle an update entity event" time="0.004" classname="PhantomJS 1.9.8 (Windows 7).Service: EntityKeeper"/>
    <testcase name="should update" time="0.004" classname="PhantomJS 1.9.8 (Windows 7).Service: EntityKeeper"/>
    <testcase name="should throw error" time="0.003" classname="PhantomJS 1.9.8 (Windows 7).Service: EntityKeeper"/>
    <testcase name="should do something" time="0.002" classname="PhantomJS 1.9.8 (Windows 7).Service: GridKeeper"/>
    <testcase name="should build a grid" time="0.002" classname="PhantomJS 1.9.8 (Windows 7).Service: GridKeeper"/>
    <testcase name="should build an empty inventory" time="0.001" classname="PhantomJS 1.9.8 (Windows 7).Service: GridKeeper"/>
    <testcase name="should build a grid" time="0.001" classname="PhantomJS 1.9.8 (Windows 7).Service: GridKeeper"/>
    <testcase name="should build an empty inventory" time="0.001" classname="PhantomJS 1.9.8 (Windows 7).Service: GridKeeper"/>
    <testcase name="should do something" time="0.002" classname="PhantomJS 1.9.8 (Windows 7).Service: InventoryKeeper"/>
    <testcase name="should validate data" time="0.001" classname="PhantomJS 1.9.8 (Windows 7).Service: InventoryKeeper"/>
    <testcase name="should has read only id" time="0.002" classname="PhantomJS 1.9.8 (Windows 7).Service: InventoryKeeper"/>
    <testcase name="should do something" time="0.134" classname="PhantomJS 1.9.8 (Windows 7).Service: Journalservice"/>
    <testcase name="should compose" time="0.119" classname="PhantomJS 1.9.8 (Windows 7).Service: JournalKeeperCompose"/>
    <testcase name="should fail to compose on a wrong instance type" time="0.12" classname="PhantomJS 1.9.8 (Windows 7).Service: JournalKeeperCompose"/>
    <testcase name="should fail to compose on storage.persist failure" time="0.1" classname="PhantomJS 1.9.8 (Windows 7).Service: JournalKeeperCompose"/>
    <testcase name="should fail to compose on replay failure" time="0.088" classname="PhantomJS 1.9.8 (Windows 7).Service: JournalKeeperCompose"/>
    <testcase name="should log a fatal on persist failure" time="0.089" classname="PhantomJS 1.9.8 (Windows 7).Service: JournalKeeperCompose"/>
    <testcase name="should log a fatal on replay failure" time="0.089" classname="PhantomJS 1.9.8 (Windows 7).Service: JournalKeeperCompose"/>
    <testcase name="increments the sequence value by 1" time="0.106" classname="PhantomJS 1.9.8 (Windows 7).Service: JournalKeeperCompose"/>
    <testcase name="should insert the entry" time="0.094" classname="PhantomJS 1.9.8 (Windows 7).Service: JournalKeeperInsert"/>
    <testcase name="should fail to insert on a wrong instance type" time="0.087" classname="PhantomJS 1.9.8 (Windows 7).Service: JournalKeeperInsert"/>
    <testcase name="should fail to insert on storage.persist failure" time="0.087" classname="PhantomJS 1.9.8 (Windows 7).Service: JournalKeeperInsert"/>
    <testcase name="should fail to insert on replay failure" time="0.144" classname="PhantomJS 1.9.8 (Windows 7).Service: JournalKeeperInsert"/>
    <testcase name="should log a fatal on persist failure" time="0.1" classname="PhantomJS 1.9.8 (Windows 7).Service: JournalKeeperInsert"/>
    <testcase name="should log a fatal on replay failure" time="0.1" classname="PhantomJS 1.9.8 (Windows 7).Service: JournalKeeperInsert"/>
    <testcase name="updates sequence value if entry&apos;s value is higher than current sequence" time="0.137" classname="PhantomJS 1.9.8 (Windows 7).Service: JournalKeeperInsert"/>
    <testcase name="does not update sequence value if entry&apos;s value is lower than current sequence" time="0.11" classname="PhantomJS 1.9.8 (Windows 7).Service: JournalKeeperInsert"/>
    <testcase name="updates the entry in persistent storage" time="0.096" classname="PhantomJS 1.9.8 (Windows 7).Service: JournalKeeperMarkAsSynced"/>
    <testcase name="logs an error if update fails" time="0.076" classname="PhantomJS 1.9.8 (Windows 7).Service: JournalKeeperMarkAsSynced"/>
    <testcase name="clears journal entries from persistent storage" time="0.113" classname="PhantomJS 1.9.8 (Windows 7).Service: JournalKeeperNuke"/>
    <testcase name="logs a fatal if nuke fails" time="0.1" classname="PhantomJS 1.9.8 (Windows 7).Service: JournalKeeperNuke"/>
    <testcase name="gets oldest unsynced entry from persisted storage" time="0.086" classname="PhantomJS 1.9.8 (Windows 7).Service: JournalKeeperReadOldestUnsynced"/>
    <testcase name="gets unsynced entries from persisted storage" time="0.083" classname="PhantomJS 1.9.8 (Windows 7).Service: JournalKeeperReadUnsynced"/>
    <testcase name="removes the given entry using PersistentStorage" time="0.112" classname="PhantomJS 1.9.8 (Windows 7).Service: JournalKeeperRemove"/>
    <testcase name="logs an error if removing an entry fails" time="0.083" classname="PhantomJS 1.9.8 (Windows 7).Service: JournalKeeperRemove"/>
    <testcase name="stores the given journal entry in the persistent storage" time="0.524" classname="PhantomJS 1.9.8 (Windows 7).Keeper: JournalKeeper_compose() in a happy day"/>
    <testcase name="updates entries&apos; sequence" time="0.508" classname="PhantomJS 1.9.8 (Windows 7).Keeper: JournalKeeper_compose() in a happy day"/>
    <testcase name="replays the entry to its keeper" time="0.462" classname="PhantomJS 1.9.8 (Windows 7).Keeper: JournalKeeper_compose() in a happy day"/>
    <testcase name="flags the given entry as synced" time="0.372" classname="PhantomJS 1.9.8 (Windows 7).Keeper: JournalKeeper_markAsSynced() scenario in happy day scenario"/>
    <testcase name="gets the unsynced entries from persistent storage" time="0.587" classname="PhantomJS 1.9.8 (Windows 7).Keeper: JournalKeeper_readUnsynced() scenario in happy day scenario"/>
    <testcase name="removes the given entry from persistent storage" time="0.578" classname="PhantomJS 1.9.8 (Windows 7).Keeper: JournalKeeper_remove() scenario Journal entry removal in happy day scenario"/>
    <testcase name="should be acessible" time="0.003" classname="PhantomJS 1.9.8 (Windows 7).Service: MasterKeeper"/>
    <testcase name="should initialize the necessary properties" time="0.002" classname="PhantomJS 1.9.8 (Windows 7).Service: MasterKeeper when creating a new instance of MasterKeeper"/>
    <testcase name="should mark the sensitive properties as read only" time="0.002" classname="PhantomJS 1.9.8 (Windows 7).Service: MasterKeeper when creating a new instance of MasterKeeper"/>
    <testcase name="should accept first letter lower case for dataType and eventOp" time="0.002" classname="PhantomJS 1.9.8 (Windows 7).Service: MasterKeeper when journalize is triggered"/>
    <testcase name="should accept first letter upper case for dataType and eventOp" time="0.003" classname="PhantomJS 1.9.8 (Windows 7).Service: MasterKeeper when journalize is triggered"/>
    <testcase name="should create entry with the proper date" time="0.002" classname="PhantomJS 1.9.8 (Windows 7).Service: MasterKeeper when journalize is triggered"/>
    <testcase name="should create entry with the proper eventVersion" time="0.003" classname="PhantomJS 1.9.8 (Windows 7).Service: MasterKeeper when journalize is triggered"/>
    <testcase name="should create entry with the proper event" time="0.003" classname="PhantomJS 1.9.8 (Windows 7).Service: MasterKeeper when journalize is triggered"/>
    <testcase name="should call JournalKeeper.compose with the proper entry type" time="0.003" classname="PhantomJS 1.9.8 (Windows 7).Service: MasterKeeper when journalize is triggered"/>
    <testcase name="should proxy the return from JorunalKeeper.compose" time="0.003" classname="PhantomJS 1.9.8 (Windows 7).Service: MasterKeeper when journalize is triggered"/>
    <testcase name="should create a new Order instance" time="0.002" classname="PhantomJS 1.9.8 (Windows 7).Service: OrderEntity"/>
    <testcase name="should add an order" time="0.253" classname="PhantomJS 1.9.8 (Windows 7).Service: OrderKeeperAddScenario">
      <failure type="">Expected &apos;01-0001-15&apos; to be &apos;01-0001-14&apos;.
</failure>
    </testcase>
    <testcase name="should not add a order" time="0.18" classname="PhantomJS 1.9.8 (Windows 7).Service: OrderKeeperAddScenario"/>
    <testcase name="should add an order" time="0.006" classname="PhantomJS 1.9.8 (Windows 7).Service: OrderKeeperAddSpec">
      <failure type="">Expected spy JournalKeeper.compose to have been called with [ { sequence : null, stamp : 1386179100000, type : &apos;orderAdd&apos;, version : 1, event : { items : [  ], uuid : &apos;cc02b600-5d0b-11e3-96c3-010001000001&apos;, code : &apos;01-0001-14&apos;, date : 1436386795941, customerId : 1, created : 1386179100000 }, synced : 0, uuid : &apos;cc02b600-5d0b-11e3-96c3-010001000001&apos; } ] but actual calls were [ { sequence : null, stamp : 1386179100000, type : &apos;orderAdd&apos;, version : 1, event : { items : [  ], created : 1386179100000, uuid : &apos;cc02b600-5d0b-11e3-96c3-010001000001&apos;, code : &apos;01-0001-15&apos;, date : 1436386795941, customerId : 1 }, synced : 0, uuid : &apos;cc02b600-5d0b-11e3-96c3-010001000001&apos; } ]
</failure>
    </testcase>
    <testcase name="shouldn&apos;t add an order" time="0.003" classname="PhantomJS 1.9.8 (Windows 7).Service: OrderKeeperAddSpec"/>
    <testcase name="should handle an add order event" time="0.004" classname="PhantomJS 1.9.8 (Windows 7).Service: OrderKeeperAddSpec"/>
    <testcase name="should cancel" time="0.081" classname="PhantomJS 1.9.8 (Windows 7).Service: OrderKeeperCancelScenario"/>
    <testcase name="should throw an exception" time="0.076" classname="PhantomJS 1.9.8 (Windows 7).Service: OrderKeeperCancelScenario"/>
    <testcase name="should cancel an order" time="0.004" classname="PhantomJS 1.9.8 (Windows 7).Service: OrderKeeperCancelSpec"/>
    <testcase name="shouldn&apos;t cancel an order" time="0.004" classname="PhantomJS 1.9.8 (Windows 7).Service: OrderKeeperCancelSpec"/>
    <testcase name="should return list with 0 items" time="0.099" classname="PhantomJS 1.9.8 (Windows 7).Service: OrderKeeperListScenario"/>
    <testcase name="should return populated list with 4 items" time="0.083" classname="PhantomJS 1.9.8 (Windows 7).Service: OrderKeeperListScenario"/>
    <testcase name="should return populated list with 6 items" time="0.075" classname="PhantomJS 1.9.8 (Windows 7).Service: OrderKeeperListScenario"/>
    <testcase name="should return a list of orders" time="0.089" classname="PhantomJS 1.9.8 (Windows 7).Service: OrderKeeperListSpec"/>
    <testcase name="shouldn&apos;t return a orders" time="0.143" classname="PhantomJS 1.9.8 (Windows 7).Service: OrderKeeperListSpec"/>
    <testcase name="should return a Order" time="0.078" classname="PhantomJS 1.9.8 (Windows 7).Service: OrderKeeperReadScenario"/>
    <testcase name="should not return a Order" time="0.144" classname="PhantomJS 1.9.8 (Windows 7).Service: OrderKeeperReadScenario"/>
    <testcase name="should return a order" time="0.081" classname="PhantomJS 1.9.8 (Windows 7).Service: OrderKeeperReadSpec"/>
    <testcase name="shouldn&apos;t return a order" time="0.084" classname="PhantomJS 1.9.8 (Windows 7).Service: OrderKeeperReadSpec"/>
    <testcase name="should update an order" time="0.002" classname="PhantomJS 1.9.8 (Windows 7).Service: OrderKeeperUpdateItemQtySpec"/>
    <testcase name="shouldn&apos;t update an order" time="0.003" classname="PhantomJS 1.9.8 (Windows 7).Service: OrderKeeperUpdateItemQtySpec"/>
    <testcase name="should update" time="0.096" classname="PhantomJS 1.9.8 (Windows 7).Service: OrderKeeperUpdateScenario"/>
    <testcase name="should throw an exception" time="0.198" classname="PhantomJS 1.9.8 (Windows 7).Service: OrderKeeperUpdateScenario"/>
    <testcase name="should update an order" time="0.004" classname="PhantomJS 1.9.8 (Windows 7).Service: OrderKeeperUpdateSpec"/>
    <testcase name="shouldn&apos;t update an order" time="0.003" classname="PhantomJS 1.9.8 (Windows 7).Service: OrderKeeperUpdateSpec"/>
    <testcase name="should creat a new ProductReturn entity" time="0.082" classname="PhantomJS 1.9.8 (Windows 7).Service: ProductReturnFactorySpec"/>
    <testcase name="should throw error" time="0.076" classname="PhantomJS 1.9.8 (Windows 7).Service: ProductReturnFactorySpec"/>
    <testcase name="should do something" time="0.08" classname="PhantomJS 1.9.8 (Windows 7).Service: ProductReturnKeeper"/>
    <testcase name="should throw error" time="0.001" classname="PhantomJS 1.9.8 (Windows 7).Service: ProductReturnKeeperAddSpec"/>
    <testcase name="should create a new PurchaseOrder instance" time="0.001" classname="PhantomJS 1.9.8 (Windows 7).Service: PurchaseOrderEntity"/>
    <testcase name="should add a purchase-order" time="0.003" classname="PhantomJS 1.9.8 (Windows 7).Service: PurchaseOrderKeeperAddSpec"/>
    <testcase name="shouldn&apos;t add a purchase-order" time="0.002" classname="PhantomJS 1.9.8 (Windows 7).Service: PurchaseOrderKeeperAddSpec"/>
    <testcase name="should handle an add purchase-order event" time="0.002" classname="PhantomJS 1.9.8 (Windows 7).Service: PurchaseOrderKeeperAddSpec"/>
    <testcase name="should cancel a PurchaseOrder" time="0.002" classname="PhantomJS 1.9.8 (Windows 7).Service: PurchaseOrderKeeperCancelSpec"/>
    <testcase name="shouldn&apos;t cancel a PurchaseOrder" time="0.006" classname="PhantomJS 1.9.8 (Windows 7).Service: PurchaseOrderKeeperCancelSpec"/>
    <testcase name="should return a list of purchaseOrders" time="0.112" classname="PhantomJS 1.9.8 (Windows 7).Service: PurchaseOrderKeeperListSpec"/>
    <testcase name="shouldn&apos;t return a purchaseOrder" time="0.094" classname="PhantomJS 1.9.8 (Windows 7).Service: PurchaseOrderKeeperListSpec"/>
    <testcase name="should return a purchaseOrder" time="0.097" classname="PhantomJS 1.9.8 (Windows 7).Service: PurchaseOrderKeeperReadSpec"/>
    <testcase name="shouldn&apos;t return a purchaseOrder" time="0.086" classname="PhantomJS 1.9.8 (Windows 7).Service: PurchaseOrderKeeperReadSpec"/>
    <testcase name="should create a new Schedule instance" time="0.001" classname="PhantomJS 1.9.8 (Windows 7).Service: SchedulingEntity"/>
    <testcase name="should add an schedule" time="0.002" classname="PhantomJS 1.9.8 (Windows 7).Service: SchedulingKeeperAddSpec"/>
    <testcase name="shouldn&apos;t add an order" time="0.003" classname="PhantomJS 1.9.8 (Windows 7).Service: SchedulingKeeperAddSpec"/>
    <testcase name="should handle an add order event" time="0.003" classname="PhantomJS 1.9.8 (Windows 7).Service: SchedulingKeeperAddSpec"/>
    <testcase name="should update an order" time="0.003" classname="PhantomJS 1.9.8 (Windows 7).Service: SchedulingKeeperUpdateSpec"/>
    <testcase name="shouldn&apos;t update an order" time="0.045" classname="PhantomJS 1.9.8 (Windows 7).Service: SchedulingKeeperUpdateSpec"/>
    <testcase name="should do something" time="0.1" classname="PhantomJS 1.9.8 (Windows 7).Service: StockKeeper"/>
    <testcase name="add a new stock" time="0.396" classname="PhantomJS 1.9.8 (Windows 7).Service: StockKeeperAddScenario"/>
    <testcase name="update stock" time="0.522" classname="PhantomJS 1.9.8 (Windows 7).Service: StockKeeperAddScenario"/>
    <testcase name="should reject promise" time="0.392" classname="PhantomJS 1.9.8 (Windows 7).Service: StockKeeperAddScenario"/>
    <testcase name="should reject promise" time="0.205" classname="PhantomJS 1.9.8 (Windows 7).Service: StockKeeperAddScenario"/>
    <testcase name="add stock" time="0.004" classname="PhantomJS 1.9.8 (Windows 7).Service: StockKeeperAddSpec"/>
    <testcase name="handler add" time="0.003" classname="PhantomJS 1.9.8 (Windows 7).Service: StockKeeperAddSpec"/>
    <testcase name="handler add of existent stock" time="0.004" classname="PhantomJS 1.9.8 (Windows 7).Service: StockKeeperAddSpec"/>
    <testcase name="should creat a new Stock entity" time="0.044" classname="PhantomJS 1.9.8 (Windows 7).Service: StockKeeperFactorySpec"/>
    <testcase name="should throw error" time="0.058" classname="PhantomJS 1.9.8 (Windows 7).Service: StockKeeperFactorySpec"/>
    <testcase name="should cancel" time="0.776" classname="PhantomJS 1.9.8 (Windows 7).Service: StockeeperRemoveScenario"/>
    <testcase name="should reject promise" time="0.173" classname="PhantomJS 1.9.8 (Windows 7).Service: StockeeperRemoveScenario"/>
    <testcase name="remove stock" time="0.004" classname="PhantomJS 1.9.8 (Windows 7).Service: StockKeeperRemoveSpec"/>
    <testcase name="handler remove stock" time="0.004" classname="PhantomJS 1.9.8 (Windows 7).Service: StockKeeperRemoveSpec"/>
    <testcase name="handler throw error" time="0.003" classname="PhantomJS 1.9.8 (Windows 7).Service: StockKeeperRemoveSpec"/>
    <testcase name="should reserve new item" time="0.633" classname="PhantomJS 1.9.8 (Windows 7).StockeeperReserveScenario"/>
    <testcase name="should reserve" time="0.196" classname="PhantomJS 1.9.8 (Windows 7).StockeeperReserveScenario"/>
    <testcase name="reserve stock" time="0.005" classname="PhantomJS 1.9.8 (Windows 7).StockKeeperReserveSpec"/>
    <testcase name="handler reserve" time="0.003" classname="PhantomJS 1.9.8 (Windows 7).StockKeeperReserveSpec"/>
    <testcase name="handler reserve of existent reserved stock" time="0.003" classname="PhantomJS 1.9.8 (Windows 7).StockKeeperReserveSpec"/>
    <testcase name="handler reserve of nonexistent stock" time="0.004" classname="PhantomJS 1.9.8 (Windows 7).StockKeeperReserveSpec"/>
    <testcase name="should unreserve" time="0.141" classname="PhantomJS 1.9.8 (Windows 7).StockeeperUnreserveScenario"/>
    <testcase name="should reject promise" time="0.07" classname="PhantomJS 1.9.8 (Windows 7).StockeeperUnreserveScenario"/>
    <testcase name="unreserve stock" time="0.004" classname="PhantomJS 1.9.8 (Windows 7).StockKeeperUnreserveSpec"/>
    <testcase name="handler unreserve" time="0.008" classname="PhantomJS 1.9.8 (Windows 7).StockKeeperUnreserveSpec"/>
    <testcase name="handler unreserve of existent unreserved stock" time="0.004" classname="PhantomJS 1.9.8 (Windows 7).StockKeeperUnreserveSpec"/>
    <testcase name="add subscription" time="0.004" classname="PhantomJS 1.9.8 (Windows 7).Service: SubscriptionKeeperSpec"/>
    <testcase name="handler add" time="0.003" classname="PhantomJS 1.9.8 (Windows 7).Service: SubscriptionKeeperSpec"/>
    <testcase name="create a type" time="0.329" classname="PhantomJS 1.9.8 (Windows 7).Service: TypeKeeperAddScenario"/>
    <testcase name="should add" time="0.002" classname="PhantomJS 1.9.8 (Windows 7).Service: TypeKeeper"/>
    <testcase name="should add with the handler" time="0.002" classname="PhantomJS 1.9.8 (Windows 7).Service: TypeKeeper"/>
    <testcase name="should add with the handler at separated places" time="0.001" classname="PhantomJS 1.9.8 (Windows 7).Service: TypeKeeper"/>
    <testcase name="should throw error if the obj passed is not an Type" time="0.002" classname="PhantomJS 1.9.8 (Windows 7).Service: TypeKeeper"/>
    <testcase name="should throw error if the argument is null" time="0.001" classname="PhantomJS 1.9.8 (Windows 7).Service: TypeKeeper"/>
    <testcase name="should throw error if the argument is undefined" time="0.001" classname="PhantomJS 1.9.8 (Windows 7).Service: TypeKeeper"/>
    <testcase name="should create a new Type entity" time="0.001" classname="PhantomJS 1.9.8 (Windows 7).Service: TypeKeeper"/>
    <testcase name="should create a new Type entity even if null is passed at it&apos;s constructor" time="0.001" classname="PhantomJS 1.9.8 (Windows 7).Service: TypeKeeper"/>
    <testcase name="should creat a new Type entity using a generic object" time="0.001" classname="PhantomJS 1.9.8 (Windows 7).Service: TypeKeeper"/>
    <testcase name="should not creat a new Type entity using a generic object with less than the mandatory attributes" time="0.001" classname="PhantomJS 1.9.8 (Windows 7).Service: TypeKeeper"/>
    <testcase name="should not creat a new Type entity using a generic object if it has more than the mandatory attributes" time="0.002" classname="PhantomJS 1.9.8 (Windows 7).Service: TypeKeeper"/>
    <testcase name="should throw error without name" time="0.002" classname="PhantomJS 1.9.8 (Windows 7).Service: TypeKeeper"/>
    <testcase name="should throw an error if the constructor recieves more than the mandatory parameters" time="0.002" classname="PhantomJS 1.9.8 (Windows 7).Service: TypeKeeper"/>
    <testcase name="cancel a voucher" time="0.292" classname="PhantomJS 1.9.8 (Windows 7).Service: VoucherKeeperCancelScenario"/>
    <testcase name="should do something" time="0.002" classname="PhantomJS 1.9.8 (Windows 7).Service: VoucherKeeperCancelSpec"/>
    <testcase name="cancel a voucher" time="0.002" classname="PhantomJS 1.9.8 (Windows 7).Service: VoucherKeeperCancelSpec"/>
    <testcase name="handle a cancel of a voucher" time="0.001" classname="PhantomJS 1.9.8 (Windows 7).Service: VoucherKeeperCancelSpec"/>
    <testcase name="throw exception on cancel" time="0.002" classname="PhantomJS 1.9.8 (Windows 7).Service: VoucherKeeperCancelSpec"/>
    <testcase name="throw exception on cancel handler" time="0.002" classname="PhantomJS 1.9.8 (Windows 7).Service: VoucherKeeperCancelSpec"/>
    <testcase name="create a voucher" time="0.291" classname="PhantomJS 1.9.8 (Windows 7).Service: VoucherKeeperCreateScenario"/>
    <testcase name="should do something" time="0.002" classname="PhantomJS 1.9.8 (Windows 7).Service: VoucherKeeper"/>
    <testcase name="should create" time="0.003" classname="PhantomJS 1.9.8 (Windows 7).Service: VoucherKeeper"/>
    <testcase name="should not create a voucher with a impostor voucher" time="0.002" classname="PhantomJS 1.9.8 (Windows 7).Service: VoucherKeeper"/>
    <testcase name="should exist" time="0.002" classname="PhantomJS 1.9.8 (Windows 7).Service: VoucherKeeperFactorySpec"/>
    <testcase name="should not instanciate a voucher without amount" time="0.001" classname="PhantomJS 1.9.8 (Windows 7).Service: VoucherKeeperFactorySpec"/>
    <testcase name="should not instanciate a voucher with more than the needed params" time="0.001" classname="PhantomJS 1.9.8 (Windows 7).Service: VoucherKeeperFactorySpec"/>
    <testcase name="should instanciate a voucher" time="0.002" classname="PhantomJS 1.9.8 (Windows 7).Service: VoucherKeeperFactorySpec"/>
    <testcase name="should not instanciate a voucher without an id" time="0.001" classname="PhantomJS 1.9.8 (Windows 7).Service: VoucherKeeperFactorySpec"/>
    <testcase name="should instanciate a voucher with a generic object without all mandatory attributes" time="0.001" classname="PhantomJS 1.9.8 (Windows 7).Service: VoucherKeeperFactorySpec"/>
    <testcase name="should instanciate a voucher with a generic object with all mandatory attributes" time="0.001" classname="PhantomJS 1.9.8 (Windows 7).Service: VoucherKeeperFactorySpec"/>
    <testcase name="should not instanciate a voucher with a generic object with all mandatory attributes and more" time="0.001" classname="PhantomJS 1.9.8 (Windows 7).Service: VoucherKeeperFactorySpec"/>
    <testcase name="should not instanciate a voucher with a generic object with some mandatory attributes and more" time="0.001" classname="PhantomJS 1.9.8 (Windows 7).Service: VoucherKeeperFactorySpec"/>
    <testcase name="return list with 0 items" time="0.086" classname="PhantomJS 1.9.8 (Windows 7).Service: VoucherKeeperListSpec"/>
    <testcase name="return list with 2 items" time="0.096" classname="PhantomJS 1.9.8 (Windows 7).Service: VoucherKeeperListSpec"/>
    <testcase name="redeem a voucher" time="0.326" classname="PhantomJS 1.9.8 (Windows 7).Service: VoucherKeeperRedeemScenario"/>
    <testcase name="should do something" time="0.002" classname="PhantomJS 1.9.8 (Windows 7).Service: VoucherKeeperRedeemSpec"/>
    <testcase name="redeem - public call" time="0.002" classname="PhantomJS 1.9.8 (Windows 7).Service: VoucherKeeperRedeemSpec"/>
    <testcase name="handle a redeem - private call" time="0.001" classname="PhantomJS 1.9.8 (Windows 7).Service: VoucherKeeperRedeemSpec"/>
    <testcase name="throw exception - public call" time="0.002" classname="PhantomJS 1.9.8 (Windows 7).Service: VoucherKeeperRedeemSpec"/>
    <testcase name="throw exception - private call" time="0.001" classname="PhantomJS 1.9.8 (Windows 7).Service: VoucherKeeperRedeemSpec"/>
    <testcase name="should create" time="0.354" classname="PhantomJS 1.9.8 (Windows 7).Service: AppointmentServiceAddScenario"/>
    <testcase name="should create a appointment instance" time="0.003" classname="PhantomJS 1.9.8 (Windows 7).Service: AppointmentServiceAddSpec"/>
    <testcase name="shouldn&apos;t create a appointment instance" time="0.003" classname="PhantomJS 1.9.8 (Windows 7).Service: AppointmentServiceAddSpec"/>
    <testcase name="should return full list copy" time="0.002" classname="PhantomJS 1.9.8 (Windows 7).Service: AppointmentServiceListSpec"/>
    <testcase name="shouldn&apos;t return full list copy" time="0.002" classname="PhantomJS 1.9.8 (Windows 7).Service: AppointmentServiceListSpec"/>
    <testcase name="should list since 01/01/2000 upon 05/01/2000" time="0.003" classname="PhantomJS 1.9.8 (Windows 7).Service: AppointmentServiceListSpec"/>
    <testcase name="must call appointmentkeeper" time="0.004" classname="PhantomJS 1.9.8 (Windows 7).Service: AppointmentServiceAddSpec"/>
    <testcase name="should update a appointment instance" time="0.002" classname="PhantomJS 1.9.8 (Windows 7).Service: AppointmentServiceUpdateSpec"/>
    <testcase name="shouldn&apos;t update a appointment instance" time="0.002" classname="PhantomJS 1.9.8 (Windows 7).Service: AppointmentServiceUpdateSpec"/>
    <testcase name="should done an appointment" time="0.001" classname="PhantomJS 1.9.8 (Windows 7).Service: AppointmentServiceUpdateSpec"/>
    <testcase name="should cancel an appointment" time="0.002" classname="PhantomJS 1.9.8 (Windows 7).Service: AppointmentServiceUpdateSpec"/>
    <testcase name="should remove an appointment" time="0.001" classname="PhantomJS 1.9.8 (Windows 7).Service: AppointmentServiceUpdateSpec"/>
    <testcase name="should list with string" time="0.001" classname="PhantomJS 1.9.8 (Windows 7).Service: ArrayUtils"/>
    <testcase name="should list with array" time="0.001" classname="PhantomJS 1.9.8 (Windows 7).Service: ArrayUtils"/>
    <testcase name="should not list, non existing property" time="0" classname="PhantomJS 1.9.8 (Windows 7).Service: ArrayUtils"/>
    <testcase name="should not list, property = ?" time="0" classname="PhantomJS 1.9.8 (Windows 7).Service: ArrayUtils"/>
    <testcase name="should filter" time="0.001" classname="PhantomJS 1.9.8 (Windows 7).Service: ArrayUtils"/>
    <testcase name="should filter 2" time="0.001" classname="PhantomJS 1.9.8 (Windows 7).Service: ArrayUtils"/>
    <testcase name="should filter 0" time="0" classname="PhantomJS 1.9.8 (Windows 7).Service: ArrayUtils"/>
    <testcase name="should filter with numbers" time="0.001" classname="PhantomJS 1.9.8 (Windows 7).Service: ArrayUtils"/>
    <testcase name="should find without duplicated" time="0.001" classname="PhantomJS 1.9.8 (Windows 7).Service: ArrayUtils"/>
    <testcase name="should find with numbers" time="0" classname="PhantomJS 1.9.8 (Windows 7).Service: ArrayUtils"/>
    <testcase name="should not find, invalid array" time="0.001" classname="PhantomJS 1.9.8 (Windows 7).Service: ArrayUtils"/>
    <testcase name="should not find, invalid property" time="0.001" classname="PhantomJS 1.9.8 (Windows 7).Service: ArrayUtils"/>
    <testcase name="should not find, invalid value" time="0" classname="PhantomJS 1.9.8 (Windows 7).Service: ArrayUtils"/>
    <testcase name="should not find, invalid value" time="0.001" classname="PhantomJS 1.9.8 (Windows 7).Service: ArrayUtils"/>
    <testcase name="should throw" time="0.001" classname="PhantomJS 1.9.8 (Windows 7).Service: ArrayUtils"/>
    <testcase name="should inner join" time="0.001" classname="PhantomJS 1.9.8 (Windows 7).Service: ArrayUtils"/>
    <testcase name="should inner join with numbers" time="0" classname="PhantomJS 1.9.8 (Windows 7).Service: ArrayUtils"/>
    <testcase name="should not join, property existing only on a1" time="0.001" classname="PhantomJS 1.9.8 (Windows 7).Service: ArrayUtils"/>
    <testcase name="should not join, property existing only on a2" time="0.001" classname="PhantomJS 1.9.8 (Windows 7).Service: ArrayUtils"/>
    <testcase name="should not join no matches" time="0" classname="PhantomJS 1.9.8 (Windows 7).Service: ArrayUtils"/>
    <testcase name="should not join invalid property" time="0.001" classname="PhantomJS 1.9.8 (Windows 7).Service: ArrayUtils"/>
    <testcase name="should not join, invalid property" time="0.001" classname="PhantomJS 1.9.8 (Windows 7).Service: ArrayUtils"/>
    <testcase name="should not join null array" time="0" classname="PhantomJS 1.9.8 (Windows 7).Service: ArrayUtils"/>
    <testcase name="should find the array of strings" time="0.001" classname="PhantomJS 1.9.8 (Windows 7).Service: ArrayUtils"/>
    <testcase name="should find the array of strings with 2 values" time="0.001" classname="PhantomJS 1.9.8 (Windows 7).Service: ArrayUtils"/>
    <testcase name="should find with numbers" time="0" classname="PhantomJS 1.9.8 (Windows 7).Service: ArrayUtils"/>
    <testcase name="should list" time="0.001" classname="PhantomJS 1.9.8 (Windows 7).Service: ArrayUtils"/>
    <testcase name="should list 2" time="0.001" classname="PhantomJS 1.9.8 (Windows 7).Service: ArrayUtils"/>
    <testcase name="should not list" time="0.001" classname="PhantomJS 1.9.8 (Windows 7).Service: ArrayUtils"/>
    <testcase name="should not list 2" time="0.002" classname="PhantomJS 1.9.8 (Windows 7).Service: ArrayUtils"/>
    <testcase name="should list " time="0.001" classname="PhantomJS 1.9.8 (Windows 7).Service: ArrayUtils"/>
    <testcase name="should list with numbers" time="0.001" classname="PhantomJS 1.9.8 (Windows 7).Service: ArrayUtils"/>
    <testcase name="should create a deposit BookEntry" time="0.051" classname="PhantomJS 1.9.8 (Windows 7).Service: BookServiceDepositSpec When deposit is triggered"/>
    <testcase name="should write in book with the right entry" time="0.004" classname="PhantomJS 1.9.8 (Windows 7).Service: BookServiceLiquidateSpec When type is CHECK"/>
    <testcase name="should write in book with the right entry" time="0.003" classname="PhantomJS 1.9.8 (Windows 7).Service: BookServiceLiquidateSpec When type is CREDIT CARD"/>
    <testcase name="should write in book with the right entry" time="0.003" classname="PhantomJS 1.9.8 (Windows 7).Service: BookServiceLiquidateSpec When type is ON CUFF"/>
    <testcase name="should write in book with the right entry" time="0.004" classname="PhantomJS 1.9.8 (Windows 7).Service: BookServiceLiquidateSpec When type is invalid"/>
    <testcase name="should write in book with the right entry" time="0.003" classname="PhantomJS 1.9.8 (Windows 7).Service: BookServiceNegotiationSpec When negotiation is triggered with amount &gt; 0"/>
    <testcase name="should write in book with the right entry" time="0.003" classname="PhantomJS 1.9.8 (Windows 7).Service: BookServiceNegotiationSpec When negotiation is triggered with amount &lt; 0"/>
    <testcase name="should create a product BookEntry" time="0.004" classname="PhantomJS 1.9.8 (Windows 7).Service: BookServiceOrderSpec"/>
    <testcase name="should create a voucher BookEntry" time="0.002" classname="PhantomJS 1.9.8 (Windows 7).Service: BookServiceOrderSpec"/>
    <testcase name="should create a gift card BookEntry" time="0.002" classname="PhantomJS 1.9.8 (Windows 7).Service: BookServiceOrderSpec"/>
    <testcase name="should create all order BookEntries" time="0.003" classname="PhantomJS 1.9.8 (Windows 7).Service: BookServiceOrderSpec"/>
    <testcase name="shouldn&apos;t create book entries" time="0.002" classname="PhantomJS 1.9.8 (Windows 7).Service: BookServiceOrderSpec"/>
    <testcase name="should create positive cash BookEntry" time="0.015" classname="PhantomJS 1.9.8 (Windows 7).Service: BookServicePaymentSpec"/>
    <testcase name="should create negative cash BookEntry" time="0.003" classname="PhantomJS 1.9.8 (Windows 7).Service: BookServicePaymentSpec"/>
    <testcase name="should create check BookEntry" time="0.003" classname="PhantomJS 1.9.8 (Windows 7).Service: BookServicePaymentSpec"/>
    <testcase name="should create a credit card BookEntry" time="0.003" classname="PhantomJS 1.9.8 (Windows 7).Service: BookServicePaymentSpec"/>
    <testcase name="should create a cuff BookEntry" time="0.003" classname="PhantomJS 1.9.8 (Windows 7).Service: BookServicePaymentSpec"/>
    <testcase name="should create a cuff BookEntry" time="0.003" classname="PhantomJS 1.9.8 (Windows 7).Service: BookServicePaymentSpec"/>
[...]
    <testcase name="Timer already runnning" time="0.001" classname="PhantomJS 1.9.8 (Windows 7).Service: TimerService TimerService_startTimer()"/>
    <testcase name="Getting elapsed time for a running timer" time="0.001" classname="PhantomJS 1.9.8 (Windows 7).Service: TimerService TimerService_startTimer()"/>
    <testcase name="Timer already stopped" time="0.001" classname="PhantomJS 1.9.8 (Windows 7).Service: TimerService TimerService_stopTimer()"/>
    <testcase name="has already been stopped" time="0.001" classname="PhantomJS 1.9.8 (Windows 7).Service: TimerService TimerService_stopTimer()"/>
    <testcase name="is accessible" time="0.001" classname="PhantomJS 1.9.8 (Windows 7).Service: TimerService TimerService_stopTimer()"/>
    <testcase name="is a function" time="0.001" classname="PhantomJS 1.9.8 (Windows 7).Service: TimerService TimerService_stopTimer()"/>
    <testcase name="stops the timer with the given id" time="0.001" classname="PhantomJS 1.9.8 (Windows 7).Service: TimerService TimerService_stopTimer()"/>
    <testcase name="does not stop other timers" time="0.001" classname="PhantomJS 1.9.8 (Windows 7).Service: TimerService TimerService_stopTimer()"/>
    <testcase name="logs a message if timer does not exist" time="0.001" classname="PhantomJS 1.9.8 (Windows 7).Service: TimerService TimerService_stopTimer()"/>
    <testcase name="logs a message with data when timer is stopped" time="0.001" classname="PhantomJS 1.9.8 (Windows 7).Service: TimerService TimerService_stopTimer()"/>
    <testcase name="logs a fatal if process took more than 100ms" time="0.001" classname="PhantomJS 1.9.8 (Windows 7).Service: TimerService TimerService_stopTimer()"/>
    <testcase name="removes timer from timers list" time="0.001" classname="PhantomJS 1.9.8 (Windows 7).Service: TimerService TimerService_stopTimer()"/>
    <testcase name="is accessible" time="0" classname="PhantomJS 1.9.8 (Windows 7).Service: TimerService TimerService_clearTimers()"/>
    <testcase name="is a function" time="0.001" classname="PhantomJS 1.9.8 (Windows 7).Service: TimerService TimerService_clearTimers()"/>
    <testcase name="stops running timers" time="0" classname="PhantomJS 1.9.8 (Windows 7).Service: TimerService TimerService_clearTimers()"/>
    <testcase name="removes all timers from timers list" time="0.001" classname="PhantomJS 1.9.8 (Windows 7).Service: TimerService TimerService_clearTimers()"/>
    <testcase name="Timer runned for elapsedTime" time="0.001" classname="PhantomJS 1.9.8 (Windows 7).Service: TimerService"/>
    <testcase name="should return a resolved promise" time="0.062" classname="PhantomJS 1.9.8 (Windows 7).Service: VoucherServiceSpec When no vouchers are passed"/>
    <testcase name="should cancel" time="0.003" classname="PhantomJS 1.9.8 (Windows 7).Service: VoucherServiceCancelSpec"/>
    <testcase name="should fail, voucher not found" time="0.003" classname="PhantomJS 1.9.8 (Windows 7).Service: VoucherServiceCancelSpec"/>
    <testcase name="should fail, already redeemed" time="0.002" classname="PhantomJS 1.9.8 (Windows 7).Service: VoucherServiceCancelSpec"/>
    <testcase name="should redeem" time="0.003" classname="PhantomJS 1.9.8 (Windows 7).Service: Voucherservice"/>
    <testcase name="should fail to redeem, voucher not found" time="0.003" classname="PhantomJS 1.9.8 (Windows 7).Service: Voucherservice"/>
    <testcase name="should fail to redeem, already canceled" time="0.002" classname="PhantomJS 1.9.8 (Windows 7).Service: Voucherservice"/>
    <testcase name="should fail to redeem, already redeemed" time="0.003" classname="PhantomJS 1.9.8 (Windows 7).Service: Voucherservice"/>
    <testcase name="is accessible" time="0.002" classname="PhantomJS 1.9.8 (Windows 7).WarmupService"/>
    <testcase name="is an object" time="0.002" classname="PhantomJS 1.9.8 (Windows 7).WarmupService"/>
    <testcase name="is accessible" time="0.003" classname="PhantomJS 1.9.8 (Windows 7).WarmupService _local"/>
    <testcase name="is an object" time="0.002" classname="PhantomJS 1.9.8 (Windows 7).WarmupService _local"/>
    <testcase name="gets data stored in localStorage if any" time="0.006" classname="PhantomJS 1.9.8 (Windows 7).WarmupService _local"/>
    <testcase name="is an empty object if no data has been stored" time="0.001" classname="PhantomJS 1.9.8 (Windows 7).WarmupService _local"/>
    <testcase name="is accessible" time="0.002" classname="PhantomJS 1.9.8 (Windows 7).WarmupService _getLocalData()"/>
    <testcase name="is a function" time="0.001" classname="PhantomJS 1.9.8 (Windows 7).WarmupService _getLocalData()"/>
    <testcase name="gets the data from localStorage" time="0.002" classname="PhantomJS 1.9.8 (Windows 7).WarmupService _getLocalData()"/>
    <testcase name="parses the data" time="0.002" classname="PhantomJS 1.9.8 (Windows 7).WarmupService _getLocalData()"/>
    <testcase name="returns an empty object if no data is set" time="0.001" classname="PhantomJS 1.9.8 (Windows 7).WarmupService _getLocalData()"/>
    <testcase name="is accessible" time="0.002" classname="PhantomJS 1.9.8 (Windows 7).WarmupService _setLocalData()"/>
    <testcase name="is a function" time="0.002" classname="PhantomJS 1.9.8 (Windows 7).WarmupService _setLocalData()"/>
    <testcase name="stores a warmup object in localStorage" time="0.003" classname="PhantomJS 1.9.8 (Windows 7).WarmupService _setLocalData()"/>
    <testcase name="stringifies data before storing" time="0.002" classname="PhantomJS 1.9.8 (Windows 7).WarmupService _setLocalData()"/>
    <testcase name="updates the .local attribute" time="0.002" classname="PhantomJS 1.9.8 (Windows 7).WarmupService _setLocalData()"/>
    <testcase name="is accessible" time="0.001" classname="PhantomJS 1.9.8 (Windows 7).WarmupService _updateLocalData()"/>
    <testcase name="is a function" time="0.002" classname="PhantomJS 1.9.8 (Windows 7).WarmupService _updateLocalData()"/>
    <testcase name="returns a promise" time="0.002" classname="PhantomJS 1.9.8 (Windows 7).WarmupService _updateLocalData()"/>
    <testcase name="gets data for the given timestamp from remote storage" time="0.004" classname="PhantomJS 1.9.8 (Windows 7).WarmupService _updateLocalData()"/>
    <testcase name="sets local data" time="0.01" classname="PhantomJS 1.9.8 (Windows 7).WarmupService _updateLocalData() when data is found"/>
    <testcase name="resolves the promise" time="0.003" classname="PhantomJS 1.9.8 (Windows 7).WarmupService _updateLocalData() when data is found"/>
    <testcase name="passes the timestamp to the promise resolution" time="0.004" classname="PhantomJS 1.9.8 (Windows 7).WarmupService _updateLocalData() when data is found"/>
    <testcase name="broadcasts the LocalWarmupDataUpdated event" time="0.003" classname="PhantomJS 1.9.8 (Windows 7).WarmupService _updateLocalData() when data is found"/>
    <testcase name="logs a fatal" time="0.002" classname="PhantomJS 1.9.8 (Windows 7).WarmupService _updateLocalData() when data is not found"/>
    <testcase name="rejects the returned promise if no data is found" time="0.002" classname="PhantomJS 1.9.8 (Windows 7).WarmupService _updateLocalData() when data is not found"/>
    <testcase name="is accessible" time="0.002" classname="PhantomJS 1.9.8 (Windows 7).WarmupService _setRemoteData()"/>
    <testcase name="is a function" time="0.002" classname="PhantomJS 1.9.8 (Windows 7).WarmupService _setRemoteData()"/>
    <testcase name="returns a promise" time="0.002" classname="PhantomJS 1.9.8 (Windows 7).WarmupService _setRemoteData()"/>
    <testcase name="sets remote data for the given timestamp" time="0.001" classname="PhantomJS 1.9.8 (Windows 7).WarmupService _setRemoteData()"/>
    <testcase name="does not set remote data if data for the given timestamp already exists" time="0.002" classname="PhantomJS 1.9.8 (Windows 7).WarmupService _setRemoteData()"/>
    <testcase name="rejects the promise if unable to store the data" time="0.015" classname="PhantomJS 1.9.8 (Windows 7).WarmupService _setRemoteData()"/>
    <testcase name="rejects the promise if data already exists" time="0.013" classname="PhantomJS 1.9.8 (Windows 7).WarmupService _setRemoteData()"/>
    <testcase name="resolves the promise when data is stored" time="0.013" classname="PhantomJS 1.9.8 (Windows 7).WarmupService _setRemoteData()"/>
    <testcase name="passes a timestamp when promise is resolved" time="0.012" classname="PhantomJS 1.9.8 (Windows 7).WarmupService _setRemoteData()"/>
    <testcase name="is accessible" time="0.002" classname="PhantomJS 1.9.8 (Windows 7).WarmupService _setRemoteTimestamp()"/>
    <testcase name="is a function" time="0.001" classname="PhantomJS 1.9.8 (Windows 7).WarmupService _setRemoteTimestamp()"/>
    <testcase name="returns a promise" time="0.001" classname="PhantomJS 1.9.8 (Windows 7).WarmupService _setRemoteTimestamp()"/>
    <testcase name="sets the timestamp attribute in the given reference" time="0.001" classname="PhantomJS 1.9.8 (Windows 7).WarmupService _setRemoteTimestamp()"/>
    <testcase name="sets the timestamp if it is newer than the one already stored" time="0.001" classname="PhantomJS 1.9.8 (Windows 7).WarmupService _setRemoteTimestamp()"/>
    <testcase name="resolves the promise if the timestamp is newer than the one already stored" time="0.016" classname="PhantomJS 1.9.8 (Windows 7).WarmupService _setRemoteTimestamp()"/>
    <testcase name="sets the timestamp if there&apos;s no timestamp set" time="0.003" classname="PhantomJS 1.9.8 (Windows 7).WarmupService _setRemoteTimestamp()"/>
    <testcase name="resolves the promise if there&apos;s no timestamp set" time="0.03" classname="PhantomJS 1.9.8 (Windows 7).WarmupService _setRemoteTimestamp()"/>
    <testcase name="does not set the timestamp if it is older than the one stored" time="0.002" classname="PhantomJS 1.9.8 (Windows 7).WarmupService _setRemoteTimestamp()"/>
    <testcase name="rejects the promise if the timestamp is older than the one stored" time="0.012" classname="PhantomJS 1.9.8 (Windows 7).WarmupService _setRemoteTimestamp()"/>
    <testcase name="does not set the timestamp if it is equal the one stored" time="0.003" classname="PhantomJS 1.9.8 (Windows 7).WarmupService _setRemoteTimestamp()"/>
    <testcase name="resolves the promise if the timestamp is equal the one stored" time="0.013" classname="PhantomJS 1.9.8 (Windows 7).WarmupService _setRemoteTimestamp()"/>
    <testcase name="rejects the promise if unable to store the timestamp" time="0.013" classname="PhantomJS 1.9.8 (Windows 7).WarmupService _setRemoteTimestamp()"/>
    <testcase name="is accessible" time="0.003" classname="PhantomJS 1.9.8 (Windows 7).WarmupService _updateRemoteData()"/>
    <testcase name="is a function" time="0.002" classname="PhantomJS 1.9.8 (Windows 7).WarmupService _updateRemoteData()"/>
    <testcase name="returns a promise" time="0.002" classname="PhantomJS 1.9.8 (Windows 7).WarmupService _updateRemoteData()"/>
    <testcase name="rejects the promise if no reference is given" time="0.002" classname="PhantomJS 1.9.8 (Windows 7).WarmupService _updateRemoteData()"/>
    <testcase name="rejects the promise if no timestamp is given" time="0.002" classname="PhantomJS 1.9.8 (Windows 7).WarmupService _updateRemoteData()"/>
    <testcase name="sets the remote data for the given timestamp" time="0.028" classname="PhantomJS 1.9.8 (Windows 7).WarmupService _updateRemoteData()"/>
    <testcase name="sets the remote timestamp once the data is set for it" time="0.023" classname="PhantomJS 1.9.8 (Windows 7).WarmupService _updateRemoteData()"/>
    <testcase name="does not set the remote timestamp if it fails to store the data" time="0.021" classname="PhantomJS 1.9.8 (Windows 7).WarmupService _updateRemoteData()"/>
    <testcase name="broadcasts the RemoteWarmupDataUpdated event when the remote timestamp is set" time="0.032" classname="PhantomJS 1.9.8 (Windows 7).WarmupService _updateRemoteData()"/>
    <testcase name="does not broadcasts the event if failed to set remote timestamp" time="0.024" classname="PhantomJS 1.9.8 (Windows 7).WarmupService _updateRemoteData()"/>
    <testcase name="does not broadcasts the event if failed to set remote data" time="0.022" classname="PhantomJS 1.9.8 (Windows 7).WarmupService _updateRemoteData()"/>
    <testcase name="is accessible" time="0.003" classname="PhantomJS 1.9.8 (Windows 7).WarmupService _watchRemoteData()"/>
    <testcase name="is a function" time="0.002" classname="PhantomJS 1.9.8 (Windows 7).WarmupService _watchRemoteData()"/>
    <testcase name="does nothing if no reference is given" time="0.002" classname="PhantomJS 1.9.8 (Windows 7).WarmupService _watchRemoteData()"/>
    <testcase name="logs an error if no reference is given" time="0.002" classname="PhantomJS 1.9.8 (Windows 7).WarmupService _watchRemoteData()"/>
    <testcase name="listens to change on the remote timestamp" time="0.002" classname="PhantomJS 1.9.8 (Windows 7).WarmupService _watchRemoteData()"/>
    <testcase name="updates local data when local data is not set" time="0.002" classname="PhantomJS 1.9.8 (Windows 7).WarmupService _watchRemoteData()"/>
    <testcase name="updates local data when remote timestamp is newer" time="0.072" classname="PhantomJS 1.9.8 (Windows 7).WarmupService _watchRemoteData()"/>
    <testcase name="updates remote data when remote data is not set" time="0.003" classname="PhantomJS 1.9.8 (Windows 7).WarmupService _watchRemoteData()"/>
    <testcase name="updates remote data when local timestamp is newer" time="0.004" classname="PhantomJS 1.9.8 (Windows 7).WarmupService _watchRemoteData()"/>
    <testcase name="does nothing if nor local nor remote data are set" time="0.003" classname="PhantomJS 1.9.8 (Windows 7).WarmupService _watchRemoteData()"/>
    <testcase name="does nothing if local and remote timestamps are the same" time="0.002" classname="PhantomJS 1.9.8 (Windows 7).WarmupService _watchRemoteData()"/>
    <testcase name="should be there" time="0.087" classname="PhantomJS 1.9.8 (Windows 7).Service: WebSQLDriver_transaction"/>
    <testcase name="should create bucket" time="0.112" classname="PhantomJS 1.9.8 (Windows 7).Service: WebSQLDriver_transaction"/>
    <testcase name="should fail with wrong metaVersion" time="0.063" classname="PhantomJS 1.9.8 (Windows 7).Service: WebSQLDriver_transaction"/>
    <testcase name="should be there" time="0.078" classname="PhantomJS 1.9.8 (Windows 7).Service: WebSQLDriver_dropBucket"/>
    <testcase name="should drop bucket" time="0.17" classname="PhantomJS 1.9.8 (Windows 7).Service: WebSQLDriver_dropBucket"/>
    <testcase name="should be there" time="0.117" classname="PhantomJS 1.9.8 (Windows 7).Service: WebSQLDriver_find"/>
    <testcase name="should return a object" time="0.326" classname="PhantomJS 1.9.8 (Windows 7).Service: WebSQLDriver_find"/>
    <testcase name="shouldn&apos;t return a object" time="0.176" classname="PhantomJS 1.9.8 (Windows 7).Service: WebSQLDriver_find"/>
    <testcase name="should throw an error" time="0.076" classname="PhantomJS 1.9.8 (Windows 7).Service: WebSQLDriver_find"/>
    <testcase name="should be there" time="0.097" classname="PhantomJS 1.9.8 (Windows 7).Service: WebSQLDriver_list"/>
    <testcase name="should return a list with objects without parameters" time="0.282" classname="PhantomJS 1.9.8 (Windows 7).Service: WebSQLDriver_list"/>
    <testcase name="should return a list with objects with parameters" time="0.364" classname="PhantomJS 1.9.8 (Windows 7).Service: WebSQLDriver_list"/>
    <testcase name="should be there" time="0.074" classname="PhantomJS 1.9.8 (Windows 7).Service: WebSQLDriver_persist"/>
    <testcase name="should persist right at bucket with anyorder of attributes" time="0.209" classname="PhantomJS 1.9.8 (Windows 7).Service: WebSQLDriver_persist"/>
    <testcase name="shouldn&apos;t persist if the key already exists at the bucket" time="0.306" classname="PhantomJS 1.9.8 (Windows 7).Service: WebSQLDriver_persist"/>
    <testcase name="shouldn&apos;t persist at bucket without a key" time="0.181" classname="PhantomJS 1.9.8 (Windows 7).Service: WebSQLDriver_persist"/>
    <testcase name="should persist at bucket with a key" time="0.175" classname="PhantomJS 1.9.8 (Windows 7).Service: WebSQLDriver_persist"/>
    <testcase name="should persist if the number of columns does not fits the bucket attributes" time="0.355" classname="PhantomJS 1.9.8 (Windows 7).Service: WebSQLDriver_persist"/>
    <testcase name="shouldn&apos;t persist if the columns&apos;s labels are different from the bucket&apos;s" time="0.224" classname="PhantomJS 1.9.8 (Windows 7).Service: WebSQLDriver_persist"/>
    <testcase name="should be here" time="0.076" classname="PhantomJS 1.9.8 (Windows 7).Service: WebSQLDriver_remove"/>
    <testcase name="should remove an object" time="0.561" classname="PhantomJS 1.9.8 (Windows 7).Service: WebSQLDriver_remove"/>
    <testcase name="should remove an object" time="0.395" classname="PhantomJS 1.9.8 (Windows 7).Service: WebSQLDriver_remove"/>
    <testcase name="should remove an object" time="0.368" classname="PhantomJS 1.9.8 (Windows 7).Service: WebSQLDriver_remove"/>
    <testcase name="should not remove an object" time="0.29" classname="PhantomJS 1.9.8 (Windows 7).Service: WebSQLDriver_remove"/>
    <testcase name="should not remove an object" time="0.346" classname="PhantomJS 1.9.8 (Windows 7).Service: WebSQLDriver_remove"/>
    <testcase name="should be there" time="0.118" classname="PhantomJS 1.9.8 (Windows 7).Service: WebSQLDriver_transaction"/>
    <testcase name="should resolve transaction" time="0.119" classname="PhantomJS 1.9.8 (Windows 7).Service: WebSQLDriver_transaction"/>
    <testcase name="should resolve transaction with failure" time="0.106" classname="PhantomJS 1.9.8 (Windows 7).Service: WebSQLDriver_transaction"/>
    <testcase name="should be there" time="0.087" classname="PhantomJS 1.9.8 (Windows 7).Service: WebSQLDriver_update"/>
    <testcase name="should update a bucket&apos;s item" time="0.472" classname="PhantomJS 1.9.8 (Windows 7).Service: WebSQLDriver_update"/>
    <testcase name="should update more than one bucket&apos;s item with a partial object" time="0.452" classname="PhantomJS 1.9.8 (Windows 7).Service: WebSQLDriver_update"/>
    <testcase name="should not update if the parameters object is not passed" time="0.314" classname="PhantomJS 1.9.8 (Windows 7).Service: WebSQLDriver_update"/>
    <testcase name="should not update if the parameters object has an invalid propriety" time="0.274" classname="PhantomJS 1.9.8 (Windows 7).Service: WebSQLDriver_update"/>
    <testcase name="should not update if the update object have some invalid parameters" time="0.284" classname="PhantomJS 1.9.8 (Windows 7).Service: WebSQLDriver_update"/>
    <testcase name="should not update an inexistent bucket&apos;s item" time="0.086" classname="PhantomJS 1.9.8 (Windows 7).Service: WebSQLDriver_update"/>
    <testcase name="should do something" time="0.002" classname="PhantomJS 1.9.8 (Windows 7).Service: FinancialMathService"/>
    <testcase name="should do something" time="0.002" classname="PhantomJS 1.9.8 (Windows 7).Service: Log"/>
    <testcase name="should do something" time="0.001" classname="PhantomJS 1.9.8 (Windows 7).Service: Misplacedservice"/>
    <testcase name="should calc" time="0.002" classname="PhantomJS 1.9.8 (Windows 7).Service: Misplacedservice"/>
    <testcase name="should calc neg" time="0.001" classname="PhantomJS 1.9.8 (Windows 7).Service: Misplacedservice"/>
    <testcase name="should recalc" time="0.001" classname="PhantomJS 1.9.8 (Windows 7).Service: Misplacedservice"/>
    <testcase name="should not crash" time="0.002" classname="PhantomJS 1.9.8 (Windows 7).Service: Misplacedservice"/>
    <testcase name="should do something" time="0.002" classname="PhantomJS 1.9.8 (Windows 7).Service: ReportService"/>
    <system-out><![CDATA[
]]></system-out>
    <system-err/>
  </testsuite>
</testsuites>
