<?xml version="1.0"?>
<testsuites>
  <testsuite name="PhantomJS 1.9.7 (Windows 7)" package="" timestamp="2014-06-05T14:37:25" id="0" hostname="NOTE-1TM20Y1" tests="1065" errors="0" failures="0" time="0.029">
    <properties>
      <property name="browser.fullName" value="Mozilla/5.0 (Windows NT 6.1; WOW64) AppleWebKit/534.34 (KHTML, like Gecko) PhantomJS/1.9.7 Safari/534.34"/>
    </properties>
    <testcase name="does not change final date when initial date is set to an earlier date" time="0" classname="PhantomJS 1.9.7 (Windows 7).date-range">
      <skipped/>
    </testcase>
    <testcase name="does not change initial date when final date is set to a later date" time="0" classname="PhantomJS 1.9.7 (Windows 7).date-range">
      <skipped/>
    </testcase>
    <testcase name="changes final date to same value as initial date when a later initial date is selected" time="0" classname="PhantomJS 1.9.7 (Windows 7).date-range">
      <skipped/>
    </testcase>
    <testcase name="changes initial date to same value as final date when an earlier final date is selected" time="0" classname="PhantomJS 1.9.7 (Windows 7).date-range">
      <skipped/>
    </testcase>
    <testcase name="limits value by the &quot;min&quot; attribute" time="0" classname="PhantomJS 1.9.7 (Windows 7).date-range">
      <skipped/>
    </testcase>
    <testcase name="limits value by the &quot;max&quot; attribute" time="0" classname="PhantomJS 1.9.7 (Windows 7).date-range">
      <skipped/>
    </testcase>
    <testcase name="sets the values in the object passed to the &quot;ng-model&quot; attribute" time="0" classname="PhantomJS 1.9.7 (Windows 7).date-range">
      <skipped/>
    </testcase>
    <testcase name="initializes with values in the object passed to the &quot;ng-model&quot;" time="0" classname="PhantomJS 1.9.7 (Windows 7).date-range">
      <skipped/>
    </testcase>
    <testcase name="renders two date input fields" time="0" classname="PhantomJS 1.9.7 (Windows 7).date-range">
      <skipped/>
    </testcase>
    <testcase name="disables initial date field when its value is set to &quot;-1&quot;" time="0" classname="PhantomJS 1.9.7 (Windows 7).date-range">
      <skipped/>
    </testcase>
    <testcase name="disables final date field when its value is set to &quot;-1&quot;" time="0" classname="PhantomJS 1.9.7 (Windows 7).date-range">
      <skipped/>
    </testcase>
    <testcase name="changeToDeposit should call the changeState for the selected checks" time="0" classname="PhantomJS 1.9.7 (Windows 7).Controller: receivable-check">
      <skipped/>
    </testcase>
    <testcase name="changeToDeposit should call the changeState for the selected checks, but fail" time="0" classname="PhantomJS 1.9.7 (Windows 7).Controller: receivable-check">
      <skipped/>
    </testcase>
    <testcase name="expect watcher to set the proper values for selected = toDeposit" time="0" classname="PhantomJS 1.9.7 (Windows 7).Controller: receivable-check-watchers">
      <skipped/>
    </testcase>
    <testcase name="expect watcher to set the proper values for selected = deposited" time="0" classname="PhantomJS 1.9.7 (Windows 7).Controller: receivable-check-watchers">
      <skipped/>
    </testcase>
    <testcase name="expect watcher to set the proper values for selected = moneyReceived" time="0" classname="PhantomJS 1.9.7 (Windows 7).Controller: receivable-check-watchers">
      <skipped/>
    </testcase>
    <testcase name="expect watcher to set the proper values for selected = returned" time="0" classname="PhantomJS 1.9.7 (Windows 7).Controller: receivable-check-watchers">
      <skipped/>
    </testcase>
    <testcase name="expect watcher to set the proper values for selected = all" time="0" classname="PhantomJS 1.9.7 (Windows 7).Controller: receivable-check-watchers">
      <skipped/>
    </testcase>
    <testcase name="expect watcher to set the proper values for allChecks = true" time="0" classname="PhantomJS 1.9.7 (Windows 7).Controller: receivable-check-watchers">
      <skipped/>
    </testcase>
    <testcase name="expect watcher to call the filters" time="0" classname="PhantomJS 1.9.7 (Windows 7).Controller: receivable-check-watchers">
      <skipped/>
    </testcase>
    <testcase name="expect watcher to call the filters" time="0" classname="PhantomJS 1.9.7 (Windows 7).Controller: receivable-check-watchers">
      <skipped/>
    </testcase>
    <testcase name="should load the emails" time="0" classname="PhantomJS 1.9.7 (Windows 7).Controller: AddCustomerEmailsDialogCtrl">
      <skipped/>
    </testcase>
    <testcase name="should add email" time="0" classname="PhantomJS 1.9.7 (Windows 7).Controller: AddCustomerEmailsDialogCtrl">
      <skipped/>
    </testcase>
    <testcase name="shouldn&apos;t add email" time="0" classname="PhantomJS 1.9.7 (Windows 7).Controller: AddCustomerEmailsDialogCtrl">
      <skipped/>
    </testcase>
    <testcase name="shouldn&apos;t add email" time="0" classname="PhantomJS 1.9.7 (Windows 7).Controller: AddCustomerEmailsDialogCtrl">
      <skipped/>
    </testcase>
    <testcase name="should move email address up" time="0" classname="PhantomJS 1.9.7 (Windows 7).Controller: AddCustomerEmailsDialogCtrl">
      <skipped/>
    </testcase>
    <testcase name="should move email address down down" time="0" classname="PhantomJS 1.9.7 (Windows 7).Controller: AddCustomerEmailsDialogCtrl">
      <skipped/>
    </testcase>
    <testcase name="should remove email" time="0" classname="PhantomJS 1.9.7 (Windows 7).Controller: AddCustomerEmailsDialogCtrl">
      <skipped/>
    </testcase>
    <testcase name="should cancel add emails" time="0" classname="PhantomJS 1.9.7 (Windows 7).Controller: AddCustomerEmailsDialogCtrl">
      <skipped/>
    </testcase>
    <testcase name="should confirm add emails" time="0" classname="PhantomJS 1.9.7 (Windows 7).Controller: AddCustomerEmailsDialogCtrl">
      <skipped/>
    </testcase>
    <testcase name="should enable the *salvar* button" time="0" classname="PhantomJS 1.9.7 (Windows 7).Controller: AddCustomerEmailsDialogCtrl">
      <skipped/>
    </testcase>
    <testcase name="should enable the *salvar* button" time="0" classname="PhantomJS 1.9.7 (Windows 7).Controller: AddCustomerEmailsDialogCtrl">
      <skipped/>
    </testcase>
    <testcase name="shouldn&apos;t enable the *salvar* button" time="0" classname="PhantomJS 1.9.7 (Windows 7).Controller: AddCustomerEmailsDialogCtrl">
      <skipped/>
    </testcase>
    <testcase name="shouldn&apos;t enable the *salvar* button" time="0" classname="PhantomJS 1.9.7 (Windows 7).Controller: AddCustomerEmailsDialogCtrl">
      <skipped/>
    </testcase>
    <testcase name="should load the phoneTypes" time="0" classname="PhantomJS 1.9.7 (Windows 7).Controller: AddCustomerPhonesDialogCtrl">
      <skipped/>
    </testcase>
    <testcase name="should load the phones" time="0" classname="PhantomJS 1.9.7 (Windows 7).Controller: AddCustomerPhonesDialogCtrl">
      <skipped/>
    </testcase>
    <testcase name="should add phone" time="0" classname="PhantomJS 1.9.7 (Windows 7).Controller: AddCustomerPhonesDialogCtrl">
      <skipped/>
    </testcase>
    <testcase name="shouldn&apos;t add phone" time="0" classname="PhantomJS 1.9.7 (Windows 7).Controller: AddCustomerPhonesDialogCtrl">
      <skipped/>
    </testcase>
    <testcase name="shouldn&apos;t add phone" time="0" classname="PhantomJS 1.9.7 (Windows 7).Controller: AddCustomerPhonesDialogCtrl">
      <skipped/>
    </testcase>
    <testcase name="should move phone number up" time="0" classname="PhantomJS 1.9.7 (Windows 7).Controller: AddCustomerPhonesDialogCtrl">
      <skipped/>
    </testcase>
    <testcase name="should move phone down down" time="0" classname="PhantomJS 1.9.7 (Windows 7).Controller: AddCustomerPhonesDialogCtrl">
      <skipped/>
    </testcase>
    <testcase name="should remove phone" time="0" classname="PhantomJS 1.9.7 (Windows 7).Controller: AddCustomerPhonesDialogCtrl">
      <skipped/>
    </testcase>
    <testcase name="should cancel add phones" time="0" classname="PhantomJS 1.9.7 (Windows 7).Controller: AddCustomerPhonesDialogCtrl">
      <skipped/>
    </testcase>
    <testcase name="should confirm add phones" time="0" classname="PhantomJS 1.9.7 (Windows 7).Controller: AddCustomerPhonesDialogCtrl">
      <skipped/>
    </testcase>
    <testcase name="should enable the *salvar* button, 10 characters number, empty list" time="0" classname="PhantomJS 1.9.7 (Windows 7).Controller: AddCustomerPhonesDialogCtrl">
      <skipped/>
    </testcase>
    <testcase name="should enable the *salvar* button, 10 characters number, already populated list" time="0" classname="PhantomJS 1.9.7 (Windows 7).Controller: AddCustomerPhonesDialogCtrl">
      <skipped/>
    </testcase>
    <testcase name="should enable the *salvar* button, 11 characters number" time="0" classname="PhantomJS 1.9.7 (Windows 7).Controller: AddCustomerPhonesDialogCtrl">
      <skipped/>
    </testcase>
    <testcase name="should enable the *salvar* button, empty input, list with at least one phone " time="0" classname="PhantomJS 1.9.7 (Windows 7).Controller: AddCustomerPhonesDialogCtrl">
      <skipped/>
    </testcase>
    <testcase name="shouldn&apos;t enable the *salvar* button, phones list &gt; 0, input with invalid number" time="0" classname="PhantomJS 1.9.7 (Windows 7).Controller: AddCustomerPhonesDialogCtrl">
      <skipped/>
    </testcase>
    <testcase name="should have days and months filled" time="0" classname="PhantomJS 1.9.7 (Windows 7).Controller: AddCustomerCtrl">
      <skipped/>
    </testcase>
    <testcase name="should have states filled" time="0" classname="PhantomJS 1.9.7 (Windows 7).Controller: AddCustomerCtrl">
      <skipped/>
    </testcase>
    <testcase name="should add a customer" time="0" classname="PhantomJS 1.9.7 (Windows 7).Controller: AddCustomerCtrl">
      <skipped/>
    </testcase>
    <testcase name="shouldn&apos;t add a customer" time="0" classname="PhantomJS 1.9.7 (Windows 7).Controller: AddCustomerCtrl">
      <skipped/>
    </testcase>
    <testcase name="should cancel add a customer" time="0" classname="PhantomJS 1.9.7 (Windows 7).Controller: AddCustomerCtrl">
      <skipped/>
    </testcase>
    <testcase name="should validate the cpf" time="0" classname="PhantomJS 1.9.7 (Windows 7).Controller: AddCustomerCtrl">
      <skipped/>
    </testcase>
    <testcase name="shouldn&apos;t try to validate the cpf" time="0" classname="PhantomJS 1.9.7 (Windows 7).Controller: AddCustomerCtrl">
      <skipped/>
    </testcase>
    <testcase name="shouldn&apos;t validate the cpf" time="0" classname="PhantomJS 1.9.7 (Windows 7).Controller: AddCustomerCtrl">
      <skipped/>
    </testcase>
    <testcase name="should get the CEP" time="0" classname="PhantomJS 1.9.7 (Windows 7).Controller: AddCustomerCtrl">
      <skipped/>
    </testcase>
    <testcase name="is accessible" time="0" classname="PhantomJS 1.9.7 (Windows 7).ChangePassDialogCtrl $scope_changePassword()">
      <skipped/>
    </testcase>
    <testcase name="is a function" time="0" classname="PhantomJS 1.9.7 (Windows 7).ChangePassDialogCtrl $scope_changePassword()">
      <skipped/>
    </testcase>
    <testcase name="does NOT change the password if the form is not valid" time="0" classname="PhantomJS 1.9.7 (Windows 7).ChangePassDialogCtrl $scope_changePassword()">
      <skipped/>
    </testcase>
    <testcase name="shows a message if the form is not valid" time="0" classname="PhantomJS 1.9.7 (Windows 7).ChangePassDialogCtrl $scope_changePassword()">
      <skipped/>
    </testcase>
    <testcase name="tries to change the password if the form is valid" time="0" classname="PhantomJS 1.9.7 (Windows 7).ChangePassDialogCtrl $scope_changePassword()">
      <skipped/>
    </testcase>
    <testcase name="passes the right data to the change password function" time="0" classname="PhantomJS 1.9.7 (Windows 7).ChangePassDialogCtrl $scope_changePassword()">
      <skipped/>
    </testcase>
    <testcase name="shows a message if the password was successfully changed" time="0" classname="PhantomJS 1.9.7 (Windows 7).ChangePassDialogCtrl $scope_changePassword()">
      <skipped/>
    </testcase>
    <testcase name="shows PROPER proper message if the wrong password is passed" time="0" classname="PhantomJS 1.9.7 (Windows 7).ChangePassDialogCtrl $scope_changePassword() error message handling">
      <skipped/>
    </testcase>
    <testcase name="shows PROPER proper message if not connected to Firebase" time="0" classname="PhantomJS 1.9.7 (Windows 7).ChangePassDialogCtrl $scope_changePassword() error message handling">
      <skipped/>
    </testcase>
    <testcase name="shows PROPER proper message if password is not safe enough" time="0" classname="PhantomJS 1.9.7 (Windows 7).ChangePassDialogCtrl $scope_changePassword() error message handling">
      <skipped/>
    </testcase>
    <testcase name="shouldn&apos;t have a customer selected" time="0" classname="PhantomJS 1.9.7 (Windows 7).Controller: ChooseCustomerDialogCtrl">
      <skipped/>
    </testcase>
    <testcase name="should close the dialog without select a customer" time="0" classname="PhantomJS 1.9.7 (Windows 7).Controller: ChooseCustomerDialogCtrl">
      <skipped/>
    </testcase>
    <testcase name="should pass the customer id to dialog.close()" time="0" classname="PhantomJS 1.9.7 (Windows 7).Controller: ChooseCustomerDialogCtrl">
      <skipped/>
    </testcase>
    <testcase name="should close the dialog and redirect to new customer" time="0" classname="PhantomJS 1.9.7 (Windows 7).Controller: ChooseCustomerDialogCtrl">
      <skipped/>
    </testcase>
    <testcase name="should redirect to payment" time="0" classname="PhantomJS 1.9.7 (Windows 7).Controller: HeaderCtrl">
      <skipped/>
    </testcase>
    <testcase name="should open choose customer dialog" time="0" classname="PhantomJS 1.9.7 (Windows 7).Controller: HeaderCtrl">
      <skipped/>
    </testcase>
    <testcase name="sets the customerID from choose customer dialog" time="0" classname="PhantomJS 1.9.7 (Windows 7).Controller: HeaderCtrl">
      <skipped/>
    </testcase>
    <testcase name="should warn about no product" time="0" classname="PhantomJS 1.9.7 (Windows 7).Controller: HeaderCtrl">
      <skipped/>
    </testcase>
    <testcase name="controller is accessible." time="0" classname="PhantomJS 1.9.7 (Windows 7).Controller:HeaderCtrl When create controller_">
      <skipped/>
    </testcase>
    <testcase name="should redirect to login page when UserService logout properly." time="0" classname="PhantomJS 1.9.7 (Windows 7).Controller:HeaderCtrl When logout is trigger">
      <skipped/>
    </testcase>
    <testcase name="should redirect to login page when UserServcice can&apos;t logout" time="0" classname="PhantomJS 1.9.7 (Windows 7).Controller:HeaderCtrl When logout is trigger">
      <skipped/>
    </testcase>
    <testcase name="controller is accessible" time="0" classname="PhantomJS 1.9.7 (Windows 7).Controller : LoginCtrl When create controller">
      <skipped/>
    </testcase>
    <testcase name="should redirect to mainPage when UserServcice accept credentials" time="0" classname="PhantomJS 1.9.7 (Windows 7).Controller : LoginCtrl When login is triggered">
      <skipped/>
    </testcase>
    <testcase name="should show messageDialog when UserServcice denied credentials" time="0" classname="PhantomJS 1.9.7 (Windows 7).Controller : LoginCtrl When login is triggered">
      <skipped/>
    </testcase>
    <testcase name="should consolidate orders by clients." time="0" classname="PhantomJS 1.9.7 (Windows 7).Controller: order-list-clients">
      <skipped/>
    </testcase>
    <testcase name="should consolidate orders by clients." time="0" classname="PhantomJS 1.9.7 (Windows 7).Controller: order-list-products">
      <skipped/>
    </testcase>
    <testcase name="should verify if user is logged in" time="0" classname="PhantomJS 1.9.7 (Windows 7).Controller: order-list When instantiate controller">
      <skipped/>
    </testcase>
    <testcase name="should instantiate dateFilter properly" time="0" classname="PhantomJS 1.9.7 (Windows 7).Controller: order-list When instantiate controller">
      <skipped/>
    </testcase>
    <testcase name="should have 4 orders in the list" time="0" classname="PhantomJS 1.9.7 (Windows 7).Controller: order-list When instantiate controller">
      <skipped/>
    </testcase>
    <testcase name="should reset recevaibles total by type" time="0" classname="PhantomJS 1.9.7 (Windows 7).Controller: order-list When resetPaymentsTotal and resetOrdersTotal is triggered">
      <skipped/>
    </testcase>
    <testcase name="should reset order totals" time="0" classname="PhantomJS 1.9.7 (Windows 7).Controller: order-list When resetPaymentsTotal and resetOrdersTotal is triggered">
      <skipped/>
    </testcase>
    <testcase name="should updateReceivablesTotal calculate properly the receivables by type" time="0" classname="PhantomJS 1.9.7 (Windows 7).Controller: order-list When resetPaymentsTotal and resetOrdersTotal is triggered">
      <skipped/>
    </testcase>
    <testcase name="should updateReceivablesTotal calculate properly the receivable by type" time="0" classname="PhantomJS 1.9.7 (Windows 7).Controller: order-list When resetPaymentsTotal and resetOrdersTotal is triggered">
      <skipped/>
    </testcase>
    <testcase name="should calculate properly the orders totals" time="0" classname="PhantomJS 1.9.7 (Windows 7).Controller: order-list When resetPaymentsTotal and resetOrdersTotal is triggered">
      <skipped/>
    </testcase>
    <testcase name="should argument properly order with itemsQty, avgPrice, amountTotal, avgOrder" time="0" classname="PhantomJS 1.9.7 (Windows 7).Controller: order-list When resetPaymentsTotal and resetOrdersTotal is triggered">
      <skipped/>
    </testcase>
    <testcase name="should filter orders by date" time="0" classname="PhantomJS 1.9.7 (Windows 7).Controller: order-list When resetPaymentsTotal and resetOrdersTotal is triggered When date filter change">
      <skipped/>
    </testcase>
    <testcase name="should add a check payment" time="0" classname="PhantomJS 1.9.7 (Windows 7).Controller: PaymentCheckCtrlAdd">
      <skipped/>
    </testcase>
    <testcase name="should add a check payment with installments" time="0" classname="PhantomJS 1.9.7 (Windows 7).Controller: PaymentCheckCtrlAdd">
      <skipped/>
    </testcase>
    <testcase name="shouldn&apos;t add a check payment with invalid form" time="0" classname="PhantomJS 1.9.7 (Windows 7).Controller: PaymentCheckCtrlAdd">
      <skipped/>
    </testcase>
    <testcase name="shouldn&apos;t add a repeated check payment" time="0" classname="PhantomJS 1.9.7 (Windows 7).Controller: PaymentCheckCtrlAdd">
      <skipped/>
    </testcase>
    <testcase name="shouldn&apos;t add a check with amount 0" time="0" classname="PhantomJS 1.9.7 (Windows 7).Controller: PaymentCheckCtrlAdd">
      <skipped/>
    </testcase>
    <testcase name="should confirm the payments" time="0" classname="PhantomJS 1.9.7 (Windows 7).Controller: PaymentCheckCtrlConfirmChecks">
      <skipped/>
    </testcase>
    <testcase name="should remove a check payment" time="0" classname="PhantomJS 1.9.7 (Windows 7).Controller: PaymentCheckCtrlRemove">
      <skipped/>
    </testcase>
    <testcase name="Should calculate totals - qty=5 " time="0" classname="PhantomJS 1.9.7 (Windows 7).Controller: PaymentCouponCtrl">
      <skipped/>
    </testcase>
    <testcase name="Should calculate totals - qty=23. " time="0" classname="PhantomJS 1.9.7 (Windows 7).Controller: PaymentCouponCtrl">
      <skipped/>
    </testcase>
    <testcase name="should load coupons quantities from PaymentService.persistedCoupons" time="0" classname="PhantomJS 1.9.7 (Windows 7).Controller: PaymentCouponCtrl">
      <skipped/>
    </testcase>
    <testcase name="persists coupons in PaymentService" time="0" classname="PhantomJS 1.9.7 (Windows 7).Controller: PaymentCouponCtrl confirmCoupons()">
      <skipped/>
    </testcase>
    <testcase name="should not create any coupon " time="0" classname="PhantomJS 1.9.7 (Windows 7).Controller: PaymentCouponCtrl">
      <skipped/>
    </testcase>
    <testcase name="should not populate the item list of the order service with a voucher if the list does contains a voucher" time="0" classname="PhantomJS 1.9.7 (Windows 7).Controller: PaymentCouponCtrl">
      <skipped/>
    </testcase>
    <testcase name="should  populate the item list of the order service with a voucher if the list does not contains a voucher" time="0" classname="PhantomJS 1.9.7 (Windows 7).Controller: PaymentCouponCtrl">
      <skipped/>
    </testcase>
    <testcase name="should populate the item list of the order service with a giftcard" time="0" classname="PhantomJS 1.9.7 (Windows 7).Controller: PaymentCouponCtrl">
      <skipped/>
    </testcase>
    <testcase name="should not allow to confirm if the voucher value is zero" time="0" classname="PhantomJS 1.9.7 (Windows 7).Controller: PaymentCouponCtrl">
      <skipped/>
    </testcase>
    <testcase name="allows to remove an existing voucher by setting the value to 0" time="0" classname="PhantomJS 1.9.7 (Windows 7).Controller: PaymentCouponCtrl">
      <skipped/>
    </testcase>
    <testcase name="should allow to confirm if the voucher value is different than zero" time="0" classname="PhantomJS 1.9.7 (Windows 7).Controller: PaymentCouponCtrl">
      <skipped/>
    </testcase>
    <testcase name="should allow to confirm if the voucher value is almost zero" time="0" classname="PhantomJS 1.9.7 (Windows 7).Controller: PaymentCouponCtrl">
      <skipped/>
    </testcase>
    <testcase name="should allow to confirm if the gift value is different than zero and customer is defined" time="0" classname="PhantomJS 1.9.7 (Windows 7).Controller: PaymentCouponCtrl">
      <skipped/>
    </testcase>
    <testcase name="should not allow to confirm if the gift value is zero" time="0" classname="PhantomJS 1.9.7 (Windows 7).Controller: PaymentCouponCtrl">
      <skipped/>
    </testcase>
    <testcase name="should not allow to confirm if the gift customer name is not defined" time="0" classname="PhantomJS 1.9.7 (Windows 7).Controller: PaymentCouponCtrl">
      <skipped/>
    </testcase>
    <testcase name="allows to confirm if total value of coupons is 0 and there are persisted coupons" time="0" classname="PhantomJS 1.9.7 (Windows 7).Controller: PaymentCouponCtrl">
      <skipped/>
    </testcase>
    <testcase name="should not allow to confirm if the total value of coupons is equals or less than zero" time="0" classname="PhantomJS 1.9.7 (Windows 7).Controller: PaymentCouponCtrl">
      <skipped/>
    </testcase>
    <testcase name="should allow to confirm if the total value of coupons is greater than zero" time="0" classname="PhantomJS 1.9.7 (Windows 7).Controller: PaymentCouponCtrl">
      <skipped/>
    </testcase>
    <testcase name="should populate the item list of the order service with a voucher" time="0" classname="PhantomJS 1.9.7 (Windows 7).Controller: PaymentCouponCtrl">
      <skipped/>
    </testcase>
    <testcase name="should add a credit card payment" time="0" classname="PhantomJS 1.9.7 (Windows 7).Controller: PaymentCreditCardCtrl">
      <skipped/>
    </testcase>
    <testcase name="shouldn&apos;t add a credit card payment with invalid form" time="0" classname="PhantomJS 1.9.7 (Windows 7).Controller: PaymentCreditCardCtrl">
      <skipped/>
    </testcase>
    <testcase name="is 0 if change is positive" time="0" classname="PhantomJS 1.9.7 (Windows 7).Controller: PaymentCreditCardCtrl initial amount value">
      <skipped/>
    </testcase>
    <testcase name="is the absolute value of change if change is negative" time="0" classname="PhantomJS 1.9.7 (Windows 7).Controller: PaymentCreditCardCtrl initial amount value">
      <skipped/>
    </testcase>
    <testcase name="is 0 if change is falsy" time="0" classname="PhantomJS 1.9.7 (Windows 7).Controller: PaymentCreditCardCtrl initial amount value">
      <skipped/>
    </testcase>
    <testcase name="should add exchanges to payment exchanges" time="0" classname="PhantomJS 1.9.7 (Windows 7).Controller: PaymentExchangeCtrlConfirm">
      <skipped/>
    </testcase>
    <testcase name="should clear old exchanges before add confirmed exchanges" time="0" classname="PhantomJS 1.9.7 (Windows 7).Controller: PaymentExchangeCtrlConfirm">
      <skipped/>
    </testcase>
    <testcase name="should add an exchange to the list" time="0" classname="PhantomJS 1.9.7 (Windows 7).Controller: PaymentExchangeCtrl">
      <skipped/>
    </testcase>
    <testcase name="should increment the index when add a value to the exchanges list" time="0" classname="PhantomJS 1.9.7 (Windows 7).Controller: PaymentExchangeCtrl">
      <skipped/>
    </testcase>
    <testcase name="should add a correct value to the exchanges list" time="0" classname="PhantomJS 1.9.7 (Windows 7).Controller: PaymentExchangeCtrl">
      <skipped/>
    </testcase>
    <testcase name="should call OnCuffPaymentService.buildInstallments" time="0" classname="PhantomJS 1.9.7 (Windows 7).Controller: PaymentOnCuffCtrlBuildInstallmentsSpec
 Given a controller execution context
 and a valid onCuffRef object 
 When buildInstallments is called
 Then">
      <skipped/>
    </testcase>
    <testcase name="should call OnCuffPaymentService.buildInstallments" time="0" classname="PhantomJS 1.9.7 (Windows 7).Controller: PaymentOnCuffCtrlConfirmSpec
 Given a controller execution context
 and a valid newVal different to the oldVal 
 When duedateWatcherCallback is called
 Then">
      <skipped/>
    </testcase>
    <testcase name="should update onCuff.installments" time="0" classname="PhantomJS 1.9.7 (Windows 7).Controller: PaymentOnCuffCtrlConfirmSpec
 Given a controller execution context
 and a valid newVal different to the oldVal 
 When duedateWatcherCallback is called
 Then">
      <skipped/>
    </testcase>
    <testcase name="should call OnCuffPaymentService.buildInstallments" time="0" classname="PhantomJS 1.9.7 (Windows 7).Controller: PaymentOnCuffCtrlDuedateWatcherCallBackSpec
 Given a controller execution context
 and a valid newVal different to the oldVal 
 When duedateWatcherCallback is called
 Then">
      <skipped/>
    </testcase>
    <testcase name="should update onCuff.installments" time="0" classname="PhantomJS 1.9.7 (Windows 7).Controller: PaymentOnCuffCtrlDuedateWatcherCallBackSpec
 Given a controller execution context
 and a valid newVal different to the oldVal 
 When duedateWatcherCallback is called
 Then">
      <skipped/>
    </testcase>
    <testcase name="shouldn&apos;t call PaymentOnCuffCtrl.buildInstallments" time="0" classname="PhantomJS 1.9.7 (Windows 7).Controller: PaymentOnCuffCtrlDuedateWatcherCallBackSpec
 Given a controller execution context
 and a valid newVal equal to the oldVal 
 When duedateWatcherCallback is called
 Then">
      <skipped/>
    </testcase>
    <testcase name="should left onCuff.installments untouched" time="0" classname="PhantomJS 1.9.7 (Windows 7).Controller: PaymentOnCuffCtrlDuedateWatcherCallBackSpec
 Given a controller execution context
 and a valid newVal equal to the oldVal 
 When duedateWatcherCallback is called
 Then">
      <skipped/>
    </testcase>
    <testcase name="shouldn&apos;t call PaymentOnCuffCtrl.buildInstallments" time="0" classname="PhantomJS 1.9.7 (Windows 7).Controller: PaymentOnCuffCtrlDuedateWatcherCallBackSpec
 Given a controller execution context
 and a invalid newVal 
 When duedateWatcherCallback is called
 Then">
      <skipped/>
    </testcase>
    <testcase name="should left onCuff.installments untouched" time="0" classname="PhantomJS 1.9.7 (Windows 7).Controller: PaymentOnCuffCtrlDuedateWatcherCallBackSpec
 Given a controller execution context
 and a invalid newVal 
 When duedateWatcherCallback is called
 Then">
      <skipped/>
    </testcase>
    <testcase name="should call OnCuffPaymentService.buildInstallments" time="0" classname="PhantomJS 1.9.7 (Windows 7).Controller: PaymentOnCuffCtrlNumberOfInstallmentsWatcherCallBackSpec
 Given a controller execution context
 and a valid newVal different to the oldVal 
 When numberOfInstallmentsWatcherCallback is called
 Then">
      <skipped/>
    </testcase>
    <testcase name="should update onCuff.installments" time="0" classname="PhantomJS 1.9.7 (Windows 7).Controller: PaymentOnCuffCtrlNumberOfInstallmentsWatcherCallBackSpec
 Given a controller execution context
 and a valid newVal different to the oldVal 
 When numberOfInstallmentsWatcherCallback is called
 Then">
      <skipped/>
    </testcase>
    <testcase name="shouldn&apos;t call PaymentOnCuffCtrl.buildInstallments" time="0" classname="PhantomJS 1.9.7 (Windows 7).Controller: PaymentOnCuffCtrlNumberOfInstallmentsWatcherCallBackSpec
 Given a controller execution context
 and a valid newVal equal to the oldVal 
 When numberOfInstallmentsWatcherCallback is called
 Then">
      <skipped/>
    </testcase>
    <testcase name="should left onCuff.installments untouched" time="0" classname="PhantomJS 1.9.7 (Windows 7).Controller: PaymentOnCuffCtrlNumberOfInstallmentsWatcherCallBackSpec
 Given a controller execution context
 and a valid newVal equal to the oldVal 
 When numberOfInstallmentsWatcherCallback is called
 Then">
      <skipped/>
    </testcase>
    <testcase name="should call OnCuffPaymentService.buildInstallments" time="0" classname="PhantomJS 1.9.7 (Windows 7).Controller: PaymentOnCuffCtrlRecalcSpec
 Given a controller execution context
 and a valid newVal different to the oldVal 
 When duedateWatcherCallback is called
 Then">
      <skipped/>
    </testcase>
    <testcase name="should allow entrance" time="0" classname="PhantomJS 1.9.7 (Windows 7).Controller: PaymentOnCuffCtrlShoudOpenSpec
 Given a controller execution context
 and a scope inherited negative total_change 
 When the controller is instantiated 
 Then">
      <skipped/>
    </testcase>
    <testcase name="should allow entrance" time="0" classname="PhantomJS 1.9.7 (Windows 7).Controller: PaymentOnCuffCtrlShoudOpenSpec
 Given a controller execution context
 and a scope inherited zero total_change 
 When the controller is instantiated 
 Then">
      <skipped/>
    </testcase>
    <testcase name="shouldn&apos;t allow entrance" time="0" classname="PhantomJS 1.9.7 (Windows 7).Controller: PaymentOnCuffCtrlShoudOpenSpec
 Given a controller execution context
 and a scope inherited positive total_change 
 When the controller is instantiated 
 Then">
      <skipped/>
    </testcase>
    <testcase name="should have shouldOpen function" time="0" classname="PhantomJS 1.9.7 (Windows 7).Controller: PaymentOnCuffCtrl
 Given a controller execution context
 When the controller is instantiated 
 Then">
      <skipped/>
    </testcase>
    <testcase name="should have shouldOpen function" time="0" classname="PhantomJS 1.9.7 (Windows 7).Controller: PaymentOnCuffCtrl
 Given a controller execution context
 When the controller is instantiated 
 Then">
      <skipped/>
    </testcase>
    <testcase name="should have numberOfInstallmentsWatcherCallback function" time="0" classname="PhantomJS 1.9.7 (Windows 7).Controller: PaymentOnCuffCtrl
 Given a controller execution context
 When the controller is instantiated 
 Then">
      <skipped/>
    </testcase>
    <testcase name="should have duedateWatcherCallback function" time="0" classname="PhantomJS 1.9.7 (Windows 7).Controller: PaymentOnCuffCtrl
 Given a controller execution context
 When the controller is instantiated 
 Then">
      <skipped/>
    </testcase>
    <testcase name="should have recalcInstallments function in scope" time="0" classname="PhantomJS 1.9.7 (Windows 7).Controller: PaymentOnCuffCtrl
 Given a controller execution context
 When the controller is instantiated 
 Then">
      <skipped/>
    </testcase>
    <testcase name="should have confirmOnCuffPayment function in scope" time="0" classname="PhantomJS 1.9.7 (Windows 7).Controller: PaymentOnCuffCtrl
 Given a controller execution context
 When the controller is instantiated 
 Then">
      <skipped/>
    </testcase>
    <testcase name="should have onCuff variable in scope" time="0" classname="PhantomJS 1.9.7 (Windows 7).Controller: PaymentOnCuffCtrl
 Given a controller execution context
 When the controller is instantiated 
 Then">
      <skipped/>
    </testcase>
    <testcase name="should have TODAY variable in scope" time="0" classname="PhantomJS 1.9.7 (Windows 7).Controller: PaymentOnCuffCtrl
 Given a controller execution context
 When the controller is instantiated 
 Then">
      <skipped/>
    </testcase>
    <testcase name="should have a watcher on onCuff.duedate" time="0" classname="PhantomJS 1.9.7 (Windows 7).Controller: PaymentOnCuffCtrl
 Given a controller execution context
 When the controller is instantiated 
 Then">
      <skipped/>
    </testcase>
    <testcase name="should have a watcher on onCuff.duedate" time="0" classname="PhantomJS 1.9.7 (Windows 7).Controller: PaymentOnCuffCtrl
 Given a controller execution context
 When the controller is instantiated 
 Then">
      <skipped/>
    </testcase>
    <testcase name="should initialize the receivable" time="0" classname="PhantomJS 1.9.7 (Windows 7).Controller: ReceivableCtrlAdd">
      <skipped/>
    </testcase>
    <testcase name="should register a receivable" time="0" classname="PhantomJS 1.9.7 (Windows 7).Controller: ReceivableCtrlAdd">
      <skipped/>
    </testcase>
    <testcase name="should generate installments" time="0" classname="PhantomJS 1.9.7 (Windows 7).Controller: ReceivableCtrlAdd">
      <skipped/>
    </testcase>
    <testcase name="is a function" time="0" classname="PhantomJS 1.9.7 (Windows 7).Controller: ReceivableListCtrl ReceivableListCtrl_receivableDateFilter">
      <skipped/>
    </testcase>
    <testcase name="returns true if receivable duedate is equal initial datetime" time="0" classname="PhantomJS 1.9.7 (Windows 7).Controller: ReceivableListCtrl ReceivableListCtrl_receivableDateFilter">
      <skipped/>
    </testcase>
    <testcase name="returns true if receivable duedate is equal final datetime" time="0" classname="PhantomJS 1.9.7 (Windows 7).Controller: ReceivableListCtrl ReceivableListCtrl_receivableDateFilter">
      <skipped/>
    </testcase>
    <testcase name="returns true if receivable duedate is greater than initial datetime and lower than final datetime" time="0" classname="PhantomJS 1.9.7 (Windows 7).Controller: ReceivableListCtrl ReceivableListCtrl_receivableDateFilter">
      <skipped/>
    </testcase>
    <testcase name="returns false if receivable duedate is lower than initial datetime" time="0" classname="PhantomJS 1.9.7 (Windows 7).Controller: ReceivableListCtrl ReceivableListCtrl_receivableDateFilter">
      <skipped/>
    </testcase>
    <testcase name="is set to current date on initialization" time="0" classname="PhantomJS 1.9.7 (Windows 7).Controller: ReceivableListCtrl filtering initial date">
      <skipped/>
    </testcase>
    <testcase name="is always the latest" time="0" classname="PhantomJS 1.9.7 (Windows 7).Controller: ReceivableListCtrl filtering final date">
      <skipped/>
    </testcase>
    <testcase name="is set to current date on initialization" time="0" classname="PhantomJS 1.9.7 (Windows 7).Controller: ReceivableListCtrl filtering final date">
      <skipped/>
    </testcase>
    <testcase name="should isValid return true" time="0" classname="PhantomJS 1.9.7 (Windows 7).Controller: ReceivableReceiveCtrl">
      <skipped/>
    </testcase>
    <testcase name="should isValid return false" time="0" classname="PhantomJS 1.9.7 (Windows 7).Controller: ReceivableReceiveCtrl">
      <skipped/>
    </testcase>
    <testcase name="should valid if user is loggedIn" time="0" classname="PhantomJS 1.9.7 (Windows 7).Controller: ReceivableCtrl">
      <skipped/>
    </testcase>
    <testcase name="should filter by entity" time="0" classname="PhantomJS 1.9.7 (Windows 7).Controller: voucher-active">
      <skipped/>
    </testcase>
    <testcase name="should filter by type" time="0" classname="PhantomJS 1.9.7 (Windows 7).Controller: voucher-active">
      <skipped/>
    </testcase>
    <testcase name="should filter by amount" time="0" classname="PhantomJS 1.9.7 (Windows 7).Controller: voucher-active">
      <skipped/>
    </testcase>
    <testcase name="should filter by date" time="0" classname="PhantomJS 1.9.7 (Windows 7).Controller: voucher-active">
      <skipped/>
    </testcase>
    <testcase name="should filter by entity" time="0" classname="PhantomJS 1.9.7 (Windows 7).Controller: voucher-historic">
      <skipped/>
    </testcase>
    <testcase name="should filter by type" time="0" classname="PhantomJS 1.9.7 (Windows 7).Controller: voucher-historic">
      <skipped/>
    </testcase>
    <testcase name="should filter by type" time="0" classname="PhantomJS 1.9.7 (Windows 7).Controller: voucher-historic">
      <skipped/>
    </testcase>
    <testcase name="should filter by initial date" time="0" classname="PhantomJS 1.9.7 (Windows 7).Controller: voucher-historic">
      <skipped/>
    </testcase>
    <testcase name="should filter by final date" time="0" classname="PhantomJS 1.9.7 (Windows 7).Controller: voucher-historic">
      <skipped/>
    </testcase>
    <testcase name="should make a customer name compliant" time="0" classname="PhantomJS 1.9.7 (Windows 7).Directive: upperCase">
      <skipped/>
    </testcase>
    <testcase name="should make a customer name compliant, even with numbers" time="0" classname="PhantomJS 1.9.7 (Windows 7).Directive: upperCase">
      <skipped/>
    </testcase>
    <testcase name="should make lowerCase text" time="0" classname="PhantomJS 1.9.7 (Windows 7).Directive: lowerCase">
      <skipped/>
    </testcase>
    <testcase name="Then should call the promise function" time="0" classname="PhantomJS 1.9.7 (Windows 7).Directive: promiseClick
 Given a button with promiseClick directive 
 and function that returns a promise is passed
 and has no ng-click
 When the button is clicked
">
      <skipped/>
    </testcase>
    <testcase name="shouldn&apos;t log any warning" time="0" classname="PhantomJS 1.9.7 (Windows 7).Directive: promiseClick
 Given a button with promiseClick directive 
 and function that returns a promise is passed
 and has no ng-click
 When the button is clicked
">
      <skipped/>
    </testcase>
    <testcase name="shouldn&apos;t log any error" time="0" classname="PhantomJS 1.9.7 (Windows 7).Directive: promiseClick
 Given a button with promiseClick directive 
 and function that returns a promise is passed
 and has no ng-click
 When the button is clicked
">
      <skipped/>
    </testcase>
    <testcase name="Then should call the promise function" time="0" classname="PhantomJS 1.9.7 (Windows 7).Directive: promiseClick
 Given a button with promiseClick directive 
 and function that returns a promise is passed
 and has ng-click
 When the button is clicked
">
      <skipped/>
    </testcase>
    <testcase name="should log warning" time="0" classname="PhantomJS 1.9.7 (Windows 7).Directive: promiseClick
 Given a button with promiseClick directive 
 and function that returns a promise is passed
 and has ng-click
 When the button is clicked
">
      <skipped/>
    </testcase>
    <testcase name="shouldn&apos;t log any error" time="0" classname="PhantomJS 1.9.7 (Windows 7).Directive: promiseClick
 Given a button with promiseClick directive 
 and function that returns a promise is passed
 and has ng-click
 When the button is clicked
">
      <skipped/>
    </testcase>
    <testcase name="Then should call the promise function" time="0" classname="PhantomJS 1.9.7 (Windows 7).Directive: promiseClick
 Given a button with promiseClick directive 
 and function that returns a promise is not passed
 and has ng-click
 When the button is clicked
">
      <skipped/>
    </testcase>
    <testcase name="shouldn&apos;t log any warning" time="0" classname="PhantomJS 1.9.7 (Windows 7).Directive: promiseClick
 Given a button with promiseClick directive 
 and function that returns a promise is not passed
 and has ng-click
 When the button is clicked
">
      <skipped/>
    </testcase>
    <testcase name="shouldn&apos;t log any error" time="0" classname="PhantomJS 1.9.7 (Windows 7).Directive: promiseClick
 Given a button with promiseClick directive 
 and function that returns a promise is not passed
 and has ng-click
 When the button is clicked
">
      <skipped/>
    </testcase>
    <testcase name="Then should call the promise function" time="0" classname="PhantomJS 1.9.7 (Windows 7).Directive: promiseClick
 Given a button with promiseClick directive 
 and function that returns a promise is not passed
 and has no ng-click
 When the button is clicked
">
      <skipped/>
    </testcase>
    <testcase name="shouldn&apos;t log any warning" time="0" classname="PhantomJS 1.9.7 (Windows 7).Directive: promiseClick
 Given a button with promiseClick directive 
 and function that returns a promise is not passed
 and has no ng-click
 When the button is clicked
">
      <skipped/>
    </testcase>
    <testcase name="shouldn&apos;t log any error" time="0" classname="PhantomJS 1.9.7 (Windows 7).Directive: promiseClick
 Given a button with promiseClick directive 
 and function that returns a promise is not passed
 and has no ng-click
 When the button is clicked
">
      <skipped/>
    </testcase>
    <testcase name="teste" time="0" classname="PhantomJS 1.9.7 (Windows 7).Directive: tntInput">
      <skipped/>
    </testcase>
    <testcase name="should make upperCase text" time="0" classname="PhantomJS 1.9.7 (Windows 7).Directive: upperCase">
      <skipped/>
    </testcase>
    <testcase name="should make an object with standard uuid into an human friendly code" time="0" classname="PhantomJS 1.9.7 (Windows 7).Filter: uuidCode">
      <skipped/>
    </testcase>
    <testcase name="should make an object with standard uuid into an human friendly code" time="0" classname="PhantomJS 1.9.7 (Windows 7).Filter: uuidCode">
      <skipped/>
    </testcase>
    <testcase name="should make an object with standard uuid into an human friendly code" time="0" classname="PhantomJS 1.9.7 (Windows 7).Filter: uuidCode">
      <skipped/>
    </testcase>
    <testcase name="should do something" time="0" classname="PhantomJS 1.9.7 (Windows 7).Service: AppointmentKeeper">
      <skipped/>
    </testcase>
    <testcase name="should create" time="0" classname="PhantomJS 1.9.7 (Windows 7).Service: AppointmentKeeperAddScenario">
      <skipped/>
    </testcase>
    <testcase name="should not add" time="0" classname="PhantomJS 1.9.7 (Windows 7).Service: AppointmentKeeperAddScenario">
      <skipped/>
    </testcase>
    <testcase name="should handle an add appointment appointment" time="0" classname="PhantomJS 1.9.7 (Windows 7).Service: AppointmentKeeper">
      <skipped/>
    </testcase>
    <testcase name="should add an appoitment" time="0" classname="PhantomJS 1.9.7 (Windows 7).Service: AppointmentKeeper">
      <skipped/>
    </testcase>
    <testcase name="return the correct appointment" time="0" classname="PhantomJS 1.9.7 (Windows 7).Service: AppointmentKeeperReadSpec">
      <skipped/>
    </testcase>
    <testcase name="return null" time="0" classname="PhantomJS 1.9.7 (Windows 7).Service: AppointmentKeeperReadSpec">
      <skipped/>
    </testcase>
    <testcase name="should update" time="0" classname="PhantomJS 1.9.7 (Windows 7).Service: AppointmentKeeperUpdateScenario">
      <skipped/>
    </testcase>
    <testcase name="should not update" time="0" classname="PhantomJS 1.9.7 (Windows 7).Service: AppointmentKeeperUpdateScenario">
      <skipped/>
    </testcase>
    <testcase name="should handle an update an appointment appointment" time="0" classname="PhantomJS 1.9.7 (Windows 7).Service: AppointmentKeeper">
      <skipped/>
    </testcase>
    <testcase name="should update" time="0" classname="PhantomJS 1.9.7 (Windows 7).Service: AppointmentKeeper">
      <skipped/>
    </testcase>
    <testcase name="should throw error" time="0" classname="PhantomJS 1.9.7 (Windows 7).Service: AppointmentKeeper">
      <skipped/>
    </testcase>
    <testcase name="should create two new book" time="0" classname="PhantomJS 1.9.7 (Windows 7).Service: BookKeeperAddSpec">
      <skipped/>
    </testcase>
    <testcase name="should nuke book entries" time="0" classname="PhantomJS 1.9.7 (Windows 7).Service: BookKeeperNukeSpec">
      <skipped/>
    </testcase>
    <testcase name="should create replace the current books with the snapshot" time="0" classname="PhantomJS 1.9.7 (Windows 7).Service: BookKeeperNukeSpec">
      <skipped/>
    </testcase>
    <testcase name="should create a new Check instance" time="0" classname="PhantomJS 1.9.7 (Windows 7).Service: CheckEntity">
      <skipped/>
    </testcase>
    <testcase name="should create a new Check instance" time="0" classname="PhantomJS 1.9.7 (Windows 7).Service: CheckEntity">
      <skipped/>
    </testcase>
    <testcase name="shouldn&apos;t create a new Check" time="0" classname="PhantomJS 1.9.7 (Windows 7).Service: CheckEntity">
      <skipped/>
    </testcase>
    <testcase name="should add a check" time="0" classname="PhantomJS 1.9.7 (Windows 7).Service: CheckKeeperAddSpec">
      <skipped/>
    </testcase>
    <testcase name="shouldn&apos;t add a check, unexpected property" time="0" classname="PhantomJS 1.9.7 (Windows 7).Service: CheckKeeperAddSpec">
      <skipped/>
    </testcase>
    <testcase name="should handle an add check event" time="0" classname="PhantomJS 1.9.7 (Windows 7).Service: CheckKeeperAddSpec">
      <skipped/>
    </testcase>
    <testcase name="should handle an add check event" time="0" classname="PhantomJS 1.9.7 (Windows 7).Service: CheckKeeperAddSpec">
      <skipped/>
    </testcase>
    <testcase name="should change the state of a check" time="0" classname="PhantomJS 1.9.7 (Windows 7).Service: CheckKeeperChangeStateSpec">
      <skipped/>
    </testcase>
    <testcase name="should handle an changeState check event" time="0" classname="PhantomJS 1.9.7 (Windows 7).Service: CheckKeeperChangeStateSpec">
      <skipped/>
    </testcase>
    <testcase name="should return the same entity" time="0" classname="PhantomJS 1.9.7 (Windows 7).Service: CoinKeeperAddExpense">
      <skipped/>
    </testcase>
    <testcase name="should add a expense" time="0" classname="PhantomJS 1.9.7 (Windows 7).Service: CoinKeeperAddExpense">
      <skipped/>
    </testcase>
    <testcase name="shouldn&apos;t add a expense" time="0" classname="PhantomJS 1.9.7 (Windows 7).Service: CoinKeeperAddExpense">
      <skipped/>
    </testcase>
    <testcase name="should handle an add expense event" time="0" classname="PhantomJS 1.9.7 (Windows 7).Service: CoinKeeperAddExpense">
      <skipped/>
    </testcase>
    <testcase name="should receive a payment to a expense" time="0" classname="PhantomJS 1.9.7 (Windows 7).Service: CoinKeeperReceiveExpensesSpec">
      <skipped/>
    </testcase>
    <testcase name="shouldn&apos;t receive a payment to a expense" time="0" classname="PhantomJS 1.9.7 (Windows 7).Service: CoinKeeperReceiveExpensesSpec">
      <skipped/>
    </testcase>
    <testcase name="should handle a receive payment event" time="0" classname="PhantomJS 1.9.7 (Windows 7).Service: CoinKeeperReceiveExpensesSpec">
      <skipped/>
    </testcase>
    <testcase name="shouldn&apos;t handle a receive payment event" time="0" classname="PhantomJS 1.9.7 (Windows 7).Service: CoinKeeperReceiveExpensesSpec">
      <skipped/>
    </testcase>
    <testcase name="should update a check" time="0" classname="PhantomJS 1.9.7 (Windows 7).Service: CoinKeeperUpdateCheck">
      <skipped/>
    </testcase>
    <testcase name="should do something" time="0" classname="PhantomJS 1.9.7 (Windows 7).ConsultantKeeper">
      <skipped/>
    </testcase>
    <testcase name="should create" time="0" classname="PhantomJS 1.9.7 (Windows 7).Service: ConsultantKeeperAddScenario">
      <skipped/>
    </testcase>
    <testcase name="should not add" time="0" classname="PhantomJS 1.9.7 (Windows 7).Service: ConsultantKeeperAddScenario">
      <skipped/>
    </testcase>
    <testcase name="should handle an add consultant event" time="0" classname="PhantomJS 1.9.7 (Windows 7).Service: ConsultantKeeper">
      <skipped/>
    </testcase>
    <testcase name="should add" time="0" classname="PhantomJS 1.9.7 (Windows 7).Service: ConsultantKeeper">
      <skipped/>
    </testcase>
    <testcase name="return the correct consultant" time="0" classname="PhantomJS 1.9.7 (Windows 7).Service: ConsultantKeeperReadSpec">
      <skipped/>
    </testcase>
    <testcase name="return null" time="0" classname="PhantomJS 1.9.7 (Windows 7).Service: ConsultantKeeperReadSpec">
      <skipped/>
    </testcase>
    <testcase name="should update" time="0" classname="PhantomJS 1.9.7 (Windows 7).Service: ConsultantKeeperUpdateScenario">
      <skipped/>
    </testcase>
    <testcase name="should throw exception" time="0" classname="PhantomJS 1.9.7 (Windows 7).Service: ConsultantKeeperUpdateScenario">
      <skipped/>
    </testcase>
    <testcase name="should not update" time="0" classname="PhantomJS 1.9.7 (Windows 7).Service: ConsultantKeeperUpdateScenario">
      <skipped/>
    </testcase>
    <testcase name="should handle an update consultant event" time="0" classname="PhantomJS 1.9.7 (Windows 7).Service: ConsultantKeeper">
      <skipped/>
    </testcase>
    <testcase name="should update" time="0" classname="PhantomJS 1.9.7 (Windows 7).Service: ConsultantKeeper">
      <skipped/>
    </testcase>
    <testcase name="should throw error" time="0" classname="PhantomJS 1.9.7 (Windows 7).Service: ConsultantKeeper">
      <skipped/>
    </testcase>
    <testcase name="should do something" time="0" classname="PhantomJS 1.9.7 (Windows 7).Service: EntityKeeper">
      <skipped/>
    </testcase>
    <testcase name="should create" time="0" classname="PhantomJS 1.9.7 (Windows 7).Service: EntityKeeperAddScenario">
      <skipped/>
    </testcase>
    <testcase name="should not add" time="0" classname="PhantomJS 1.9.7 (Windows 7).Service: EntityKeeperAddScenario">
      <skipped/>
    </testcase>
    <testcase name="should handle an add entity event" time="0" classname="PhantomJS 1.9.7 (Windows 7).Service: EntityKeeper">
      <skipped/>
    </testcase>
    <testcase name="should add" time="0" classname="PhantomJS 1.9.7 (Windows 7).Service: EntityKeeper">
      <skipped/>
    </testcase>
    <testcase name="return the correct entity" time="0" classname="PhantomJS 1.9.7 (Windows 7).Service: EntityKeeperReadSpec">
      <skipped/>
    </testcase>
    <testcase name="return null" time="0" classname="PhantomJS 1.9.7 (Windows 7).Service: EntityKeeperReadSpec">
      <skipped/>
    </testcase>
    <testcase name="should update" time="0" classname="PhantomJS 1.9.7 (Windows 7).Service: EntityKeeperUpdateScenario">
      <skipped/>
    </testcase>
    <testcase name="should throw exception" time="0" classname="PhantomJS 1.9.7 (Windows 7).Service: EntityKeeperUpdateScenario">
      <skipped/>
    </testcase>
    <testcase name="should not update" time="0" classname="PhantomJS 1.9.7 (Windows 7).Service: EntityKeeperUpdateScenario">
      <skipped/>
    </testcase>
    <testcase name="should handle an update entity event" time="0" classname="PhantomJS 1.9.7 (Windows 7).Service: EntityKeeper">
      <skipped/>
    </testcase>
    <testcase name="should update" time="0" classname="PhantomJS 1.9.7 (Windows 7).Service: EntityKeeper">
      <skipped/>
    </testcase>
    <testcase name="should throw error" time="0" classname="PhantomJS 1.9.7 (Windows 7).Service: EntityKeeper">
      <skipped/>
    </testcase>
    <testcase name="should do something" time="0" classname="PhantomJS 1.9.7 (Windows 7).Service: GridKeeper">
      <skipped/>
    </testcase>
    <testcase name="should build a grid" time="0" classname="PhantomJS 1.9.7 (Windows 7).Service: GridKeeper">
      <skipped/>
    </testcase>
    <testcase name="should build an empty inventory" time="0" classname="PhantomJS 1.9.7 (Windows 7).Service: GridKeeper">
      <skipped/>
    </testcase>
    <testcase name="should build a grid" time="0" classname="PhantomJS 1.9.7 (Windows 7).Service: GridKeeper">
      <skipped/>
    </testcase>
    <testcase name="should build an empty inventory" time="0" classname="PhantomJS 1.9.7 (Windows 7).Service: GridKeeper">
      <skipped/>
    </testcase>
    <testcase name="should do something" time="0" classname="PhantomJS 1.9.7 (Windows 7).Service: InventoryKeeper">
      <skipped/>
    </testcase>
    <testcase name="should validate data" time="0" classname="PhantomJS 1.9.7 (Windows 7).Service: InventoryKeeper">
      <skipped/>
    </testcase>
    <testcase name="should has read only id" time="0" classname="PhantomJS 1.9.7 (Windows 7).Service: InventoryKeeper">
      <skipped/>
    </testcase>
    <testcase name="should do something" time="0" classname="PhantomJS 1.9.7 (Windows 7).Service: Journalservice">
      <skipped/>
    </testcase>
    <testcase name="should compose" time="0" classname="PhantomJS 1.9.7 (Windows 7).Service: JournalKeeperCompose">
      <skipped/>
    </testcase>
    <testcase name="should fail to compose on a wrong instance type" time="0" classname="PhantomJS 1.9.7 (Windows 7).Service: JournalKeeperCompose">
      <skipped/>
    </testcase>
    <testcase name="should fail to compose on storage.persist failure" time="0" classname="PhantomJS 1.9.7 (Windows 7).Service: JournalKeeperCompose">
      <skipped/>
    </testcase>
    <testcase name="should fail to compose on replay failure" time="0" classname="PhantomJS 1.9.7 (Windows 7).Service: JournalKeeperCompose">
      <skipped/>
    </testcase>
    <testcase name="should log a fatal on persist failure" time="0" classname="PhantomJS 1.9.7 (Windows 7).Service: JournalKeeperCompose">
      <skipped/>
    </testcase>
    <testcase name="should log a fatal on replay failure" time="0" classname="PhantomJS 1.9.7 (Windows 7).Service: JournalKeeperCompose">
      <skipped/>
    </testcase>
    <testcase name="increments the sequence value by 1" time="0" classname="PhantomJS 1.9.7 (Windows 7).Service: JournalKeeperCompose">
      <skipped/>
    </testcase>
    <testcase name="should insert the entry" time="0" classname="PhantomJS 1.9.7 (Windows 7).Service: JournalKeeperInsert">
      <skipped/>
    </testcase>
    <testcase name="should fail to insert on a wrong instance type" time="0" classname="PhantomJS 1.9.7 (Windows 7).Service: JournalKeeperInsert">
      <skipped/>
    </testcase>
    <testcase name="should fail to insert on storage.persist failure" time="0" classname="PhantomJS 1.9.7 (Windows 7).Service: JournalKeeperInsert">
      <skipped/>
    </testcase>
    <testcase name="should fail to insert on replay failure" time="0" classname="PhantomJS 1.9.7 (Windows 7).Service: JournalKeeperInsert">
      <skipped/>
    </testcase>
    <testcase name="should log a fatal on persist failure" time="0" classname="PhantomJS 1.9.7 (Windows 7).Service: JournalKeeperInsert">
      <skipped/>
    </testcase>
    <testcase name="should log a fatal on replay failure" time="0" classname="PhantomJS 1.9.7 (Windows 7).Service: JournalKeeperInsert">
      <skipped/>
    </testcase>
    <testcase name="updates sequence value if entry&apos;s value is higher than current sequence" time="0" classname="PhantomJS 1.9.7 (Windows 7).Service: JournalKeeperInsert">
      <skipped/>
    </testcase>
    <testcase name="does not update sequence value if entry&apos;s value is lower than current sequence" time="0" classname="PhantomJS 1.9.7 (Windows 7).Service: JournalKeeperInsert">
      <skipped/>
    </testcase>
    <testcase name="updates the entry in persistent storage" time="0" classname="PhantomJS 1.9.7 (Windows 7).Service: JournalKeeperMarkAsSynced">
      <skipped/>
    </testcase>
    <testcase name="logs an error if update fails" time="0" classname="PhantomJS 1.9.7 (Windows 7).Service: JournalKeeperMarkAsSynced">
      <skipped/>
    </testcase>
    <testcase name="clears journal entries from persistent storage" time="0" classname="PhantomJS 1.9.7 (Windows 7).Service: JournalKeeperNuke">
      <skipped/>
    </testcase>
    <testcase name="logs a fatal if nuke fails" time="0" classname="PhantomJS 1.9.7 (Windows 7).Service: JournalKeeperNuke">
      <skipped/>
    </testcase>
    <testcase name="gets oldest unsynced entry from persisted storage" time="0" classname="PhantomJS 1.9.7 (Windows 7).Service: JournalKeeperReadOldestUnsynced">
      <skipped/>
    </testcase>
    <testcase name="gets unsynced entries from persisted storage" time="0" classname="PhantomJS 1.9.7 (Windows 7).Service: JournalKeeperReadUnsynced">
      <skipped/>
    </testcase>
    <testcase name="removes the given entry using PersistentStorage" time="0" classname="PhantomJS 1.9.7 (Windows 7).Service: JournalKeeperRemove">
      <skipped/>
    </testcase>
    <testcase name="logs an error if removing an entry fails" time="0" classname="PhantomJS 1.9.7 (Windows 7).Service: JournalKeeperRemove">
      <skipped/>
    </testcase>
    <testcase name="stores the given journal entry in the persistent storage" time="0" classname="PhantomJS 1.9.7 (Windows 7).Keeper: JournalKeeper_compose() in a happy day">
      <skipped/>
    </testcase>
    <testcase name="updates entries&apos; sequence" time="0" classname="PhantomJS 1.9.7 (Windows 7).Keeper: JournalKeeper_compose() in a happy day">
      <skipped/>
    </testcase>
    <testcase name="replays the entry to its keeper" time="0" classname="PhantomJS 1.9.7 (Windows 7).Keeper: JournalKeeper_compose() in a happy day">
      <skipped/>
    </testcase>
    <testcase name="flags the given entry as synced" time="0" classname="PhantomJS 1.9.7 (Windows 7).Keeper: JournalKeeper_markAsSynced() scenario in happy day scenario">
      <skipped/>
    </testcase>
    <testcase name="gets the unsynced entries from persistent storage" time="0" classname="PhantomJS 1.9.7 (Windows 7).Keeper: JournalKeeper_readUnsynced() scenario in happy day scenario">
      <skipped/>
    </testcase>
    <testcase name="removes the given entry from persistent storage" time="0" classname="PhantomJS 1.9.7 (Windows 7).Keeper: JournalKeeper_remove() scenario Journal entry removal in happy day scenario">
      <skipped/>
    </testcase>
    <testcase name="should be acessible" time="0" classname="PhantomJS 1.9.7 (Windows 7).Service: MasterKeeper">
      <skipped/>
    </testcase>
    <testcase name="should initialize the necessary properties" time="0" classname="PhantomJS 1.9.7 (Windows 7).Service: MasterKeeper when creating a new instance of MasterKeeper">
      <skipped/>
    </testcase>
    <testcase name="should mark the sensitive properties as read only" time="0" classname="PhantomJS 1.9.7 (Windows 7).Service: MasterKeeper when creating a new instance of MasterKeeper">
      <skipped/>
    </testcase>
    <testcase name="should accept first letter lower case for dataType and eventOp" time="0" classname="PhantomJS 1.9.7 (Windows 7).Service: MasterKeeper when journalize is triggered">
      <skipped/>
    </testcase>
    <testcase name="should accept first letter upper case for dataType and eventOp" time="0" classname="PhantomJS 1.9.7 (Windows 7).Service: MasterKeeper when journalize is triggered">
      <skipped/>
    </testcase>
    <testcase name="should create entry with the proper date" time="0" classname="PhantomJS 1.9.7 (Windows 7).Service: MasterKeeper when journalize is triggered">
      <skipped/>
    </testcase>
    <testcase name="should create entry with the proper eventVersion" time="0" classname="PhantomJS 1.9.7 (Windows 7).Service: MasterKeeper when journalize is triggered">
      <skipped/>
    </testcase>
    <testcase name="should create entry with the proper event" time="0" classname="PhantomJS 1.9.7 (Windows 7).Service: MasterKeeper when journalize is triggered">
      <skipped/>
    </testcase>
    <testcase name="should call JournalKeeper.compose with the proper entry type" time="0" classname="PhantomJS 1.9.7 (Windows 7).Service: MasterKeeper when journalize is triggered">
      <skipped/>
    </testcase>
    <testcase name="should proxy the return from JorunalKeeper.compose" time="0" classname="PhantomJS 1.9.7 (Windows 7).Service: MasterKeeper when journalize is triggered">
      <skipped/>
    </testcase>
    <testcase name="should create a new Order instance" time="0" classname="PhantomJS 1.9.7 (Windows 7).Service: OrderEntity">
      <skipped/>
    </testcase>
    <testcase name="should add an order" time="0" classname="PhantomJS 1.9.7 (Windows 7).Service: OrderKeeperAddScenario">
      <skipped/>
    </testcase>
    <testcase name="should not add a order" time="0" classname="PhantomJS 1.9.7 (Windows 7).Service: OrderKeeperAddScenario">
      <skipped/>
    </testcase>
    <testcase name="should add an order" time="0" classname="PhantomJS 1.9.7 (Windows 7).Service: OrderKeeperAddSpec">
      <skipped/>
    </testcase>
    <testcase name="shouldn&apos;t add an order" time="0" classname="PhantomJS 1.9.7 (Windows 7).Service: OrderKeeperAddSpec">
      <skipped/>
    </testcase>
    <testcase name="should handle an add order event" time="0" classname="PhantomJS 1.9.7 (Windows 7).Service: OrderKeeperAddSpec">
      <skipped/>
    </testcase>
    <testcase name="should cancel" time="0" classname="PhantomJS 1.9.7 (Windows 7).Service: OrderKeeperCancelScenario">
      <skipped/>
    </testcase>
    <testcase name="should throw an exception" time="0" classname="PhantomJS 1.9.7 (Windows 7).Service: OrderKeeperCancelScenario">
      <skipped/>
    </testcase>
    <testcase name="should cancel an order" time="0" classname="PhantomJS 1.9.7 (Windows 7).Service: OrderKeeperCancelSpec">
      <skipped/>
    </testcase>
    <testcase name="shouldn&apos;t cancel an order" time="0" classname="PhantomJS 1.9.7 (Windows 7).Service: OrderKeeperCancelSpec">
      <skipped/>
    </testcase>
    <testcase name="should return list with 0 items" time="0" classname="PhantomJS 1.9.7 (Windows 7).Service: OrderKeeperListScenario">
      <skipped/>
    </testcase>
    <testcase name="should return populated list with 4 items" time="0" classname="PhantomJS 1.9.7 (Windows 7).Service: OrderKeeperListScenario">
      <skipped/>
    </testcase>
    <testcase name="should return populated list with 6 items" time="0" classname="PhantomJS 1.9.7 (Windows 7).Service: OrderKeeperListScenario">
      <skipped/>
    </testcase>
    <testcase name="should return a list of orders" time="0" classname="PhantomJS 1.9.7 (Windows 7).Service: OrderKeeperListSpec">
      <skipped/>
    </testcase>
    <testcase name="shouldn&apos;t return a orders" time="0" classname="PhantomJS 1.9.7 (Windows 7).Service: OrderKeeperListSpec">
      <skipped/>
    </testcase>
    <testcase name="should return a Order" time="0" classname="PhantomJS 1.9.7 (Windows 7).Service: OrderKeeperReadScenario">
      <skipped/>
    </testcase>
    <testcase name="should not return a Order" time="0" classname="PhantomJS 1.9.7 (Windows 7).Service: OrderKeeperReadScenario">
      <skipped/>
    </testcase>
    <testcase name="should return a order" time="0" classname="PhantomJS 1.9.7 (Windows 7).Service: OrderKeeperReadSpec">
      <skipped/>
    </testcase>
    <testcase name="shouldn&apos;t return a order" time="0" classname="PhantomJS 1.9.7 (Windows 7).Service: OrderKeeperReadSpec">
      <skipped/>
    </testcase>
    <testcase name="should update an order" time="0" classname="PhantomJS 1.9.7 (Windows 7).Service: OrderKeeperUpdateItemQtySpec">
      <skipped/>
    </testcase>
    <testcase name="shouldn&apos;t update an order" time="0" classname="PhantomJS 1.9.7 (Windows 7).Service: OrderKeeperUpdateItemQtySpec">
      <skipped/>
    </testcase>
    <testcase name="should update" time="0" classname="PhantomJS 1.9.7 (Windows 7).Service: OrderKeeperUpdateScenario">
      <skipped/>
    </testcase>
    <testcase name="should throw an exception" time="0" classname="PhantomJS 1.9.7 (Windows 7).Service: OrderKeeperUpdateScenario">
      <skipped/>
    </testcase>
    <testcase name="should update an order" time="0" classname="PhantomJS 1.9.7 (Windows 7).Service: OrderKeeperUpdateSpec">
      <skipped/>
    </testcase>
    <testcase name="shouldn&apos;t update an order" time="0" classname="PhantomJS 1.9.7 (Windows 7).Service: OrderKeeperUpdateSpec">
      <skipped/>
    </testcase>
    <testcase name="should creat a new ProductReturn entity" time="0" classname="PhantomJS 1.9.7 (Windows 7).Service: ProductReturnFactorySpec">
      <skipped/>
    </testcase>
    <testcase name="should throw error" time="0" classname="PhantomJS 1.9.7 (Windows 7).Service: ProductReturnFactorySpec">
      <skipped/>
    </testcase>
    <testcase name="should do something" time="0" classname="PhantomJS 1.9.7 (Windows 7).Service: ProductReturnKeeper">
      <skipped/>
    </testcase>
    <testcase name="should throw error" time="0" classname="PhantomJS 1.9.7 (Windows 7).Service: ProductReturnKeeperAddSpec">
      <skipped/>
    </testcase>
    <testcase name="should create a new PurchaseOrder instance" time="0" classname="PhantomJS 1.9.7 (Windows 7).Service: PurchaseOrderEntity">
      <skipped/>
    </testcase>
    <testcase name="should add a purchase-order" time="0" classname="PhantomJS 1.9.7 (Windows 7).Service: PurchaseOrderKeeperAddSpec">
      <skipped/>
    </testcase>
    <testcase name="shouldn&apos;t add a purchase-order" time="0" classname="PhantomJS 1.9.7 (Windows 7).Service: PurchaseOrderKeeperAddSpec">
      <skipped/>
    </testcase>
    <testcase name="should handle an add purchase-order event" time="0" classname="PhantomJS 1.9.7 (Windows 7).Service: PurchaseOrderKeeperAddSpec">
      <skipped/>
    </testcase>
    <testcase name="should cancel a PurchaseOrder" time="0" classname="PhantomJS 1.9.7 (Windows 7).Service: PurchaseOrderKeeperCancelSpec">
      <skipped/>
    </testcase>
    <testcase name="shouldn&apos;t cancel a PurchaseOrder" time="0" classname="PhantomJS 1.9.7 (Windows 7).Service: PurchaseOrderKeeperCancelSpec">
      <skipped/>
    </testcase>
    <testcase name="should return a list of purchaseOrders" time="0" classname="PhantomJS 1.9.7 (Windows 7).Service: PurchaseOrderKeeperListSpec">
      <skipped/>
    </testcase>
    <testcase name="shouldn&apos;t return a purchaseOrder" time="0" classname="PhantomJS 1.9.7 (Windows 7).Service: PurchaseOrderKeeperListSpec">
      <skipped/>
    </testcase>
    <testcase name="should return a purchaseOrder" time="0" classname="PhantomJS 1.9.7 (Windows 7).Service: PurchaseOrderKeeperReadSpec">
      <skipped/>
    </testcase>
    <testcase name="shouldn&apos;t return a purchaseOrder" time="0" classname="PhantomJS 1.9.7 (Windows 7).Service: PurchaseOrderKeeperReadSpec">
      <skipped/>
    </testcase>
    <testcase name="should create a new Schedule instance" time="0" classname="PhantomJS 1.9.7 (Windows 7).Service: SchedulingEntity">
      <skipped/>
    </testcase>
    <testcase name="should add an schedule" time="0" classname="PhantomJS 1.9.7 (Windows 7).Service: SchedulingKeeperAddSpec">
      <skipped/>
    </testcase>
    <testcase name="shouldn&apos;t add an order" time="0" classname="PhantomJS 1.9.7 (Windows 7).Service: SchedulingKeeperAddSpec">
      <skipped/>
    </testcase>
    <testcase name="should handle an add order event" time="0" classname="PhantomJS 1.9.7 (Windows 7).Service: SchedulingKeeperAddSpec">
      <skipped/>
    </testcase>
    <testcase name="should update an order" time="0" classname="PhantomJS 1.9.7 (Windows 7).Service: SchedulingKeeperUpdateSpec">
      <skipped/>
    </testcase>
    <testcase name="shouldn&apos;t update an order" time="0" classname="PhantomJS 1.9.7 (Windows 7).Service: SchedulingKeeperUpdateSpec">
      <skipped/>
    </testcase>
    <testcase name="should do something" time="0" classname="PhantomJS 1.9.7 (Windows 7).Service: StockKeeper">
      <skipped/>
    </testcase>
    <testcase name="add a new stock" time="0" classname="PhantomJS 1.9.7 (Windows 7).Service: StockKeeperAddScenario">
      <skipped/>
    </testcase>
    <testcase name="update stock" time="0" classname="PhantomJS 1.9.7 (Windows 7).Service: StockKeeperAddScenario">
      <skipped/>
    </testcase>
    <testcase name="should reject promise" time="0" classname="PhantomJS 1.9.7 (Windows 7).Service: StockKeeperAddScenario">
      <skipped/>
    </testcase>
    <testcase name="should reject promise" time="0" classname="PhantomJS 1.9.7 (Windows 7).Service: StockKeeperAddScenario">
      <skipped/>
    </testcase>
    <testcase name="add stock" time="0" classname="PhantomJS 1.9.7 (Windows 7).Service: StockKeeperAddSpec">
      <skipped/>
    </testcase>
    <testcase name="handler add" time="0" classname="PhantomJS 1.9.7 (Windows 7).Service: StockKeeperAddSpec">
      <skipped/>
    </testcase>
    <testcase name="handler add of existent stock" time="0" classname="PhantomJS 1.9.7 (Windows 7).Service: StockKeeperAddSpec">
      <skipped/>
    </testcase>
    <testcase name="should creat a new Stock entity" time="0" classname="PhantomJS 1.9.7 (Windows 7).Service: StockKeeperFactorySpec">
      <skipped/>
    </testcase>
    <testcase name="should throw error" time="0" classname="PhantomJS 1.9.7 (Windows 7).Service: StockKeeperFactorySpec">
      <skipped/>
    </testcase>
    <testcase name="should cancel" time="0" classname="PhantomJS 1.9.7 (Windows 7).Service: StockeeperRemoveScenario">
      <skipped/>
    </testcase>
    <testcase name="should reject promise" time="0" classname="PhantomJS 1.9.7 (Windows 7).Service: StockeeperRemoveScenario">
      <skipped/>
    </testcase>
    <testcase name="remove stock" time="0" classname="PhantomJS 1.9.7 (Windows 7).Service: StockKeeperRemoveSpec">
      <skipped/>
    </testcase>
    <testcase name="handler remove stock" time="0" classname="PhantomJS 1.9.7 (Windows 7).Service: StockKeeperRemoveSpec">
      <skipped/>
    </testcase>
    <testcase name="handler throw error" time="0" classname="PhantomJS 1.9.7 (Windows 7).Service: StockKeeperRemoveSpec">
      <skipped/>
    </testcase>
    <testcase name="should reserve new item" time="0" classname="PhantomJS 1.9.7 (Windows 7).StockeeperReserveScenario">
      <skipped/>
    </testcase>
    <testcase name="should reserve" time="0" classname="PhantomJS 1.9.7 (Windows 7).StockeeperReserveScenario">
      <skipped/>
    </testcase>
    <testcase name="reserve stock" time="0" classname="PhantomJS 1.9.7 (Windows 7).StockKeeperReserveSpec">
      <skipped/>
    </testcase>
    <testcase name="handler reserve" time="0" classname="PhantomJS 1.9.7 (Windows 7).StockKeeperReserveSpec">
      <skipped/>
    </testcase>
    <testcase name="handler reserve of existent reserved stock" time="0" classname="PhantomJS 1.9.7 (Windows 7).StockKeeperReserveSpec">
      <skipped/>
    </testcase>
    <testcase name="handler reserve of nonexistent stock" time="0" classname="PhantomJS 1.9.7 (Windows 7).StockKeeperReserveSpec">
      <skipped/>
    </testcase>
    <testcase name="should unreserve" time="0" classname="PhantomJS 1.9.7 (Windows 7).StockeeperUnreserveScenario">
      <skipped/>
    </testcase>
    <testcase name="should reject promise" time="0" classname="PhantomJS 1.9.7 (Windows 7).StockeeperUnreserveScenario">
      <skipped/>
    </testcase>
    <testcase name="unreserve stock" time="0" classname="PhantomJS 1.9.7 (Windows 7).StockKeeperUnreserveSpec">
      <skipped/>
    </testcase>
    <testcase name="handler unreserve" time="0" classname="PhantomJS 1.9.7 (Windows 7).StockKeeperUnreserveSpec">
      <skipped/>
    </testcase>
    <testcase name="handler unreserve of existent unreserved stock" time="0" classname="PhantomJS 1.9.7 (Windows 7).StockKeeperUnreserveSpec">
      <skipped/>
    </testcase>
    <testcase name="create a type" time="0" classname="PhantomJS 1.9.7 (Windows 7).Service: TypeKeeperAddScenario">
      <skipped/>
    </testcase>
    <testcase name="should add" time="0" classname="PhantomJS 1.9.7 (Windows 7).Service: TypeKeeper">
      <skipped/>
    </testcase>
    <testcase name="should add with the handler" time="0" classname="PhantomJS 1.9.7 (Windows 7).Service: TypeKeeper">
      <skipped/>
    </testcase>
    <testcase name="should add with the handler at separated places" time="0" classname="PhantomJS 1.9.7 (Windows 7).Service: TypeKeeper">
      <skipped/>
    </testcase>
    <testcase name="should throw error if the obj passed is not an Type" time="0" classname="PhantomJS 1.9.7 (Windows 7).Service: TypeKeeper">
      <skipped/>
    </testcase>
    <testcase name="should throw error if the argument is null" time="0" classname="PhantomJS 1.9.7 (Windows 7).Service: TypeKeeper">
      <skipped/>
    </testcase>
    <testcase name="should throw error if the argument is undefined" time="0" classname="PhantomJS 1.9.7 (Windows 7).Service: TypeKeeper">
      <skipped/>
    </testcase>
    <testcase name="should create a new Type entity" time="0" classname="PhantomJS 1.9.7 (Windows 7).Service: TypeKeeper">
      <skipped/>
    </testcase>
    <testcase name="should create a new Type entity even if null is passed at it&apos;s constructor" time="0" classname="PhantomJS 1.9.7 (Windows 7).Service: TypeKeeper">
      <skipped/>
    </testcase>
    <testcase name="should creat a new Type entity using a generic object" time="0" classname="PhantomJS 1.9.7 (Windows 7).Service: TypeKeeper">
      <skipped/>
    </testcase>
    <testcase name="should not creat a new Type entity using a generic object with less than the mandatory attributes" time="0" classname="PhantomJS 1.9.7 (Windows 7).Service: TypeKeeper">
      <skipped/>
    </testcase>
    <testcase name="should not creat a new Type entity using a generic object if it has more than the mandatory attributes" time="0" classname="PhantomJS 1.9.7 (Windows 7).Service: TypeKeeper">
      <skipped/>
    </testcase>
    <testcase name="should throw error without name" time="0" classname="PhantomJS 1.9.7 (Windows 7).Service: TypeKeeper">
      <skipped/>
    </testcase>
    <testcase name="should throw an error if the constructor recieves more than the mandatory parameters" time="0" classname="PhantomJS 1.9.7 (Windows 7).Service: TypeKeeper">
      <skipped/>
    </testcase>
    <testcase name="cancel a voucher" time="0" classname="PhantomJS 1.9.7 (Windows 7).Service: VoucherKeeperCancelScenario">
      <skipped/>
    </testcase>
    <testcase name="should do something" time="0" classname="PhantomJS 1.9.7 (Windows 7).Service: VoucherKeeperCancelSpec">
      <skipped/>
    </testcase>
    <testcase name="cancel a voucher" time="0" classname="PhantomJS 1.9.7 (Windows 7).Service: VoucherKeeperCancelSpec">
      <skipped/>
    </testcase>
    <testcase name="handle a cancel of a voucher" time="0" classname="PhantomJS 1.9.7 (Windows 7).Service: VoucherKeeperCancelSpec">
      <skipped/>
    </testcase>
    <testcase name="throw exception on cancel" time="0" classname="PhantomJS 1.9.7 (Windows 7).Service: VoucherKeeperCancelSpec">
      <skipped/>
    </testcase>
    <testcase name="throw exception on cancel handler" time="0" classname="PhantomJS 1.9.7 (Windows 7).Service: VoucherKeeperCancelSpec">
      <skipped/>
    </testcase>
    <testcase name="create a voucher" time="0" classname="PhantomJS 1.9.7 (Windows 7).Service: VoucherKeeperCreateScenario">
      <skipped/>
    </testcase>
    <testcase name="should do something" time="0" classname="PhantomJS 1.9.7 (Windows 7).Service: VoucherKeeper">
      <skipped/>
    </testcase>
    <testcase name="should create" time="0" classname="PhantomJS 1.9.7 (Windows 7).Service: VoucherKeeper">
      <skipped/>
    </testcase>
    <testcase name="should not create a voucher with a impostor voucher" time="0" classname="PhantomJS 1.9.7 (Windows 7).Service: VoucherKeeper">
      <skipped/>
    </testcase>
    <testcase name="should exist" time="0" classname="PhantomJS 1.9.7 (Windows 7).Service: VoucherKeeperFactorySpec">
      <skipped/>
    </testcase>
    <testcase name="should not instanciate a voucher without amount" time="0" classname="PhantomJS 1.9.7 (Windows 7).Service: VoucherKeeperFactorySpec">
      <skipped/>
    </testcase>
    <testcase name="should not instanciate a voucher with more than the needed params" time="0" classname="PhantomJS 1.9.7 (Windows 7).Service: VoucherKeeperFactorySpec">
      <skipped/>
    </testcase>
    <testcase name="should instanciate a voucher" time="0" classname="PhantomJS 1.9.7 (Windows 7).Service: VoucherKeeperFactorySpec">
      <skipped/>
    </testcase>
    <testcase name="should not instanciate a voucher without an id" time="0" classname="PhantomJS 1.9.7 (Windows 7).Service: VoucherKeeperFactorySpec">
      <skipped/>
    </testcase>
    <testcase name="should instanciate a voucher with a generic object without all mandatory attributes" time="0" classname="PhantomJS 1.9.7 (Windows 7).Service: VoucherKeeperFactorySpec">
      <skipped/>
    </testcase>
    <testcase name="should instanciate a voucher with a generic object with all mandatory attributes" time="0" classname="PhantomJS 1.9.7 (Windows 7).Service: VoucherKeeperFactorySpec">
      <skipped/>
    </testcase>
    <testcase name="should not instanciate a voucher with a generic object with all mandatory attributes and more" time="0" classname="PhantomJS 1.9.7 (Windows 7).Service: VoucherKeeperFactorySpec">
      <skipped/>
    </testcase>
    <testcase name="should not instanciate a voucher with a generic object with some mandatory attributes and more" time="0" classname="PhantomJS 1.9.7 (Windows 7).Service: VoucherKeeperFactorySpec">
      <skipped/>
    </testcase>
    <testcase name="return list with 0 items" time="0" classname="PhantomJS 1.9.7 (Windows 7).Service: VoucherKeeperListSpec">
      <skipped/>
    </testcase>
    <testcase name="return list with 2 items" time="0" classname="PhantomJS 1.9.7 (Windows 7).Service: VoucherKeeperListSpec">
      <skipped/>
    </testcase>
    <testcase name="redeem a voucher" time="0" classname="PhantomJS 1.9.7 (Windows 7).Service: VoucherKeeperRedeemScenario">
      <skipped/>
    </testcase>
    <testcase name="should do something" time="0" classname="PhantomJS 1.9.7 (Windows 7).Service: VoucherKeeperRedeemSpec">
      <skipped/>
    </testcase>
    <testcase name="redeem - public call" time="0" classname="PhantomJS 1.9.7 (Windows 7).Service: VoucherKeeperRedeemSpec">
      <skipped/>
    </testcase>
    <testcase name="handle a redeem - private call" time="0" classname="PhantomJS 1.9.7 (Windows 7).Service: VoucherKeeperRedeemSpec">
      <skipped/>
    </testcase>
    <testcase name="throw exception - public call" time="0" classname="PhantomJS 1.9.7 (Windows 7).Service: VoucherKeeperRedeemSpec">
      <skipped/>
    </testcase>
    <testcase name="throw exception - private call" time="0" classname="PhantomJS 1.9.7 (Windows 7).Service: VoucherKeeperRedeemSpec">
      <skipped/>
    </testcase>
    <testcase name="should create" time="0" classname="PhantomJS 1.9.7 (Windows 7).Service: AppointmentServiceAddScenario">
      <skipped/>
    </testcase>
    <testcase name="should create a appointment instance" time="0" classname="PhantomJS 1.9.7 (Windows 7).Service: AppointmentServiceAddSpec">
      <skipped/>
    </testcase>
    <testcase name="shouldn&apos;t create a appointment instance" time="0" classname="PhantomJS 1.9.7 (Windows 7).Service: AppointmentServiceAddSpec">
      <skipped/>
    </testcase>
    <testcase name="should return full list copy" time="0" classname="PhantomJS 1.9.7 (Windows 7).Service: AppointmentServiceListSpec">
      <skipped/>
    </testcase>
    <testcase name="shouldn&apos;t return full list copy" time="0" classname="PhantomJS 1.9.7 (Windows 7).Service: AppointmentServiceListSpec">
      <skipped/>
    </testcase>
[...]
    </testcase>
    <testcase name="should fail to redeem, voucher not found" time="0" classname="PhantomJS 1.9.7 (Windows 7).Service: Voucherservice">
      <skipped/>
    </testcase>
    <testcase name="should fail to redeem, already canceled" time="0" classname="PhantomJS 1.9.7 (Windows 7).Service: Voucherservice">
      <skipped/>
    </testcase>
    <testcase name="should fail to redeem, already redeemed" time="0" classname="PhantomJS 1.9.7 (Windows 7).Service: Voucherservice">
      <skipped/>
    </testcase>
    <testcase name="is accessible" time="0" classname="PhantomJS 1.9.7 (Windows 7).WarmupService">
      <skipped/>
    </testcase>
    <testcase name="is an object" time="0" classname="PhantomJS 1.9.7 (Windows 7).WarmupService">
      <skipped/>
    </testcase>
    <testcase name="is accessible" time="0" classname="PhantomJS 1.9.7 (Windows 7).WarmupService _local">
      <skipped/>
    </testcase>
    <testcase name="is an object" time="0" classname="PhantomJS 1.9.7 (Windows 7).WarmupService _local">
      <skipped/>
    </testcase>
    <testcase name="gets data stored in localStorage if any" time="0" classname="PhantomJS 1.9.7 (Windows 7).WarmupService _local">
      <skipped/>
    </testcase>
    <testcase name="is an empty object if no data has been stored" time="0" classname="PhantomJS 1.9.7 (Windows 7).WarmupService _local">
      <skipped/>
    </testcase>
    <testcase name="is accessible" time="0" classname="PhantomJS 1.9.7 (Windows 7).WarmupService _getLocalData()">
      <skipped/>
    </testcase>
    <testcase name="is a function" time="0" classname="PhantomJS 1.9.7 (Windows 7).WarmupService _getLocalData()">
      <skipped/>
    </testcase>
    <testcase name="gets the data from localStorage" time="0" classname="PhantomJS 1.9.7 (Windows 7).WarmupService _getLocalData()">
      <skipped/>
    </testcase>
    <testcase name="parses the data" time="0" classname="PhantomJS 1.9.7 (Windows 7).WarmupService _getLocalData()">
      <skipped/>
    </testcase>
    <testcase name="returns an empty object if no data is set" time="0" classname="PhantomJS 1.9.7 (Windows 7).WarmupService _getLocalData()">
      <skipped/>
    </testcase>
    <testcase name="is accessible" time="0" classname="PhantomJS 1.9.7 (Windows 7).WarmupService _setLocalData()">
      <skipped/>
    </testcase>
    <testcase name="is a function" time="0" classname="PhantomJS 1.9.7 (Windows 7).WarmupService _setLocalData()">
      <skipped/>
    </testcase>
    <testcase name="stores a warmup object in localStorage" time="0" classname="PhantomJS 1.9.7 (Windows 7).WarmupService _setLocalData()">
      <skipped/>
    </testcase>
    <testcase name="stringifies data before storing" time="0" classname="PhantomJS 1.9.7 (Windows 7).WarmupService _setLocalData()">
      <skipped/>
    </testcase>
    <testcase name="updates the .local attribute" time="0" classname="PhantomJS 1.9.7 (Windows 7).WarmupService _setLocalData()">
      <skipped/>
    </testcase>
    <testcase name="is accessible" time="0" classname="PhantomJS 1.9.7 (Windows 7).WarmupService _updateLocalData()">
      <skipped/>
    </testcase>
    <testcase name="is a function" time="0" classname="PhantomJS 1.9.7 (Windows 7).WarmupService _updateLocalData()">
      <skipped/>
    </testcase>
    <testcase name="returns a promise" time="0" classname="PhantomJS 1.9.7 (Windows 7).WarmupService _updateLocalData()">
      <skipped/>
    </testcase>
    <testcase name="gets data for the given timestamp from remote storage" time="0" classname="PhantomJS 1.9.7 (Windows 7).WarmupService _updateLocalData()">
      <skipped/>
    </testcase>
    <testcase name="sets local data" time="0" classname="PhantomJS 1.9.7 (Windows 7).WarmupService _updateLocalData() when data is found">
      <skipped/>
    </testcase>
    <testcase name="resolves the promise" time="0" classname="PhantomJS 1.9.7 (Windows 7).WarmupService _updateLocalData() when data is found">
      <skipped/>
    </testcase>
    <testcase name="passes the timestamp to the promise resolution" time="0" classname="PhantomJS 1.9.7 (Windows 7).WarmupService _updateLocalData() when data is found">
      <skipped/>
    </testcase>
    <testcase name="broadcasts the LocalWarmupDataUpdated event" time="0" classname="PhantomJS 1.9.7 (Windows 7).WarmupService _updateLocalData() when data is found">
      <skipped/>
    </testcase>
    <testcase name="logs a fatal" time="0" classname="PhantomJS 1.9.7 (Windows 7).WarmupService _updateLocalData() when data is not found">
      <skipped/>
    </testcase>
    <testcase name="rejects the returned promise if no data is found" time="0" classname="PhantomJS 1.9.7 (Windows 7).WarmupService _updateLocalData() when data is not found">
      <skipped/>
    </testcase>
    <testcase name="is accessible" time="0" classname="PhantomJS 1.9.7 (Windows 7).WarmupService _setRemoteData()">
      <skipped/>
    </testcase>
    <testcase name="is a function" time="0" classname="PhantomJS 1.9.7 (Windows 7).WarmupService _setRemoteData()">
      <skipped/>
    </testcase>
    <testcase name="returns a promise" time="0" classname="PhantomJS 1.9.7 (Windows 7).WarmupService _setRemoteData()">
      <skipped/>
    </testcase>
    <testcase name="sets remote data for the given timestamp" time="0" classname="PhantomJS 1.9.7 (Windows 7).WarmupService _setRemoteData()">
      <skipped/>
    </testcase>
    <testcase name="does not set remote data if data for the given timestamp already exists" time="0" classname="PhantomJS 1.9.7 (Windows 7).WarmupService _setRemoteData()">
      <skipped/>
    </testcase>
    <testcase name="rejects the promise if unable to store the data" time="0" classname="PhantomJS 1.9.7 (Windows 7).WarmupService _setRemoteData()">
      <skipped/>
    </testcase>
    <testcase name="rejects the promise if data already exists" time="0" classname="PhantomJS 1.9.7 (Windows 7).WarmupService _setRemoteData()">
      <skipped/>
    </testcase>
    <testcase name="resolves the promise when data is stored" time="0" classname="PhantomJS 1.9.7 (Windows 7).WarmupService _setRemoteData()">
      <skipped/>
    </testcase>
    <testcase name="passes a timestamp when promise is resolved" time="0" classname="PhantomJS 1.9.7 (Windows 7).WarmupService _setRemoteData()">
      <skipped/>
    </testcase>
    <testcase name="is accessible" time="0" classname="PhantomJS 1.9.7 (Windows 7).WarmupService _setRemoteTimestamp()">
      <skipped/>
    </testcase>
    <testcase name="is a function" time="0" classname="PhantomJS 1.9.7 (Windows 7).WarmupService _setRemoteTimestamp()">
      <skipped/>
    </testcase>
    <testcase name="returns a promise" time="0" classname="PhantomJS 1.9.7 (Windows 7).WarmupService _setRemoteTimestamp()">
      <skipped/>
    </testcase>
    <testcase name="sets the timestamp attribute in the given reference" time="0" classname="PhantomJS 1.9.7 (Windows 7).WarmupService _setRemoteTimestamp()">
      <skipped/>
    </testcase>
    <testcase name="sets the timestamp if it is newer than the one already stored" time="0" classname="PhantomJS 1.9.7 (Windows 7).WarmupService _setRemoteTimestamp()">
      <skipped/>
    </testcase>
    <testcase name="resolves the promise if the timestamp is newer than the one already stored" time="0" classname="PhantomJS 1.9.7 (Windows 7).WarmupService _setRemoteTimestamp()">
      <skipped/>
    </testcase>
    <testcase name="sets the timestamp if there&apos;s no timestamp set" time="0" classname="PhantomJS 1.9.7 (Windows 7).WarmupService _setRemoteTimestamp()">
      <skipped/>
    </testcase>
    <testcase name="resolves the promise if there&apos;s no timestamp set" time="0" classname="PhantomJS 1.9.7 (Windows 7).WarmupService _setRemoteTimestamp()">
      <skipped/>
    </testcase>
    <testcase name="does not set the timestamp if it is older than the one stored" time="0" classname="PhantomJS 1.9.7 (Windows 7).WarmupService _setRemoteTimestamp()">
      <skipped/>
    </testcase>
    <testcase name="rejects the promise if the timestamp is older than the one stored" time="0" classname="PhantomJS 1.9.7 (Windows 7).WarmupService _setRemoteTimestamp()">
      <skipped/>
    </testcase>
    <testcase name="does not set the timestamp if it is equal the one stored" time="0" classname="PhantomJS 1.9.7 (Windows 7).WarmupService _setRemoteTimestamp()">
      <skipped/>
    </testcase>
    <testcase name="resolves the promise if the timestamp is equal the one stored" time="0" classname="PhantomJS 1.9.7 (Windows 7).WarmupService _setRemoteTimestamp()">
      <skipped/>
    </testcase>
    <testcase name="rejects the promise if unable to store the timestamp" time="0" classname="PhantomJS 1.9.7 (Windows 7).WarmupService _setRemoteTimestamp()">
      <skipped/>
    </testcase>
    <testcase name="is accessible" time="0" classname="PhantomJS 1.9.7 (Windows 7).WarmupService _updateRemoteData()">
      <skipped/>
    </testcase>
    <testcase name="is a function" time="0" classname="PhantomJS 1.9.7 (Windows 7).WarmupService _updateRemoteData()">
      <skipped/>
    </testcase>
    <testcase name="returns a promise" time="0" classname="PhantomJS 1.9.7 (Windows 7).WarmupService _updateRemoteData()">
      <skipped/>
    </testcase>
    <testcase name="rejects the promise if no reference is given" time="0" classname="PhantomJS 1.9.7 (Windows 7).WarmupService _updateRemoteData()">
      <skipped/>
    </testcase>
    <testcase name="rejects the promise if no timestamp is given" time="0" classname="PhantomJS 1.9.7 (Windows 7).WarmupService _updateRemoteData()">
      <skipped/>
    </testcase>
    <testcase name="sets the remote data for the given timestamp" time="0" classname="PhantomJS 1.9.7 (Windows 7).WarmupService _updateRemoteData()">
      <skipped/>
    </testcase>
    <testcase name="sets the remote timestamp once the data is set for it" time="0" classname="PhantomJS 1.9.7 (Windows 7).WarmupService _updateRemoteData()">
      <skipped/>
    </testcase>
    <testcase name="does not set the remote timestamp if it fails to store the data" time="0" classname="PhantomJS 1.9.7 (Windows 7).WarmupService _updateRemoteData()">
      <skipped/>
    </testcase>
    <testcase name="broadcasts the RemoteWarmupDataUpdated event when the remote timestamp is set" time="0" classname="PhantomJS 1.9.7 (Windows 7).WarmupService _updateRemoteData()">
      <skipped/>
    </testcase>
    <testcase name="does not broadcasts the event if failed to set remote timestamp" time="0" classname="PhantomJS 1.9.7 (Windows 7).WarmupService _updateRemoteData()">
      <skipped/>
    </testcase>
    <testcase name="does not broadcasts the event if failed to set remote data" time="0" classname="PhantomJS 1.9.7 (Windows 7).WarmupService _updateRemoteData()">
      <skipped/>
    </testcase>
    <testcase name="is accessible" time="0" classname="PhantomJS 1.9.7 (Windows 7).WarmupService _watchRemoteData()">
      <skipped/>
    </testcase>
    <testcase name="is a function" time="0" classname="PhantomJS 1.9.7 (Windows 7).WarmupService _watchRemoteData()">
      <skipped/>
    </testcase>
    <testcase name="does nothing if no reference is given" time="0" classname="PhantomJS 1.9.7 (Windows 7).WarmupService _watchRemoteData()">
      <skipped/>
    </testcase>
    <testcase name="logs an error if no reference is given" time="0" classname="PhantomJS 1.9.7 (Windows 7).WarmupService _watchRemoteData()">
      <skipped/>
    </testcase>
    <testcase name="listens to change on the remote timestamp" time="0" classname="PhantomJS 1.9.7 (Windows 7).WarmupService _watchRemoteData()">
      <skipped/>
    </testcase>
    <testcase name="updates local data when local data is not set" time="0" classname="PhantomJS 1.9.7 (Windows 7).WarmupService _watchRemoteData()">
      <skipped/>
    </testcase>
    <testcase name="updates local data when remote timestamp is newer" time="0" classname="PhantomJS 1.9.7 (Windows 7).WarmupService _watchRemoteData()">
      <skipped/>
    </testcase>
    <testcase name="updates remote data when remote data is not set" time="0" classname="PhantomJS 1.9.7 (Windows 7).WarmupService _watchRemoteData()">
      <skipped/>
    </testcase>
    <testcase name="updates remote data when local timestamp is newer" time="0" classname="PhantomJS 1.9.7 (Windows 7).WarmupService _watchRemoteData()">
      <skipped/>
    </testcase>
    <testcase name="does nothing if nor local nor remote data are set" time="0" classname="PhantomJS 1.9.7 (Windows 7).WarmupService _watchRemoteData()">
      <skipped/>
    </testcase>
    <testcase name="does nothing if local and remote timestamps are the same" time="0" classname="PhantomJS 1.9.7 (Windows 7).WarmupService _watchRemoteData()">
      <skipped/>
    </testcase>
    <testcase name="should be there" time="0" classname="PhantomJS 1.9.7 (Windows 7).Service: WebSQLDriver_transaction">
      <skipped/>
    </testcase>
    <testcase name="should create bucket" time="0" classname="PhantomJS 1.9.7 (Windows 7).Service: WebSQLDriver_transaction">
      <skipped/>
    </testcase>
    <testcase name="should fail with wrong metaVersion" time="0" classname="PhantomJS 1.9.7 (Windows 7).Service: WebSQLDriver_transaction">
      <skipped/>
    </testcase>
    <testcase name="should be there" time="0" classname="PhantomJS 1.9.7 (Windows 7).Service: WebSQLDriver_dropBucket">
      <skipped/>
    </testcase>
    <testcase name="should drop bucket" time="0" classname="PhantomJS 1.9.7 (Windows 7).Service: WebSQLDriver_dropBucket">
      <skipped/>
    </testcase>
    <testcase name="should be there" time="0" classname="PhantomJS 1.9.7 (Windows 7).Service: WebSQLDriver_find">
      <skipped/>
    </testcase>
    <testcase name="should return a object" time="0" classname="PhantomJS 1.9.7 (Windows 7).Service: WebSQLDriver_find">
      <skipped/>
    </testcase>
    <testcase name="shouldn&apos;t return a object" time="0" classname="PhantomJS 1.9.7 (Windows 7).Service: WebSQLDriver_find">
      <skipped/>
    </testcase>
    <testcase name="should throw an error" time="0" classname="PhantomJS 1.9.7 (Windows 7).Service: WebSQLDriver_find">
      <skipped/>
    </testcase>
    <testcase name="should be there" time="0" classname="PhantomJS 1.9.7 (Windows 7).Service: WebSQLDriver_list">
      <skipped/>
    </testcase>
    <testcase name="should return a list with objects without parameters" time="0" classname="PhantomJS 1.9.7 (Windows 7).Service: WebSQLDriver_list">
      <skipped/>
    </testcase>
    <testcase name="should return a list with objects with parameters" time="0" classname="PhantomJS 1.9.7 (Windows 7).Service: WebSQLDriver_list">
      <skipped/>
    </testcase>
    <testcase name="should be there" time="0" classname="PhantomJS 1.9.7 (Windows 7).Service: WebSQLDriver_persist">
      <skipped/>
    </testcase>
    <testcase name="should persist right at bucket with anyorder of attributes" time="0" classname="PhantomJS 1.9.7 (Windows 7).Service: WebSQLDriver_persist">
      <skipped/>
    </testcase>
    <testcase name="shouldn&apos;t persist if the key already exists at the bucket" time="0" classname="PhantomJS 1.9.7 (Windows 7).Service: WebSQLDriver_persist">
      <skipped/>
    </testcase>
    <testcase name="shouldn&apos;t persist at bucket without a key" time="0" classname="PhantomJS 1.9.7 (Windows 7).Service: WebSQLDriver_persist">
      <skipped/>
    </testcase>
    <testcase name="should persist at bucket with a key" time="0" classname="PhantomJS 1.9.7 (Windows 7).Service: WebSQLDriver_persist">
      <skipped/>
    </testcase>
    <testcase name="should persist if the number of columns does not fits the bucket attributes" time="0" classname="PhantomJS 1.9.7 (Windows 7).Service: WebSQLDriver_persist">
      <skipped/>
    </testcase>
    <testcase name="shouldn&apos;t persist if the columns&apos;s labels are different from the bucket&apos;s" time="0" classname="PhantomJS 1.9.7 (Windows 7).Service: WebSQLDriver_persist">
      <skipped/>
    </testcase>
    <testcase name="should be here" time="0" classname="PhantomJS 1.9.7 (Windows 7).Service: WebSQLDriver_remove">
      <skipped/>
    </testcase>
    <testcase name="should remove an object" time="0" classname="PhantomJS 1.9.7 (Windows 7).Service: WebSQLDriver_remove">
      <skipped/>
    </testcase>
    <testcase name="should remove an object" time="0" classname="PhantomJS 1.9.7 (Windows 7).Service: WebSQLDriver_remove">
      <skipped/>
    </testcase>
    <testcase name="should remove an object" time="0" classname="PhantomJS 1.9.7 (Windows 7).Service: WebSQLDriver_remove">
      <skipped/>
    </testcase>
    <testcase name="should not remove an object" time="0" classname="PhantomJS 1.9.7 (Windows 7).Service: WebSQLDriver_remove">
      <skipped/>
    </testcase>
    <testcase name="should not remove an object" time="0" classname="PhantomJS 1.9.7 (Windows 7).Service: WebSQLDriver_remove">
      <skipped/>
    </testcase>
    <testcase name="should be there" time="0" classname="PhantomJS 1.9.7 (Windows 7).Service: WebSQLDriver_transaction">
      <skipped/>
    </testcase>
    <testcase name="should resolve transaction" time="0" classname="PhantomJS 1.9.7 (Windows 7).Service: WebSQLDriver_transaction">
      <skipped/>
    </testcase>
    <testcase name="should resolve transaction with failure" time="0" classname="PhantomJS 1.9.7 (Windows 7).Service: WebSQLDriver_transaction">
      <skipped/>
    </testcase>
    <testcase name="should be there" time="0" classname="PhantomJS 1.9.7 (Windows 7).Service: WebSQLDriver_update">
      <skipped/>
    </testcase>
    <testcase name="should update a bucket&apos;s item" time="0" classname="PhantomJS 1.9.7 (Windows 7).Service: WebSQLDriver_update">
      <skipped/>
    </testcase>
    <testcase name="should update more than one bucket&apos;s item with a partial object" time="0" classname="PhantomJS 1.9.7 (Windows 7).Service: WebSQLDriver_update">
      <skipped/>
    </testcase>
    <testcase name="should not update if the parameters object is not passed" time="0" classname="PhantomJS 1.9.7 (Windows 7).Service: WebSQLDriver_update">
      <skipped/>
    </testcase>
    <testcase name="should not update if the parameters object has an invalid propriety" time="0" classname="PhantomJS 1.9.7 (Windows 7).Service: WebSQLDriver_update">
      <skipped/>
    </testcase>
    <testcase name="should not update if the update object have some invalid parameters" time="0" classname="PhantomJS 1.9.7 (Windows 7).Service: WebSQLDriver_update">
      <skipped/>
    </testcase>
    <testcase name="should not update an inexistent bucket&apos;s item" time="0" classname="PhantomJS 1.9.7 (Windows 7).Service: WebSQLDriver_update">
      <skipped/>
    </testcase>
    <testcase name="should do something" time="0" classname="PhantomJS 1.9.7 (Windows 7).Service: FinancialMathService">
      <skipped/>
    </testcase>
    <testcase name="should do something" time="0" classname="PhantomJS 1.9.7 (Windows 7).Service: Log">
      <skipped/>
    </testcase>
    <testcase name="should do something" time="0" classname="PhantomJS 1.9.7 (Windows 7).Service: Misplacedservice">
      <skipped/>
    </testcase>
    <testcase name="should calc" time="0" classname="PhantomJS 1.9.7 (Windows 7).Service: Misplacedservice">
      <skipped/>
    </testcase>
    <testcase name="should calc neg" time="0" classname="PhantomJS 1.9.7 (Windows 7).Service: Misplacedservice">
      <skipped/>
    </testcase>
    <testcase name="should recalc" time="0" classname="PhantomJS 1.9.7 (Windows 7).Service: Misplacedservice">
      <skipped/>
    </testcase>
    <testcase name="should not crash" time="0" classname="PhantomJS 1.9.7 (Windows 7).Service: Misplacedservice">
      <skipped/>
    </testcase>
    <testcase name="should do something" time="0" classname="PhantomJS 1.9.7 (Windows 7).Service: ReportService">
      <skipped/>
    </testcase>
    <system-out><![CDATA[
]]></system-out>
    <system-err/>
  </testsuite>
</testsuites>
